data directory: ../MolNet-data/
threshold: 4.5
number of epochs: 600
batch_size 4
number of data loader workers: 8
neural network size: 16
--------------------------------------------------------
generating training dataset...
folds:  [2, 3, 4, 5]
class name to integer map:  {'control': 0, 'nucleotide': 1}
getting data from following folders:  ['../MolNet-data/control/fold_2', '../MolNet-data/control/fold_3', '../MolNet-data/control/fold_4', '../MolNet-data/control/fold_5', '../MolNet-data/nucleotide/fold_2', '../MolNet-data/nucleotide/fold_3', '../MolNet-data/nucleotide/fold_4', '../MolNet-data/nucleotide/fold_5']
folder classes:  [0, 0, 0, 0, 1, 1, 1, 1]
lengths of the folders:  [389, 389, 389, 389, 311, 311, 310, 310]
--------------------------------------------------------
generating validation dataset...
folds:  [1]
class name to integer map:  {'control': 0, 'nucleotide': 1}
getting data from following folders:  ['../MolNet-data/control/fold_1', '../MolNet-data/nucleotide/fold_1']
folder classes:  [0, 1]
lengths of the folders:  [390, 311]
model architecture:
Net(
  (conv1): GINConv(nn=Sequential(
    (0): Linear(in_features=3, out_features=16, bias=True)
    (1): ReLU()
    (2): Linear(in_features=16, out_features=16, bias=True)
  ))
  (bn1): BatchNorm1d(16, eps=1e-05, momentum=0.1, affine=True, track_running_stats=True)
  (conv2): GINConv(nn=Sequential(
    (0): Linear(in_features=16, out_features=16, bias=True)
    (1): ReLU()
    (2): Linear(in_features=16, out_features=16, bias=True)
  ))
  (bn2): BatchNorm1d(16, eps=1e-05, momentum=0.1, affine=True, track_running_stats=True)
  (conv3): GINConv(nn=Sequential(
    (0): Linear(in_features=16, out_features=16, bias=True)
    (1): ReLU()
    (2): Linear(in_features=16, out_features=16, bias=True)
  ))
  (bn3): BatchNorm1d(16, eps=1e-05, momentum=0.1, affine=True, track_running_stats=True)
  (conv4): GINConv(nn=Sequential(
    (0): Linear(in_features=16, out_features=16, bias=True)
    (1): ReLU()
    (2): Linear(in_features=16, out_features=16, bias=True)
  ))
  (bn4): BatchNorm1d(16, eps=1e-05, momentum=0.1, affine=True, track_running_stats=True)
  (conv5): GINConv(nn=Sequential(
    (0): Linear(in_features=16, out_features=16, bias=True)
    (1): ReLU()
    (2): Linear(in_features=16, out_features=16, bias=True)
  ))
  (bn5): BatchNorm1d(16, eps=1e-05, momentum=0.1, affine=True, track_running_stats=True)
  (conv6): GINConv(nn=Sequential(
    (0): Linear(in_features=16, out_features=16, bias=True)
    (1): ReLU()
    (2): Linear(in_features=16, out_features=16, bias=True)
  ))
  (bn6): BatchNorm1d(16, eps=1e-05, momentum=0.1, affine=True, track_running_stats=True)
  (fc1): Linear(in_features=16, out_features=16, bias=True)
  (fc2): Linear(in_features=16, out_features=2, bias=True)
)
optimizer:
Adam (
Parameter Group 0
    amsgrad: True
    betas: (0.9, 0.999)
    eps: 1e-08
    lr: 0.001
    weight_decay: 0
)
begin training...
Epoch: 001, Train Loss: 1.6146420, Train Acc: 0.5711222, Val Loss: 0.7680544, Val Acc: 0.5905849
Epoch: 002, Train Loss: 0.6674442, Train Acc: 0.6043603, Val Loss: 0.6671588, Val Acc: 0.6918688
Epoch: 003, Train Loss: 0.6376618, Train Acc: 0.6451036, Val Loss: 0.6734498, Val Acc: 0.6191155
Epoch: 004, Train Loss: 0.6187704, Train Acc: 0.6726233, Val Loss: 0.6581661, Val Acc: 0.6704708
Epoch: 005, Train Loss: 0.6087287, Train Acc: 0.6751251, Val Loss: 0.5913019, Val Acc: 0.6904422
Epoch: 006, Train Loss: 0.6106962, Train Acc: 0.6579700, Val Loss: 0.6188707, Val Acc: 0.6990014
Epoch: 007, Train Loss: 0.5950478, Train Acc: 0.6729807, Val Loss: 0.6073336, Val Acc: 0.7104137
Epoch: 008, Train Loss: 0.6029542, Train Acc: 0.6840600, Val Loss: 0.5622713, Val Acc: 0.7104137
Epoch: 009, Train Loss: 0.5827476, Train Acc: 0.6851322, Val Loss: 0.5920614, Val Acc: 0.7360913
Epoch: 010, Train Loss: 0.6077435, Train Acc: 0.6576126, Val Loss: 0.5756649, Val Acc: 0.7118402
Epoch: 011, Train Loss: 0.5876970, Train Acc: 0.6872766, Val Loss: 0.6026956, Val Acc: 0.7232525
Epoch: 012, Train Loss: 0.5895530, Train Acc: 0.6761973, Val Loss: 0.6348014, Val Acc: 0.7047076
Epoch: 013, Train Loss: 0.5770648, Train Acc: 0.6879914, Val Loss: 0.6241915, Val Acc: 0.7189729
Epoch: 014, Train Loss: 0.5783960, Train Acc: 0.6865618, Val Loss: 0.5567993, Val Acc: 0.7203994
Epoch: 015, Train Loss: 0.5758451, Train Acc: 0.6883488, Val Loss: 0.6023664, Val Acc: 0.7261056
Epoch: 016, Train Loss: 0.5752054, Train Acc: 0.6983560, Val Loss: 0.6749542, Val Acc: 0.7104137
Epoch: 017, Train Loss: 0.5624677, Train Acc: 0.6969264, Val Loss: 0.6024543, Val Acc: 0.7104137
Epoch: 018, Train Loss: 0.6053584, Train Acc: 0.6865618, Val Loss: 0.5594963, Val Acc: 0.7032810
Epoch: 019, Train Loss: 0.5846273, Train Acc: 0.6829878, Val Loss: 0.5558625, Val Acc: 0.7232525
Epoch: 020, Train Loss: 0.5837727, Train Acc: 0.6958542, Val Loss: 0.5525155, Val Acc: 0.7146933
Epoch: 021, Train Loss: 0.5788526, Train Acc: 0.7005004, Val Loss: 0.5526021, Val Acc: 0.7175464
Epoch: 022, Train Loss: 0.5835567, Train Acc: 0.6862044, Val Loss: 0.5801573, Val Acc: 0.6932953
Epoch: 023, Train Loss: 0.5765534, Train Acc: 0.6965690, Val Loss: 0.5464406, Val Acc: 0.7289586
Epoch: 024, Train Loss: 0.5729113, Train Acc: 0.6929950, Val Loss: 0.5874515, Val Acc: 0.7346648
Epoch: 025, Train Loss: 0.5665398, Train Acc: 0.6990708, Val Loss: 0.5455889, Val Acc: 0.7232525
Epoch: 026, Train Loss: 0.5732814, Train Acc: 0.7080057, Val Loss: 0.5510994, Val Acc: 0.7289586
Epoch: 027, Train Loss: 0.5901613, Train Acc: 0.6858470, Val Loss: 0.5532426, Val Acc: 0.7275321
Epoch: 028, Train Loss: 0.5671591, Train Acc: 0.6958542, Val Loss: 0.5550324, Val Acc: 0.7332382
Epoch: 029, Train Loss: 0.5710308, Train Acc: 0.6944246, Val Loss: 0.5799862, Val Acc: 0.7161198
Epoch: 030, Train Loss: 0.5766909, Train Acc: 0.6976412, Val Loss: 0.5939261, Val Acc: 0.7175464
Epoch: 031, Train Loss: 0.5781385, Train Acc: 0.6912080, Val Loss: 0.5696981, Val Acc: 0.7189729
Epoch: 032, Train Loss: 0.5646964, Train Acc: 0.7105075, Val Loss: 0.5450470, Val Acc: 0.7246790
Epoch: 033, Train Loss: 0.5667658, Train Acc: 0.6862044, Val Loss: 0.5530462, Val Acc: 0.7275321
Epoch: 034, Train Loss: 0.5650556, Train Acc: 0.7012152, Val Loss: 0.5529374, Val Acc: 0.7289586
Epoch: 035, Train Loss: 0.5759744, Train Acc: 0.6876340, Val Loss: 0.5581965, Val Acc: 0.7332382
Epoch: 036, Train Loss: 0.5669149, Train Acc: 0.7062187, Val Loss: 0.5915981, Val Acc: 0.7047076
Epoch: 037, Train Loss: 0.5766059, Train Acc: 0.6929950, Val Loss: 0.5936975, Val Acc: 0.7075606
Epoch: 038, Train Loss: 0.5839348, Train Acc: 0.6765547, Val Loss: 0.5595051, Val Acc: 0.7089872
Epoch: 039, Train Loss: 0.5753984, Train Acc: 0.6965690, Val Loss: 0.5665134, Val Acc: 0.7161198
Epoch: 040, Train Loss: 0.5666737, Train Acc: 0.6919228, Val Loss: 0.5702219, Val Acc: 0.7161198
Epoch: 041, Train Loss: 0.5509686, Train Acc: 0.7105075, Val Loss: 0.5517305, Val Acc: 0.7104137
Epoch: 042, Train Loss: 0.5845698, Train Acc: 0.6922802, Val Loss: 0.5491324, Val Acc: 0.7203994
Epoch: 043, Train Loss: 0.5659744, Train Acc: 0.6919228, Val Loss: 0.5400103, Val Acc: 0.7261056
Epoch: 044, Train Loss: 0.5706177, Train Acc: 0.7008578, Val Loss: 0.5624725, Val Acc: 0.7047076
Epoch: 045, Train Loss: 0.5608144, Train Acc: 0.7087205, Val Loss: 0.5443688, Val Acc: 0.7275321
Epoch: 046, Train Loss: 0.5742231, Train Acc: 0.6951394, Val Loss: 0.5723883, Val Acc: 0.7004280
Epoch: 047, Train Loss: 0.5683829, Train Acc: 0.7040743, Val Loss: 0.5596803, Val Acc: 0.7218260
Epoch: 048, Train Loss: 0.5692983, Train Acc: 0.7062187, Val Loss: 0.5841177, Val Acc: 0.7232525
Epoch: 049, Train Loss: 0.5730914, Train Acc: 0.7030021, Val Loss: 0.5513254, Val Acc: 0.7246790
Epoch: 050, Train Loss: 0.5676622, Train Acc: 0.6954968, Val Loss: 0.5460302, Val Acc: 0.7246790
Epoch: 051, Train Loss: 0.5653550, Train Acc: 0.6887062, Val Loss: 0.5751937, Val Acc: 0.7118402
Epoch: 052, Train Loss: 0.5627207, Train Acc: 0.6990708, Val Loss: 0.5682593, Val Acc: 0.7146933
Epoch: 053, Train Loss: 0.5708010, Train Acc: 0.7001430, Val Loss: 0.5774406, Val Acc: 0.7104137
Epoch: 054, Train Loss: 0.5619771, Train Acc: 0.7044317, Val Loss: 0.5435313, Val Acc: 0.7246790
Epoch: 055, Train Loss: 0.5489393, Train Acc: 0.7065761, Val Loss: 0.5540604, Val Acc: 0.7360913
Epoch: 056, Train Loss: 0.5647879, Train Acc: 0.7008578, Val Loss: 0.5763444, Val Acc: 0.7132668
Epoch: 057, Train Loss: 0.5688599, Train Acc: 0.7072909, Val Loss: 0.6319023, Val Acc: 0.7018545
Epoch: 058, Train Loss: 0.5626510, Train Acc: 0.7122945, Val Loss: 0.5828369, Val Acc: 0.7089872
Epoch: 059, Train Loss: 0.5645987, Train Acc: 0.7008578, Val Loss: 0.6505211, Val Acc: 0.7047076
Epoch: 060, Train Loss: 0.5692131, Train Acc: 0.6922802, Val Loss: 0.5609359, Val Acc: 0.7175464
Epoch: 061, Train Loss: 0.5565223, Train Acc: 0.7047891, Val Loss: 0.5515588, Val Acc: 0.7203994
Epoch: 062, Train Loss: 0.5532090, Train Acc: 0.7112223, Val Loss: 0.6259562, Val Acc: 0.7118402
Epoch: 063, Train Loss: 0.5712253, Train Acc: 0.6965690, Val Loss: 0.6719585, Val Acc: 0.6861626
Epoch: 064, Train Loss: 0.5560898, Train Acc: 0.6987134, Val Loss: 0.7752162, Val Acc: 0.6847361
Epoch: 065, Train Loss: 0.5410519, Train Acc: 0.7101501, Val Loss: 0.6425065, Val Acc: 0.7146933
Epoch: 066, Train Loss: 0.5466796, Train Acc: 0.7137241, Val Loss: 0.6664249, Val Acc: 0.7460770
Epoch: 067, Train Loss: 0.5542919, Train Acc: 0.7187277, Val Loss: 0.6086519, Val Acc: 0.7360913
Epoch: 068, Train Loss: 0.5622747, Train Acc: 0.7008578, Val Loss: 0.7714723, Val Acc: 0.6718973
Epoch: 069, Train Loss: 0.5619304, Train Acc: 0.7080057, Val Loss: 0.6657469, Val Acc: 0.6975749
Epoch: 070, Train Loss: 0.5491373, Train Acc: 0.7108649, Val Loss: 0.6465147, Val Acc: 0.7047076
Epoch: 071, Train Loss: 0.5596005, Train Acc: 0.7108649, Val Loss: 0.5810285, Val Acc: 0.7175464
Epoch: 072, Train Loss: 0.5578730, Train Acc: 0.7008578, Val Loss: 0.6361414, Val Acc: 0.7289586
Epoch: 073, Train Loss: 0.5523452, Train Acc: 0.7040743, Val Loss: 0.6607855, Val Acc: 0.7189729
Epoch: 074, Train Loss: 0.5581983, Train Acc: 0.7044317, Val Loss: 0.6289047, Val Acc: 0.7275321
Epoch: 075, Train Loss: 0.5351811, Train Acc: 0.7248034, Val Loss: 0.5951536, Val Acc: 0.7261056
Epoch: 076, Train Loss: 0.5456354, Train Acc: 0.7194425, Val Loss: 0.8012294, Val Acc: 0.6975749
Epoch: 077, Train Loss: 0.5548520, Train Acc: 0.7055039, Val Loss: 0.7570491, Val Acc: 0.7118402
Epoch: 078, Train Loss: 0.5529275, Train Acc: 0.7076483, Val Loss: 0.8809165, Val Acc: 0.6861626
Epoch: 079, Train Loss: 0.5547817, Train Acc: 0.7065761, Val Loss: 0.6589716, Val Acc: 0.7104137
Epoch: 080, Train Loss: 0.5388951, Train Acc: 0.7155111, Val Loss: 0.6194704, Val Acc: 0.7189729
Epoch: 081, Train Loss: 0.5481498, Train Acc: 0.7108649, Val Loss: 0.6787663, Val Acc: 0.6990014
Epoch: 082, Train Loss: 0.5364762, Train Acc: 0.7265904, Val Loss: 0.7553215, Val Acc: 0.7246790
Epoch: 083, Train Loss: 0.5495587, Train Acc: 0.7112223, Val Loss: 0.6026874, Val Acc: 0.7004280
Epoch: 084, Train Loss: 0.5484589, Train Acc: 0.7183703, Val Loss: 0.6944002, Val Acc: 0.7032810
Epoch: 085, Train Loss: 0.5407222, Train Acc: 0.6997856, Val Loss: 0.6273487, Val Acc: 0.7075606
Epoch: 086, Train Loss: 0.5408610, Train Acc: 0.7047891, Val Loss: 0.7049133, Val Acc: 0.7532097
Epoch: 087, Train Loss: 0.5399745, Train Acc: 0.7119371, Val Loss: 0.6165582, Val Acc: 0.7246790
Epoch: 088, Train Loss: 0.5435961, Train Acc: 0.7201573, Val Loss: 0.5557440, Val Acc: 0.7232525
Epoch: 089, Train Loss: 0.5358146, Train Acc: 0.7130093, Val Loss: 0.7645825, Val Acc: 0.7389444
Epoch: 090, Train Loss: 0.5374683, Train Acc: 0.7147963, Val Loss: 0.5860828, Val Acc: 0.7104137
Epoch: 091, Train Loss: 0.5432821, Train Acc: 0.7087205, Val Loss: 0.5461480, Val Acc: 0.7061341
Epoch: 092, Train Loss: 0.5454361, Train Acc: 0.7019299, Val Loss: 0.5895704, Val Acc: 0.7232525
Epoch: 093, Train Loss: 0.5435988, Train Acc: 0.7180129, Val Loss: 0.5670996, Val Acc: 0.7318117
Epoch: 094, Train Loss: 0.5466582, Train Acc: 0.7151537, Val Loss: 0.5733175, Val Acc: 0.7360913
Epoch: 095, Train Loss: 0.5436692, Train Acc: 0.7072909, Val Loss: 0.5862382, Val Acc: 0.7261056
Epoch: 096, Train Loss: 0.5337003, Train Acc: 0.7172981, Val Loss: 0.6800866, Val Acc: 0.7246790
Epoch: 097, Train Loss: 0.5426220, Train Acc: 0.7062187, Val Loss: 0.6291921, Val Acc: 0.7232525
Epoch: 098, Train Loss: 0.5476678, Train Acc: 0.7187277, Val Loss: 0.6253401, Val Acc: 0.7104137
Epoch: 099, Train Loss: 0.5378042, Train Acc: 0.7101501, Val Loss: 0.5975287, Val Acc: 0.7232525
Epoch: 100, Train Loss: 0.5445928, Train Acc: 0.7208721, Val Loss: 0.5667092, Val Acc: 0.7032810
Epoch: 101, Train Loss: 0.5398327, Train Acc: 0.7294496, Val Loss: 0.8424947, Val Acc: 0.6918688
Epoch: 102, Train Loss: 0.5313624, Train Acc: 0.7219442, Val Loss: 0.7063321, Val Acc: 0.7232525
Epoch: 103, Train Loss: 0.5436891, Train Acc: 0.7172981, Val Loss: 0.6609246, Val Acc: 0.7432240
Epoch: 104, Train Loss: 0.5339190, Train Acc: 0.7158685, Val Loss: 0.5893115, Val Acc: 0.7175464
Epoch: 105, Train Loss: 0.5403051, Train Acc: 0.7072909, Val Loss: 0.5867904, Val Acc: 0.7246790
Epoch: 106, Train Loss: 0.5416860, Train Acc: 0.7133667, Val Loss: 0.5982667, Val Acc: 0.7318117
Epoch: 107, Train Loss: 0.5284988, Train Acc: 0.7230164, Val Loss: 0.7525284, Val Acc: 0.7289586
Epoch: 108, Train Loss: 0.5203204, Train Acc: 0.7212294, Val Loss: 0.6430141, Val Acc: 0.7189729
Epoch: 109, Train Loss: 0.5264212, Train Acc: 0.7251608, Val Loss: 0.7154984, Val Acc: 0.7018545
Epoch: 110, Train Loss: 0.5310365, Train Acc: 0.7155111, Val Loss: 0.6425235, Val Acc: 0.7104137
Epoch: 111, Train Loss: 0.5523404, Train Acc: 0.7108649, Val Loss: 0.6920313, Val Acc: 0.7232525
Epoch: 112, Train Loss: 0.5282465, Train Acc: 0.7208721, Val Loss: 0.6730850, Val Acc: 0.7318117
Epoch: 113, Train Loss: 0.5424021, Train Acc: 0.7162259, Val Loss: 0.6917798, Val Acc: 0.7218260
Epoch: 114, Train Loss: 0.5307043, Train Acc: 0.7162259, Val Loss: 0.6108849, Val Acc: 0.6961484
Epoch: 115, Train Loss: 0.5324128, Train Acc: 0.7187277, Val Loss: 0.5844412, Val Acc: 0.7075606
Epoch: 116, Train Loss: 0.5310728, Train Acc: 0.7251608, Val Loss: 0.5743392, Val Acc: 0.7132668
Epoch: 117, Train Loss: 0.5317981, Train Acc: 0.7255182, Val Loss: 0.8377987, Val Acc: 0.7132668
Epoch: 118, Train Loss: 0.5374583, Train Acc: 0.7301644, Val Loss: 0.7898047, Val Acc: 0.7375178
Epoch: 119, Train Loss: 0.5323854, Train Acc: 0.7287348, Val Loss: 0.5864877, Val Acc: 0.7246790
Epoch: 120, Train Loss: 0.5306140, Train Acc: 0.7158685, Val Loss: 0.6638518, Val Acc: 0.7047076
Epoch: 121, Train Loss: 0.5367049, Train Acc: 0.7248034, Val Loss: 0.8275920, Val Acc: 0.7146933
Epoch: 122, Train Loss: 0.5413924, Train Acc: 0.7223016, Val Loss: 0.6692169, Val Acc: 0.7232525
Epoch: 123, Train Loss: 0.5267633, Train Acc: 0.7208721, Val Loss: 0.7201619, Val Acc: 0.7032810
Epoch: 124, Train Loss: 0.5314623, Train Acc: 0.7248034, Val Loss: 0.7877367, Val Acc: 0.6904422
Epoch: 125, Train Loss: 0.5269709, Train Acc: 0.7369550, Val Loss: 0.7999892, Val Acc: 0.7075606
Epoch: 126, Train Loss: 0.5357111, Train Acc: 0.7365976, Val Loss: 0.5879840, Val Acc: 0.7218260
Epoch: 127, Train Loss: 0.5159209, Train Acc: 0.7383846, Val Loss: 0.7761737, Val Acc: 0.7047076
Epoch: 128, Train Loss: 0.5328506, Train Acc: 0.7215868, Val Loss: 0.7170714, Val Acc: 0.7332382
Epoch: 129, Train Loss: 0.5292355, Train Acc: 0.7323088, Val Loss: 0.5987328, Val Acc: 0.7289586
Epoch: 130, Train Loss: 0.5185786, Train Acc: 0.7369550, Val Loss: 0.6549996, Val Acc: 0.7061341
Epoch: 131, Train Loss: 0.5283941, Train Acc: 0.7355254, Val Loss: 0.5947614, Val Acc: 0.7246790
Epoch: 132, Train Loss: 0.5206289, Train Acc: 0.7394568, Val Loss: 0.7427473, Val Acc: 0.7047076
Epoch: 133, Train Loss: 0.5293717, Train Acc: 0.7283774, Val Loss: 0.5905683, Val Acc: 0.7175464
Epoch: 134, Train Loss: 0.5342959, Train Acc: 0.7383846, Val Loss: 0.6594648, Val Acc: 0.7218260
Epoch: 135, Train Loss: 0.5311617, Train Acc: 0.7201573, Val Loss: 0.6170841, Val Acc: 0.7118402
Epoch: 136, Train Loss: 0.5367272, Train Acc: 0.7305218, Val Loss: 0.5904323, Val Acc: 0.7146933
Epoch: 137, Train Loss: 0.5464345, Train Acc: 0.7176555, Val Loss: 0.6045038, Val Acc: 0.7089872
Epoch: 138, Train Loss: 0.5263408, Train Acc: 0.7298070, Val Loss: 0.6580011, Val Acc: 0.7075606
Epoch: 139, Train Loss: 0.5238518, Train Acc: 0.7355254, Val Loss: 0.6520453, Val Acc: 0.6718973
Epoch: 140, Train Loss: 0.5375846, Train Acc: 0.7212294, Val Loss: 0.6382129, Val Acc: 0.7175464
Epoch: 141, Train Loss: 0.5242178, Train Acc: 0.7298070, Val Loss: 0.5934350, Val Acc: 0.7175464
Epoch: 142, Train Loss: 0.5309579, Train Acc: 0.7308792, Val Loss: 0.6660908, Val Acc: 0.6918688
Epoch: 143, Train Loss: 0.5361130, Train Acc: 0.7262330, Val Loss: 0.6322960, Val Acc: 0.7175464
Epoch: 144, Train Loss: 0.5165289, Train Acc: 0.7348106, Val Loss: 0.6033035, Val Acc: 0.7161198
Epoch: 145, Train Loss: 0.5369531, Train Acc: 0.7276626, Val Loss: 0.6465545, Val Acc: 0.6947218
Epoch: 146, Train Loss: 0.5238943, Train Acc: 0.7344532, Val Loss: 0.5789338, Val Acc: 0.7332382
Epoch: 147, Train Loss: 0.5346073, Train Acc: 0.7190851, Val Loss: 0.5934533, Val Acc: 0.7246790
Epoch: 148, Train Loss: 0.5219063, Train Acc: 0.7348106, Val Loss: 0.6315871, Val Acc: 0.7175464
Epoch: 149, Train Loss: 0.5272520, Train Acc: 0.7201573, Val Loss: 0.5987982, Val Acc: 0.7132668
Epoch: 150, Train Loss: 0.5212684, Train Acc: 0.7326662, Val Loss: 0.6533807, Val Acc: 0.7061341
Epoch: 151, Train Loss: 0.5207536, Train Acc: 0.7315940, Val Loss: 0.6160097, Val Acc: 0.7118402
Epoch: 152, Train Loss: 0.5221432, Train Acc: 0.7294496, Val Loss: 0.6198226, Val Acc: 0.6704708
Epoch: 153, Train Loss: 0.5156980, Train Acc: 0.7405289, Val Loss: 0.6219887, Val Acc: 0.6961484
Epoch: 154, Train Loss: 0.5234815, Train Acc: 0.7355254, Val Loss: 0.5987038, Val Acc: 0.6975749
Epoch: 155, Train Loss: 0.5227001, Train Acc: 0.7330236, Val Loss: 0.5786355, Val Acc: 0.7232525
Epoch: 156, Train Loss: 0.5194464, Train Acc: 0.7319514, Val Loss: 0.5801892, Val Acc: 0.6961484
Epoch: 157, Train Loss: 0.5277717, Train Acc: 0.7323088, Val Loss: 0.5678795, Val Acc: 0.7289586
Epoch: 158, Train Loss: 0.5237104, Train Acc: 0.7337384, Val Loss: 0.5516866, Val Acc: 0.7189729
Epoch: 159, Train Loss: 0.5271946, Train Acc: 0.7408863, Val Loss: 0.5709347, Val Acc: 0.7275321
Epoch: 160, Train Loss: 0.5282637, Train Acc: 0.7405289, Val Loss: 0.5949971, Val Acc: 0.7075606
Epoch: 161, Train Loss: 0.5262124, Train Acc: 0.7355254, Val Loss: 0.6148749, Val Acc: 0.7089872
Epoch: 162, Train Loss: 0.5099141, Train Acc: 0.7441029, Val Loss: 0.5930443, Val Acc: 0.7203994
Epoch: 163, Train Loss: 0.5180491, Train Acc: 0.7330236, Val Loss: 0.5806006, Val Acc: 0.7089872
Epoch: 164, Train Loss: 0.5090151, Train Acc: 0.7344532, Val Loss: 0.5689399, Val Acc: 0.7232525
Epoch: 165, Train Loss: 0.5194888, Train Acc: 0.7458899, Val Loss: 0.6369461, Val Acc: 0.6990014
Epoch: 166, Train Loss: 0.5161630, Train Acc: 0.7305218, Val Loss: 0.7039642, Val Acc: 0.7104137
Epoch: 167, Train Loss: 0.5308600, Train Acc: 0.7287348, Val Loss: 0.7010297, Val Acc: 0.7075606
Epoch: 168, Train Loss: 0.5170724, Train Acc: 0.7294496, Val Loss: 0.5970787, Val Acc: 0.7018545
Epoch: 169, Train Loss: 0.5195666, Train Acc: 0.7326662, Val Loss: 0.7688668, Val Acc: 0.7104137
Epoch: 170, Train Loss: 0.5142984, Train Acc: 0.7405289, Val Loss: 0.5582397, Val Acc: 0.7161198
Epoch: 171, Train Loss: 0.5177692, Train Acc: 0.7419585, Val Loss: 0.5931414, Val Acc: 0.7175464
Epoch: 172, Train Loss: 0.5213345, Train Acc: 0.7215868, Val Loss: 0.6545899, Val Acc: 0.7232525
Epoch: 173, Train Loss: 0.5255034, Train Acc: 0.7323088, Val Loss: 0.6755985, Val Acc: 0.7218260
Epoch: 174, Train Loss: 0.5163551, Train Acc: 0.7412437, Val Loss: 0.6356735, Val Acc: 0.7175464
Epoch: 175, Train Loss: 0.5293199, Train Acc: 0.7240886, Val Loss: 0.6145392, Val Acc: 0.7218260
Epoch: 176, Train Loss: 0.5256978, Train Acc: 0.7348106, Val Loss: 0.7529536, Val Acc: 0.7161198
Epoch: 177, Train Loss: 0.5155775, Train Acc: 0.7312366, Val Loss: 0.6070256, Val Acc: 0.7018545
Epoch: 178, Train Loss: 0.5168520, Train Acc: 0.7419585, Val Loss: 0.5491728, Val Acc: 0.7161198
Epoch: 179, Train Loss: 0.5049817, Train Acc: 0.7405289, Val Loss: 0.5838380, Val Acc: 0.7161198
Epoch: 180, Train Loss: 0.5287997, Train Acc: 0.7301644, Val Loss: 0.5696091, Val Acc: 0.7161198
Epoch: 181, Train Loss: 0.5194567, Train Acc: 0.7390994, Val Loss: 0.5788885, Val Acc: 0.7232525
Epoch: 182, Train Loss: 0.5010721, Train Acc: 0.7430307, Val Loss: 0.5792751, Val Acc: 0.7146933
Epoch: 183, Train Loss: 0.5066488, Train Acc: 0.7451751, Val Loss: 0.5680658, Val Acc: 0.7275321
Epoch: 184, Train Loss: 0.5232000, Train Acc: 0.7323088, Val Loss: 0.5505016, Val Acc: 0.7218260
Epoch: 185, Train Loss: 0.5055776, Train Acc: 0.7408863, Val Loss: 0.5471215, Val Acc: 0.7360913
Epoch: 186, Train Loss: 0.5148469, Train Acc: 0.7462473, Val Loss: 0.5853178, Val Acc: 0.7232525
Epoch: 187, Train Loss: 0.5215662, Train Acc: 0.7280200, Val Loss: 0.5618375, Val Acc: 0.7417974
Epoch: 188, Train Loss: 0.5262028, Train Acc: 0.7362402, Val Loss: 0.5786432, Val Acc: 0.7289586
Epoch: 189, Train Loss: 0.5152033, Train Acc: 0.7369550, Val Loss: 0.5782253, Val Acc: 0.6975749
Epoch: 190, Train Loss: 0.5285462, Train Acc: 0.7315940, Val Loss: 0.5734126, Val Acc: 0.7275321
Epoch: 191, Train Loss: 0.5191517, Train Acc: 0.7373124, Val Loss: 0.5735213, Val Acc: 0.7246790
Epoch: 192, Train Loss: 0.5108237, Train Acc: 0.7408863, Val Loss: 0.5776358, Val Acc: 0.7275321
Epoch: 193, Train Loss: 0.5053394, Train Acc: 0.7412437, Val Loss: 0.6040836, Val Acc: 0.7218260
Epoch: 194, Train Loss: 0.5101126, Train Acc: 0.7398142, Val Loss: 0.5914552, Val Acc: 0.7132668
Epoch: 195, Train Loss: 0.5175149, Train Acc: 0.7230164, Val Loss: 0.6088599, Val Acc: 0.7161198
Epoch: 196, Train Loss: 0.5253248, Train Acc: 0.7394568, Val Loss: 0.5428689, Val Acc: 0.7203994
Epoch: 197, Train Loss: 0.5158876, Train Acc: 0.7387420, Val Loss: 0.5330013, Val Acc: 0.7346648
Epoch: 198, Train Loss: 0.5199506, Train Acc: 0.7387420, Val Loss: 0.5590011, Val Acc: 0.7203994
Epoch: 199, Train Loss: 0.5119193, Train Acc: 0.7383846, Val Loss: 0.5625561, Val Acc: 0.7104137
Epoch: 200, Train Loss: 0.5041491, Train Acc: 0.7441029, Val Loss: 0.5915171, Val Acc: 0.6932953
Epoch: 201, Train Loss: 0.5085681, Train Acc: 0.7426733, Val Loss: 0.6038161, Val Acc: 0.7004280
Epoch: 202, Train Loss: 0.4985129, Train Acc: 0.7401716, Val Loss: 0.5742463, Val Acc: 0.7218260
Epoch: 203, Train Loss: 0.5330412, Train Acc: 0.7240886, Val Loss: 0.5482348, Val Acc: 0.7232525
Epoch: 204, Train Loss: 0.5078734, Train Acc: 0.7469621, Val Loss: 0.5418658, Val Acc: 0.7218260
Epoch: 205, Train Loss: 0.5077002, Train Acc: 0.7365976, Val Loss: 0.5774521, Val Acc: 0.7246790
Epoch: 206, Train Loss: 0.5121481, Train Acc: 0.7351680, Val Loss: 0.5622624, Val Acc: 0.7118402
Epoch: 207, Train Loss: 0.5164583, Train Acc: 0.7387420, Val Loss: 0.5500612, Val Acc: 0.7246790
Epoch: 208, Train Loss: 0.5205579, Train Acc: 0.7348106, Val Loss: 0.5345423, Val Acc: 0.7417974
Epoch: 209, Train Loss: 0.5148261, Train Acc: 0.7351680, Val Loss: 0.5535627, Val Acc: 0.7232525
Epoch: 210, Train Loss: 0.5220292, Train Acc: 0.7326662, Val Loss: 0.5515647, Val Acc: 0.7203994
Epoch: 211, Train Loss: 0.5155948, Train Acc: 0.7351680, Val Loss: 0.5562549, Val Acc: 0.7318117
Epoch: 212, Train Loss: 0.5145040, Train Acc: 0.7369550, Val Loss: 0.5910481, Val Acc: 0.7132668
Epoch: 213, Train Loss: 0.5115389, Train Acc: 0.7394568, Val Loss: 0.6092110, Val Acc: 0.7261056
Epoch: 214, Train Loss: 0.5177088, Train Acc: 0.7365976, Val Loss: 0.5449253, Val Acc: 0.7517832
Epoch: 215, Train Loss: 0.5214017, Train Acc: 0.7369550, Val Loss: 0.6215315, Val Acc: 0.6975749
Epoch: 216, Train Loss: 0.5182616, Train Acc: 0.7333810, Val Loss: 0.5687718, Val Acc: 0.7261056
Epoch: 217, Train Loss: 0.5108070, Train Acc: 0.7441029, Val Loss: 0.5479921, Val Acc: 0.7332382
Epoch: 218, Train Loss: 0.5225757, Train Acc: 0.7394568, Val Loss: 0.5669854, Val Acc: 0.7061341
Epoch: 219, Train Loss: 0.5168815, Train Acc: 0.7380272, Val Loss: 0.5522908, Val Acc: 0.7246790
Epoch: 220, Train Loss: 0.5104774, Train Acc: 0.7401716, Val Loss: 0.5707252, Val Acc: 0.7189729
Epoch: 221, Train Loss: 0.5095830, Train Acc: 0.7533953, Val Loss: 0.6472416, Val Acc: 0.6890157
Epoch: 222, Train Loss: 0.5218145, Train Acc: 0.7362402, Val Loss: 0.5594862, Val Acc: 0.7232525
Epoch: 223, Train Loss: 0.5084045, Train Acc: 0.7448177, Val Loss: 0.5723809, Val Acc: 0.7189729
Epoch: 224, Train Loss: 0.5163778, Train Acc: 0.7340958, Val Loss: 0.5649725, Val Acc: 0.7018545
Epoch: 225, Train Loss: 0.5024843, Train Acc: 0.7469621, Val Loss: 0.5704852, Val Acc: 0.6904422
Epoch: 226, Train Loss: 0.5105168, Train Acc: 0.7405289, Val Loss: 0.5837529, Val Acc: 0.6918688
Epoch: 227, Train Loss: 0.5032251, Train Acc: 0.7458899, Val Loss: 0.5643336, Val Acc: 0.7161198
Epoch: 228, Train Loss: 0.5052861, Train Acc: 0.7473195, Val Loss: 0.5773198, Val Acc: 0.7189729
Epoch: 229, Train Loss: 0.5071445, Train Acc: 0.7387420, Val Loss: 0.6237856, Val Acc: 0.7018545
Epoch: 230, Train Loss: 0.5106607, Train Acc: 0.7408863, Val Loss: 0.5843269, Val Acc: 0.7146933
Epoch: 231, Train Loss: 0.5139717, Train Acc: 0.7355254, Val Loss: 0.6113149, Val Acc: 0.6975749
Epoch: 232, Train Loss: 0.5144484, Train Acc: 0.7365976, Val Loss: 0.5490523, Val Acc: 0.7275321
Epoch: 233, Train Loss: 0.5199863, Train Acc: 0.7383846, Val Loss: 0.5886953, Val Acc: 0.7218260
Epoch: 234, Train Loss: 0.5113157, Train Acc: 0.7312366, Val Loss: 0.5702320, Val Acc: 0.7261056
Epoch: 235, Train Loss: 0.5210079, Train Acc: 0.7466047, Val Loss: 0.5636118, Val Acc: 0.7289586
Epoch: 236, Train Loss: 0.5016261, Train Acc: 0.7433881, Val Loss: 0.5351718, Val Acc: 0.7360913
Epoch: 237, Train Loss: 0.5109041, Train Acc: 0.7251608, Val Loss: 0.5813829, Val Acc: 0.7104137
Epoch: 238, Train Loss: 0.5097994, Train Acc: 0.7437455, Val Loss: 0.6126724, Val Acc: 0.7218260
Epoch: 239, Train Loss: 0.5241198, Train Acc: 0.7398142, Val Loss: 0.5508265, Val Acc: 0.7360913
Epoch: 240, Train Loss: 0.4955241, Train Acc: 0.7405289, Val Loss: 0.5813208, Val Acc: 0.7089872
Epoch: 241, Train Loss: 0.5199807, Train Acc: 0.7344532, Val Loss: 0.5641044, Val Acc: 0.7175464
Epoch: 242, Train Loss: 0.4999344, Train Acc: 0.7473195, Val Loss: 0.6151167, Val Acc: 0.7203994
Epoch: 243, Train Loss: 0.5152527, Train Acc: 0.7376698, Val Loss: 0.6044545, Val Acc: 0.7332382
Epoch: 244, Train Loss: 0.4956367, Train Acc: 0.7412437, Val Loss: 0.5737513, Val Acc: 0.7246790
Epoch: 245, Train Loss: 0.5102097, Train Acc: 0.7408863, Val Loss: 0.6087529, Val Acc: 0.7189729
Epoch: 246, Train Loss: 0.4996905, Train Acc: 0.7466047, Val Loss: 0.5463370, Val Acc: 0.7061341
Epoch: 247, Train Loss: 0.5051983, Train Acc: 0.7408863, Val Loss: 0.5782538, Val Acc: 0.7104137
Epoch: 248, Train Loss: 0.5066160, Train Acc: 0.7405289, Val Loss: 0.5665258, Val Acc: 0.7203994
Epoch: 249, Train Loss: 0.5066117, Train Acc: 0.7419585, Val Loss: 0.5765840, Val Acc: 0.6932953
Epoch: 250, Train Loss: 0.5089717, Train Acc: 0.7505361, Val Loss: 0.5376488, Val Acc: 0.7261056
Epoch: 251, Train Loss: 0.5042675, Train Acc: 0.7483917, Val Loss: 0.5629564, Val Acc: 0.7232525
Epoch: 252, Train Loss: 0.5059249, Train Acc: 0.7458899, Val Loss: 0.5694762, Val Acc: 0.7246790
Epoch: 253, Train Loss: 0.5109031, Train Acc: 0.7401716, Val Loss: 0.5688558, Val Acc: 0.7346648
Epoch: 254, Train Loss: 0.5162952, Train Acc: 0.7319514, Val Loss: 0.5683662, Val Acc: 0.6932953
Epoch: 255, Train Loss: 0.5061843, Train Acc: 0.7383846, Val Loss: 0.6156241, Val Acc: 0.7032810
Epoch: 256, Train Loss: 0.5114013, Train Acc: 0.7305218, Val Loss: 0.5853351, Val Acc: 0.7104137
Epoch: 257, Train Loss: 0.5210270, Train Acc: 0.7358828, Val Loss: 0.6167990, Val Acc: 0.6961484
Epoch: 258, Train Loss: 0.4953273, Train Acc: 0.7451751, Val Loss: 0.5780154, Val Acc: 0.7203994
Epoch: 259, Train Loss: 0.5100140, Train Acc: 0.7416011, Val Loss: 0.5672443, Val Acc: 0.7218260
Epoch: 260, Train Loss: 0.5106338, Train Acc: 0.7383846, Val Loss: 0.7065073, Val Acc: 0.7018545
Epoch: 261, Train Loss: 0.5169627, Train Acc: 0.7380272, Val Loss: 0.6171150, Val Acc: 0.7061341
Epoch: 262, Train Loss: 0.5157932, Train Acc: 0.7437455, Val Loss: 0.6220656, Val Acc: 0.6861626
Epoch: 263, Train Loss: 0.5105549, Train Acc: 0.7387420, Val Loss: 0.5796450, Val Acc: 0.7175464
Epoch: 264, Train Loss: 0.5103029, Train Acc: 0.7444603, Val Loss: 0.5441847, Val Acc: 0.7146933
Epoch: 265, Train Loss: 0.5082524, Train Acc: 0.7376698, Val Loss: 0.5612328, Val Acc: 0.7189729
Epoch: 266, Train Loss: 0.5003987, Train Acc: 0.7398142, Val Loss: 0.5622745, Val Acc: 0.7232525
Epoch: 267, Train Loss: 0.5125507, Train Acc: 0.7376698, Val Loss: 0.6119261, Val Acc: 0.7203994
Epoch: 268, Train Loss: 0.5033511, Train Acc: 0.7426733, Val Loss: 0.5571421, Val Acc: 0.7089872
Epoch: 269, Train Loss: 0.5152504, Train Acc: 0.7369550, Val Loss: 0.5573272, Val Acc: 0.7446505
Epoch: 270, Train Loss: 0.5094162, Train Acc: 0.7508935, Val Loss: 0.5963042, Val Acc: 0.7104137
Epoch: 271, Train Loss: 0.5112828, Train Acc: 0.7412437, Val Loss: 0.5936811, Val Acc: 0.7004280
Epoch: 272, Train Loss: 0.5143760, Train Acc: 0.7369550, Val Loss: 0.5626403, Val Acc: 0.7075606
Epoch: 273, Train Loss: 0.5137847, Train Acc: 0.7423159, Val Loss: 0.5863753, Val Acc: 0.7346648
Epoch: 274, Train Loss: 0.4993237, Train Acc: 0.7430307, Val Loss: 0.6038181, Val Acc: 0.7261056
Epoch: 275, Train Loss: 0.4976606, Train Acc: 0.7433881, Val Loss: 0.6112850, Val Acc: 0.7318117
Epoch: 276, Train Loss: 0.5081718, Train Acc: 0.7412437, Val Loss: 0.5905635, Val Acc: 0.7289586
Epoch: 277, Train Loss: 0.5065429, Train Acc: 0.7455325, Val Loss: 0.5511650, Val Acc: 0.7303852
Epoch: 278, Train Loss: 0.5126155, Train Acc: 0.7390994, Val Loss: 0.5575730, Val Acc: 0.7246790
Epoch: 279, Train Loss: 0.5142507, Train Acc: 0.7508935, Val Loss: 0.5470216, Val Acc: 0.7346648
Epoch: 280, Train Loss: 0.5024578, Train Acc: 0.7398142, Val Loss: 0.5606358, Val Acc: 0.7075606
Epoch: 281, Train Loss: 0.5235931, Train Acc: 0.7387420, Val Loss: 0.5624040, Val Acc: 0.7132668
Epoch: 282, Train Loss: 0.4975568, Train Acc: 0.7612580, Val Loss: 0.5651802, Val Acc: 0.7161198
Epoch: 283, Train Loss: 0.4976993, Train Acc: 0.7541101, Val Loss: 0.5547458, Val Acc: 0.7289586
Epoch: 284, Train Loss: 0.5057905, Train Acc: 0.7412437, Val Loss: 0.5425438, Val Acc: 0.7303852
Epoch: 285, Train Loss: 0.5032823, Train Acc: 0.7573267, Val Loss: 0.5517263, Val Acc: 0.7246790
Epoch: 286, Train Loss: 0.4920896, Train Acc: 0.7548249, Val Loss: 0.6330135, Val Acc: 0.7189729
Epoch: 287, Train Loss: 0.4931182, Train Acc: 0.7444603, Val Loss: 0.5933659, Val Acc: 0.7118402
Epoch: 288, Train Loss: 0.5087167, Train Acc: 0.7441029, Val Loss: 0.5394706, Val Acc: 0.7275321
Epoch: 289, Train Loss: 0.5070261, Train Acc: 0.7451751, Val Loss: 0.5831121, Val Acc: 0.7232525
Epoch: 290, Train Loss: 0.5074379, Train Acc: 0.7458899, Val Loss: 0.6219246, Val Acc: 0.7175464
Epoch: 291, Train Loss: 0.5039014, Train Acc: 0.7455325, Val Loss: 0.5826800, Val Acc: 0.7189729
Epoch: 292, Train Loss: 0.4996862, Train Acc: 0.7483917, Val Loss: 0.5891823, Val Acc: 0.7432240
Epoch: 293, Train Loss: 0.5060181, Train Acc: 0.7462473, Val Loss: 0.5547813, Val Acc: 0.7175464
Epoch: 294, Train Loss: 0.5027444, Train Acc: 0.7508935, Val Loss: 0.5335921, Val Acc: 0.7446505
Epoch: 295, Train Loss: 0.5049442, Train Acc: 0.7516083, Val Loss: 0.5523346, Val Acc: 0.7332382
Epoch: 296, Train Loss: 0.4987100, Train Acc: 0.7487491, Val Loss: 0.5526543, Val Acc: 0.7189729
Epoch: 297, Train Loss: 0.4947657, Train Acc: 0.7494639, Val Loss: 0.5641342, Val Acc: 0.7318117
Epoch: 298, Train Loss: 0.5045610, Train Acc: 0.7441029, Val Loss: 0.5439634, Val Acc: 0.7246790
Epoch: 299, Train Loss: 0.4978465, Train Acc: 0.7558971, Val Loss: 0.5978438, Val Acc: 0.7332382
Epoch: 300, Train Loss: 0.4989320, Train Acc: 0.7455325, Val Loss: 0.5590923, Val Acc: 0.7104137
Epoch: 301, Train Loss: 0.5039926, Train Acc: 0.7466047, Val Loss: 0.5531789, Val Acc: 0.7246790
Epoch: 302, Train Loss: 0.5043830, Train Acc: 0.7383846, Val Loss: 0.5595250, Val Acc: 0.7332382
Epoch: 303, Train Loss: 0.5065520, Train Acc: 0.7466047, Val Loss: 0.5810903, Val Acc: 0.7118402
Epoch: 304, Train Loss: 0.4994042, Train Acc: 0.7455325, Val Loss: 0.5495083, Val Acc: 0.7275321
Epoch: 305, Train Loss: 0.5019116, Train Acc: 0.7423159, Val Loss: 0.5759896, Val Acc: 0.6961484
Epoch: 306, Train Loss: 0.4928184, Train Acc: 0.7512509, Val Loss: 0.5575217, Val Acc: 0.7389444
Epoch: 307, Train Loss: 0.4995320, Train Acc: 0.7483917, Val Loss: 0.5548803, Val Acc: 0.7403709
Epoch: 308, Train Loss: 0.5058671, Train Acc: 0.7505361, Val Loss: 0.5589087, Val Acc: 0.6733238
Epoch: 309, Train Loss: 0.5048839, Train Acc: 0.7448177, Val Loss: 0.5499232, Val Acc: 0.7332382
Epoch: 310, Train Loss: 0.5087756, Train Acc: 0.7516083, Val Loss: 0.5488751, Val Acc: 0.7261056
Epoch: 311, Train Loss: 0.5129286, Train Acc: 0.7419585, Val Loss: 0.5421944, Val Acc: 0.7417974
Epoch: 312, Train Loss: 0.4945418, Train Acc: 0.7512509, Val Loss: 0.5773242, Val Acc: 0.7261056
Epoch: 313, Train Loss: 0.4917159, Train Acc: 0.7480343, Val Loss: 0.5745214, Val Acc: 0.7289586
Epoch: 314, Train Loss: 0.4992295, Train Acc: 0.7519657, Val Loss: 0.5437675, Val Acc: 0.7360913
Epoch: 315, Train Loss: 0.4919274, Train Acc: 0.7476769, Val Loss: 0.5512573, Val Acc: 0.7403709
Epoch: 316, Train Loss: 0.4977418, Train Acc: 0.7530379, Val Loss: 0.5489771, Val Acc: 0.7261056
Epoch: 317, Train Loss: 0.5037316, Train Acc: 0.7365976, Val Loss: 0.5368484, Val Acc: 0.7332382
Epoch: 318, Train Loss: 0.4920388, Train Acc: 0.7516083, Val Loss: 0.5401200, Val Acc: 0.7332382
Epoch: 319, Train Loss: 0.5072506, Train Acc: 0.7376698, Val Loss: 0.5597030, Val Acc: 0.7318117
Epoch: 320, Train Loss: 0.4885320, Train Acc: 0.7523231, Val Loss: 0.6110177, Val Acc: 0.7118402
Epoch: 321, Train Loss: 0.4987630, Train Acc: 0.7573267, Val Loss: 0.5867850, Val Acc: 0.7075606
Epoch: 322, Train Loss: 0.4891880, Train Acc: 0.7523231, Val Loss: 0.5573560, Val Acc: 0.7346648
Epoch: 323, Train Loss: 0.4917152, Train Acc: 0.7516083, Val Loss: 0.5397719, Val Acc: 0.7161198
Epoch: 324, Train Loss: 0.4818701, Train Acc: 0.7487491, Val Loss: 0.5540331, Val Acc: 0.7189729
Epoch: 325, Train Loss: 0.4922337, Train Acc: 0.7594711, Val Loss: 0.6306002, Val Acc: 0.7261056
Epoch: 326, Train Loss: 0.4887863, Train Acc: 0.7634024, Val Loss: 0.5654470, Val Acc: 0.7318117
Epoch: 327, Train Loss: 0.5057753, Train Acc: 0.7491065, Val Loss: 0.5920955, Val Acc: 0.7032810
Epoch: 328, Train Loss: 0.4927496, Train Acc: 0.7458899, Val Loss: 0.5915407, Val Acc: 0.7089872
Epoch: 329, Train Loss: 0.4952217, Train Acc: 0.7494639, Val Loss: 0.5338272, Val Acc: 0.7432240
Epoch: 330, Train Loss: 0.5030282, Train Acc: 0.7483917, Val Loss: 0.5772833, Val Acc: 0.7403709
Epoch: 331, Train Loss: 0.4993867, Train Acc: 0.7491065, Val Loss: 0.5518526, Val Acc: 0.7146933
Epoch: 332, Train Loss: 0.5019006, Train Acc: 0.7466047, Val Loss: 0.5729452, Val Acc: 0.6875892
Epoch: 333, Train Loss: 0.5026119, Train Acc: 0.7487491, Val Loss: 0.5664667, Val Acc: 0.6990014
Epoch: 334, Train Loss: 0.5151302, Train Acc: 0.7441029, Val Loss: 0.5526909, Val Acc: 0.7075606
Epoch: 335, Train Loss: 0.5045139, Train Acc: 0.7437455, Val Loss: 0.5868128, Val Acc: 0.6990014
Epoch: 336, Train Loss: 0.4952751, Train Acc: 0.7494639, Val Loss: 0.5608548, Val Acc: 0.7132668
Epoch: 337, Train Loss: 0.5022582, Train Acc: 0.7408863, Val Loss: 0.5445107, Val Acc: 0.7232525
Epoch: 338, Train Loss: 0.4996601, Train Acc: 0.7473195, Val Loss: 0.5392894, Val Acc: 0.7360913
Epoch: 339, Train Loss: 0.4873754, Train Acc: 0.7573267, Val Loss: 0.5493209, Val Acc: 0.7089872
Epoch: 340, Train Loss: 0.5028324, Train Acc: 0.7394568, Val Loss: 0.5618116, Val Acc: 0.7018545
Epoch: 341, Train Loss: 0.5128087, Train Acc: 0.7466047, Val Loss: 0.5889703, Val Acc: 0.6818830
Epoch: 342, Train Loss: 0.4882131, Train Acc: 0.7637598, Val Loss: 0.5453482, Val Acc: 0.7318117
Epoch: 343, Train Loss: 0.4785473, Train Acc: 0.7598284, Val Loss: 0.5941695, Val Acc: 0.7018545
Epoch: 344, Train Loss: 0.4942384, Train Acc: 0.7498213, Val Loss: 0.5536692, Val Acc: 0.7218260
Epoch: 345, Train Loss: 0.4837577, Train Acc: 0.7580415, Val Loss: 0.5635333, Val Acc: 0.7118402
Epoch: 346, Train Loss: 0.4961331, Train Acc: 0.7512509, Val Loss: 0.5498965, Val Acc: 0.7246790
Epoch: 347, Train Loss: 0.4874187, Train Acc: 0.7523231, Val Loss: 0.5897099, Val Acc: 0.7175464
Epoch: 348, Train Loss: 0.4970807, Train Acc: 0.7469621, Val Loss: 0.5486152, Val Acc: 0.7089872
Epoch: 349, Train Loss: 0.5006228, Train Acc: 0.7423159, Val Loss: 0.5624976, Val Acc: 0.7047076
Epoch: 350, Train Loss: 0.4900952, Train Acc: 0.7512509, Val Loss: 0.5524761, Val Acc: 0.7075606
Epoch: 351, Train Loss: 0.4960049, Train Acc: 0.7458899, Val Loss: 0.5598049, Val Acc: 0.7218260
Epoch: 352, Train Loss: 0.4911833, Train Acc: 0.7591137, Val Loss: 0.5976648, Val Acc: 0.7047076
Epoch: 353, Train Loss: 0.4926779, Train Acc: 0.7501787, Val Loss: 0.6025920, Val Acc: 0.7203994
Epoch: 354, Train Loss: 0.4901018, Train Acc: 0.7562545, Val Loss: 0.6029208, Val Acc: 0.7146933
Epoch: 355, Train Loss: 0.4940143, Train Acc: 0.7441029, Val Loss: 0.5914237, Val Acc: 0.6947218
Epoch: 356, Train Loss: 0.4919495, Train Acc: 0.7576841, Val Loss: 0.5965847, Val Acc: 0.7218260
Epoch: 357, Train Loss: 0.4942901, Train Acc: 0.7469621, Val Loss: 0.5843592, Val Acc: 0.7032810
Epoch: 358, Train Loss: 0.4926770, Train Acc: 0.7526805, Val Loss: 0.6013996, Val Acc: 0.7189729
Epoch: 359, Train Loss: 0.4956078, Train Acc: 0.7548249, Val Loss: 0.6149153, Val Acc: 0.7203994
Epoch: 360, Train Loss: 0.4948765, Train Acc: 0.7473195, Val Loss: 0.5653958, Val Acc: 0.7375178
Epoch: 361, Train Loss: 0.4949970, Train Acc: 0.7580415, Val Loss: 0.5646425, Val Acc: 0.7489301
Epoch: 362, Train Loss: 0.4887803, Train Acc: 0.7508935, Val Loss: 0.5378746, Val Acc: 0.7275321
Epoch: 363, Train Loss: 0.4961201, Train Acc: 0.7373124, Val Loss: 0.5552467, Val Acc: 0.7261056
Epoch: 364, Train Loss: 0.4895081, Train Acc: 0.7480343, Val Loss: 0.5414328, Val Acc: 0.7161198
Epoch: 365, Train Loss: 0.4930652, Train Acc: 0.7458899, Val Loss: 0.5429029, Val Acc: 0.7303852
Epoch: 366, Train Loss: 0.5017512, Train Acc: 0.7544675, Val Loss: 0.5472711, Val Acc: 0.7303852
Epoch: 367, Train Loss: 0.4903685, Train Acc: 0.7462473, Val Loss: 0.5816032, Val Acc: 0.7246790
Epoch: 368, Train Loss: 0.4937863, Train Acc: 0.7476769, Val Loss: 0.5558742, Val Acc: 0.7532097
Epoch: 369, Train Loss: 0.4929723, Train Acc: 0.7537527, Val Loss: 0.5561923, Val Acc: 0.7132668
Epoch: 370, Train Loss: 0.4934202, Train Acc: 0.7558971, Val Loss: 0.5780997, Val Acc: 0.7089872
Epoch: 371, Train Loss: 0.4991800, Train Acc: 0.7537527, Val Loss: 0.5724188, Val Acc: 0.7118402
Epoch: 372, Train Loss: 0.4839916, Train Acc: 0.7594711, Val Loss: 0.5560168, Val Acc: 0.7118402
Epoch: 373, Train Loss: 0.5016253, Train Acc: 0.7512509, Val Loss: 0.5415779, Val Acc: 0.7261056
Epoch: 374, Train Loss: 0.4963438, Train Acc: 0.7526805, Val Loss: 0.5204420, Val Acc: 0.7218260
Epoch: 375, Train Loss: 0.5016796, Train Acc: 0.7412437, Val Loss: 0.5648828, Val Acc: 0.7075606
Epoch: 376, Train Loss: 0.4999097, Train Acc: 0.7530379, Val Loss: 0.5489086, Val Acc: 0.7118402
Epoch: 377, Train Loss: 0.5018676, Train Acc: 0.7555397, Val Loss: 0.5585038, Val Acc: 0.7146933
Epoch: 378, Train Loss: 0.4845068, Train Acc: 0.7684060, Val Loss: 0.5844380, Val Acc: 0.7261056
Epoch: 379, Train Loss: 0.4875020, Train Acc: 0.7516083, Val Loss: 0.5513057, Val Acc: 0.7289586
Epoch: 380, Train Loss: 0.4879657, Train Acc: 0.7530379, Val Loss: 0.5399911, Val Acc: 0.7132668
Epoch: 381, Train Loss: 0.4866465, Train Acc: 0.7583989, Val Loss: 0.5266871, Val Acc: 0.7203994
Epoch: 382, Train Loss: 0.4942189, Train Acc: 0.7537527, Val Loss: 0.5300395, Val Acc: 0.7161198
Epoch: 383, Train Loss: 0.4890000, Train Acc: 0.7598284, Val Loss: 0.5218604, Val Acc: 0.7489301
Epoch: 384, Train Loss: 0.4909928, Train Acc: 0.7476769, Val Loss: 0.5129006, Val Acc: 0.7360913
Epoch: 385, Train Loss: 0.4904475, Train Acc: 0.7501787, Val Loss: 0.5582221, Val Acc: 0.7432240
Epoch: 386, Train Loss: 0.4826309, Train Acc: 0.7576841, Val Loss: 0.5452646, Val Acc: 0.7246790
Epoch: 387, Train Loss: 0.5001779, Train Acc: 0.7448177, Val Loss: 0.5375496, Val Acc: 0.7047076
Epoch: 388, Train Loss: 0.4842239, Train Acc: 0.7612580, Val Loss: 0.5832912, Val Acc: 0.7232525
Epoch: 389, Train Loss: 0.5077337, Train Acc: 0.7369550, Val Loss: 0.5879682, Val Acc: 0.7275321
Epoch: 390, Train Loss: 0.4902672, Train Acc: 0.7680486, Val Loss: 0.5810048, Val Acc: 0.6904422
Epoch: 391, Train Loss: 0.4958230, Train Acc: 0.7555397, Val Loss: 0.5798928, Val Acc: 0.7403709
Epoch: 392, Train Loss: 0.4841443, Train Acc: 0.7508935, Val Loss: 0.5275974, Val Acc: 0.7460770
Epoch: 393, Train Loss: 0.4816301, Train Acc: 0.7598284, Val Loss: 0.5466135, Val Acc: 0.7303852
Epoch: 394, Train Loss: 0.5106979, Train Acc: 0.7355254, Val Loss: 0.5374366, Val Acc: 0.7560628
Epoch: 395, Train Loss: 0.5076562, Train Acc: 0.7426733, Val Loss: 0.6100247, Val Acc: 0.7389444
Epoch: 396, Train Loss: 0.4776052, Train Acc: 0.7612580, Val Loss: 0.5796267, Val Acc: 0.7061341
Epoch: 397, Train Loss: 0.4973971, Train Acc: 0.7523231, Val Loss: 0.5909204, Val Acc: 0.7161198
Epoch: 398, Train Loss: 0.4955746, Train Acc: 0.7480343, Val Loss: 0.5486322, Val Acc: 0.7246790
Epoch: 399, Train Loss: 0.4868633, Train Acc: 0.7605432, Val Loss: 0.5714846, Val Acc: 0.7275321
Epoch: 400, Train Loss: 0.4876136, Train Acc: 0.7626876, Val Loss: 0.5311904, Val Acc: 0.7432240
Epoch: 401, Train Loss: 0.4816355, Train Acc: 0.7648320, Val Loss: 0.5545648, Val Acc: 0.7360913
Epoch: 402, Train Loss: 0.4805400, Train Acc: 0.7616154, Val Loss: 0.5639506, Val Acc: 0.7318117
Epoch: 403, Train Loss: 0.4686045, Train Acc: 0.7723374, Val Loss: 0.5767419, Val Acc: 0.7232525
Epoch: 404, Train Loss: 0.4797222, Train Acc: 0.7494639, Val Loss: 0.5624742, Val Acc: 0.7061341
Epoch: 405, Train Loss: 0.4727560, Train Acc: 0.7776984, Val Loss: 0.5319210, Val Acc: 0.7275321
Epoch: 406, Train Loss: 0.4927204, Train Acc: 0.7619728, Val Loss: 0.5694398, Val Acc: 0.7218260
Epoch: 407, Train Loss: 0.4622844, Train Acc: 0.7694782, Val Loss: 0.5478447, Val Acc: 0.7346648
Epoch: 408, Train Loss: 0.4843815, Train Acc: 0.7591137, Val Loss: 0.5691626, Val Acc: 0.7175464
Epoch: 409, Train Loss: 0.4790182, Train Acc: 0.7551823, Val Loss: 0.5759414, Val Acc: 0.7161198
