data directory: ../MolNet-data/
threshold: 4.5
number of epochs: 400
batch_size 4
number of data loader workers: 8
neural network size: 16
--------------------------------------------------------
generating training dataset...
folds:  [2, 3, 4, 5]
class name to integer map:  {'control': 0, 'nucleotide': 1}
getting data from following folders:  ['../MolNet-data/control/fold_2', '../MolNet-data/control/fold_3', '../MolNet-data/control/fold_4', '../MolNet-data/control/fold_5', '../MolNet-data/nucleotide/fold_2', '../MolNet-data/nucleotide/fold_3', '../MolNet-data/nucleotide/fold_4', '../MolNet-data/nucleotide/fold_5']
folder classes:  [0, 0, 0, 0, 1, 1, 1, 1]
lengths of the folders:  [389, 389, 389, 389, 311, 311, 310, 310]
--------------------------------------------------------
generating validation dataset...
folds:  [1]
class name to integer map:  {'control': 0, 'nucleotide': 1}
getting data from following folders:  ['../MolNet-data/control/fold_1', '../MolNet-data/nucleotide/fold_1']
folder classes:  [0, 1]
lengths of the folders:  [390, 311]
Epoch: 001, Train Loss: 1.0971805, Train Acc: 0.5918513, Val Loss: 1.2224015, Val Acc: 0.6547789
Epoch: 002, Train Loss: 0.6381029, Train Acc: 0.6082916, Val Loss: 0.7992854, Val Acc: 0.7018545
Epoch: 003, Train Loss: 0.6200250, Train Acc: 0.6586848, Val Loss: 0.9171595, Val Acc: 0.6333809
Epoch: 004, Train Loss: 0.6429340, Train Acc: 0.6311651, Val Loss: 0.6188133, Val Acc: 0.7118402
Epoch: 005, Train Loss: 0.6385416, Train Acc: 0.6268763, Val Loss: 0.7032562, Val Acc: 0.6733238
Epoch: 006, Train Loss: 0.6568865, Train Acc: 0.6222302, Val Loss: 0.6487975, Val Acc: 0.7018545
Epoch: 007, Train Loss: 0.6607097, Train Acc: 0.6068620, Val Loss: 0.6302240, Val Acc: 0.6747504
Epoch: 008, Train Loss: 0.6538070, Train Acc: 0.5843460, Val Loss: 0.6096309, Val Acc: 0.7232525
Epoch: 009, Train Loss: 0.6662144, Train Acc: 0.5796998, Val Loss: 0.6427044, Val Acc: 0.7161198
Epoch: 010, Train Loss: 0.6543114, Train Acc: 0.5964975, Val Loss: 0.6326113, Val Acc: 0.6619116
Epoch: 011, Train Loss: 0.6573938, Train Acc: 0.5686204, Val Loss: 0.5968821, Val Acc: 0.7417974
Epoch: 012, Train Loss: 0.6578390, Train Acc: 0.5718370, Val Loss: 0.6010226, Val Acc: 0.5549215
Epoch: 013, Train Loss: 0.6568903, Train Acc: 0.5904217, Val Loss: 0.6043453, Val Acc: 0.7089872
Epoch: 014, Train Loss: 0.6545982, Train Acc: 0.6090064, Val Loss: 0.6166719, Val Acc: 0.7004280
Epoch: 015, Train Loss: 0.6607839, Train Acc: 0.5950679, Val Loss: 0.6147767, Val Acc: 0.6875892
Epoch: 016, Train Loss: 0.6415022, Train Acc: 0.6165118, Val Loss: 0.6592782, Val Acc: 0.7018545
Epoch: 017, Train Loss: 0.6484704, Train Acc: 0.6215154, Val Loss: 0.5800866, Val Acc: 0.7360913
Epoch: 018, Train Loss: 0.6390387, Train Acc: 0.6304503, Val Loss: 0.5892545, Val Acc: 0.6975749
Epoch: 019, Train Loss: 0.6345307, Train Acc: 0.6397427, Val Loss: 0.6137114, Val Acc: 0.6690442
Epoch: 020, Train Loss: 0.6477983, Train Acc: 0.6254467, Val Loss: 0.6078173, Val Acc: 0.7032810
Epoch: 021, Train Loss: 0.6380095, Train Acc: 0.6322373, Val Loss: 0.5773740, Val Acc: 0.7132668
Epoch: 022, Train Loss: 0.6279822, Train Acc: 0.6593996, Val Loss: 0.6424842, Val Acc: 0.6676177
Epoch: 023, Train Loss: 0.6265432, Train Acc: 0.6647605, Val Loss: 0.5681806, Val Acc: 0.7275321
Epoch: 024, Train Loss: 0.6074438, Train Acc: 0.6690493, Val Loss: 0.5619391, Val Acc: 0.7346648
Epoch: 025, Train Loss: 0.6150708, Train Acc: 0.6708363, Val Loss: 0.5662793, Val Acc: 0.7246790
Epoch: 026, Train Loss: 0.6156919, Train Acc: 0.6669049, Val Loss: 0.6642114, Val Acc: 0.5663338
Epoch: 027, Train Loss: 0.6777180, Train Acc: 0.5729092, Val Loss: 0.6173199, Val Acc: 0.7189729
Epoch: 028, Train Loss: 0.6419865, Train Acc: 0.6390279, Val Loss: 0.5810679, Val Acc: 0.7089872
Epoch: 029, Train Loss: 0.6277814, Train Acc: 0.6694067, Val Loss: 0.5861137, Val Acc: 0.7075606
Epoch: 030, Train Loss: 0.6207495, Train Acc: 0.6540386, Val Loss: 0.5853313, Val Acc: 0.7146933
Epoch: 031, Train Loss: 0.6020130, Train Acc: 0.6815583, Val Loss: 0.5831181, Val Acc: 0.7232525
Epoch: 032, Train Loss: 0.6198732, Train Acc: 0.6611866, Val Loss: 0.5768844, Val Acc: 0.7047076
Epoch: 033, Train Loss: 0.6240032, Train Acc: 0.6601144, Val Loss: 0.5957613, Val Acc: 0.6918688
Epoch: 034, Train Loss: 0.6173498, Train Acc: 0.6694067, Val Loss: 0.6830899, Val Acc: 0.6818830
Epoch: 035, Train Loss: 0.6248642, Train Acc: 0.6590422, Val Loss: 0.5737479, Val Acc: 0.7332382
Epoch: 036, Train Loss: 0.6202891, Train Acc: 0.6658327, Val Loss: 0.5598520, Val Acc: 0.7018545
Epoch: 037, Train Loss: 0.6040347, Train Acc: 0.6779843, Val Loss: 1.3475661, Val Acc: 0.6975749
Epoch: 038, Train Loss: 0.6028361, Train Acc: 0.6654753, Val Loss: 0.5689500, Val Acc: 0.7246790
Epoch: 039, Train Loss: 0.6098443, Train Acc: 0.6708363, Val Loss: 0.5700550, Val Acc: 0.7261056
Epoch: 040, Train Loss: 0.6108984, Train Acc: 0.6669049, Val Loss: 0.5666918, Val Acc: 0.7489301
Epoch: 041, Train Loss: 0.6093617, Train Acc: 0.6833452, Val Loss: 0.5987045, Val Acc: 0.7104137
Epoch: 042, Train Loss: 0.6060331, Train Acc: 0.6851322, Val Loss: 1.1263867, Val Acc: 0.7132668
Epoch: 043, Train Loss: 0.6221986, Train Acc: 0.6661901, Val Loss: 0.5631780, Val Acc: 0.7289586
Epoch: 044, Train Loss: 0.6100603, Train Acc: 0.6619014, Val Loss: 0.6184163, Val Acc: 0.7303852
Epoch: 045, Train Loss: 0.6053594, Train Acc: 0.6822731, Val Loss: 0.5553882, Val Acc: 0.7261056
Epoch: 046, Train Loss: 0.5895931, Train Acc: 0.6890636, Val Loss: 0.5785294, Val Acc: 0.7503566
Epoch: 047, Train Loss: 0.6137153, Train Acc: 0.6690493, Val Loss: 0.5549194, Val Acc: 0.7432240
Epoch: 048, Train Loss: 0.6043068, Train Acc: 0.6769121, Val Loss: 0.5555475, Val Acc: 0.7446505
Epoch: 049, Train Loss: 0.5869039, Train Acc: 0.6929950, Val Loss: 0.5711396, Val Acc: 0.7232525
Epoch: 050, Train Loss: 0.5910740, Train Acc: 0.6890636, Val Loss: 0.5729917, Val Acc: 0.7075606
Epoch: 051, Train Loss: 0.5964941, Train Acc: 0.6801287, Val Loss: 0.5450627, Val Acc: 0.7503566
Epoch: 052, Train Loss: 0.5919917, Train Acc: 0.6840600, Val Loss: 0.5570657, Val Acc: 0.7246790
Epoch: 053, Train Loss: 0.5799814, Train Acc: 0.6962116, Val Loss: 0.6161187, Val Acc: 0.7375178
Epoch: 054, Train Loss: 0.5844054, Train Acc: 0.6969264, Val Loss: 50.5582423, Val Acc: 0.6947218
Epoch: 055, Train Loss: 0.5803608, Train Acc: 0.6976412, Val Loss: 23.4182041, Val Acc: 0.6847361
Epoch: 056, Train Loss: 0.5820333, Train Acc: 0.6940672, Val Loss: 0.5529399, Val Acc: 0.7118402
Epoch: 057, Train Loss: 0.5788726, Train Acc: 0.7065761, Val Loss: 0.5296380, Val Acc: 0.7489301
Epoch: 058, Train Loss: 0.5841075, Train Acc: 0.7051465, Val Loss: 0.5535864, Val Acc: 0.7332382
Epoch: 059, Train Loss: 0.5764195, Train Acc: 0.6801287, Val Loss: 0.5532457, Val Acc: 0.7232525
Epoch: 060, Train Loss: 0.5931380, Train Acc: 0.6819157, Val Loss: 0.5465315, Val Acc: 0.7246790
Epoch: 061, Train Loss: 0.5818884, Train Acc: 0.7037169, Val Loss: 0.6347986, Val Acc: 0.7146933
Epoch: 062, Train Loss: 0.5876927, Train Acc: 0.6962116, Val Loss: 0.5679217, Val Acc: 0.7360913
Epoch: 063, Train Loss: 0.5721130, Train Acc: 0.7044317, Val Loss: 0.8514424, Val Acc: 0.7189729
Epoch: 064, Train Loss: 0.6028875, Train Acc: 0.6829878, Val Loss: 0.5615314, Val Acc: 0.7175464
Epoch: 065, Train Loss: 0.5712038, Train Acc: 0.6890636, Val Loss: 5.4545407, Val Acc: 0.7389444
Epoch: 066, Train Loss: 0.5669067, Train Acc: 0.6990708, Val Loss: 10.9517987, Val Acc: 0.7460770
Epoch: 067, Train Loss: 0.5851834, Train Acc: 0.6965690, Val Loss: 0.5445472, Val Acc: 0.7132668
Epoch: 068, Train Loss: 0.5738164, Train Acc: 0.7105075, Val Loss: 150.1894244, Val Acc: 0.6861626
Epoch: 069, Train Loss: 0.5797903, Train Acc: 0.6958542, Val Loss: 0.5281343, Val Acc: 0.7460770
Epoch: 070, Train Loss: 0.5959544, Train Acc: 0.6808435, Val Loss: 0.5279507, Val Acc: 0.7489301
Epoch: 071, Train Loss: 0.5727360, Train Acc: 0.7012152, Val Loss: 0.5881292, Val Acc: 0.7061341
Epoch: 072, Train Loss: 0.5921500, Train Acc: 0.7026447, Val Loss: 0.5394516, Val Acc: 0.7460770
Epoch: 073, Train Loss: 0.5822557, Train Acc: 0.6983560, Val Loss: 0.9254509, Val Acc: 0.7375178
Epoch: 074, Train Loss: 0.5675859, Train Acc: 0.7126519, Val Loss: 1.1250178, Val Acc: 0.7275321
Epoch: 075, Train Loss: 0.5601541, Train Acc: 0.7205147, Val Loss: 0.5492670, Val Acc: 0.7061341
Epoch: 076, Train Loss: 0.5579314, Train Acc: 0.7180129, Val Loss: 0.5701916, Val Acc: 0.7275321
Epoch: 077, Train Loss: 0.5611411, Train Acc: 0.7090779, Val Loss: 0.6005969, Val Acc: 0.6676177
Epoch: 078, Train Loss: 0.5630961, Train Acc: 0.7147963, Val Loss: 0.5126852, Val Acc: 0.7517832
Epoch: 079, Train Loss: 0.5609859, Train Acc: 0.7108649, Val Loss: 1.4061253, Val Acc: 0.7232525
Epoch: 080, Train Loss: 0.5631596, Train Acc: 0.7201573, Val Loss: 0.5296682, Val Acc: 0.7503566
Epoch: 081, Train Loss: 0.5545882, Train Acc: 0.7169407, Val Loss: 0.6480826, Val Acc: 0.7318117
Epoch: 082, Train Loss: 0.5578697, Train Acc: 0.7165833, Val Loss: 0.5597351, Val Acc: 0.6961484
Epoch: 083, Train Loss: 0.5686410, Train Acc: 0.7119371, Val Loss: 0.5178479, Val Acc: 0.7532097
Epoch: 084, Train Loss: 0.5577670, Train Acc: 0.7169407, Val Loss: 0.5219494, Val Acc: 0.7460770
Epoch: 085, Train Loss: 0.5701927, Train Acc: 0.7047891, Val Loss: 0.5632369, Val Acc: 0.7517832
Epoch: 086, Train Loss: 0.5596970, Train Acc: 0.7172981, Val Loss: 0.5065029, Val Acc: 0.7475036
Epoch: 087, Train Loss: 0.5515901, Train Acc: 0.7183703, Val Loss: 0.5273730, Val Acc: 0.7489301
Epoch: 088, Train Loss: 0.5502466, Train Acc: 0.7258756, Val Loss: 0.4946272, Val Acc: 0.7560628
Epoch: 089, Train Loss: 0.5610145, Train Acc: 0.7162259, Val Loss: 1.3186597, Val Acc: 0.6947218
Epoch: 090, Train Loss: 0.5512321, Train Acc: 0.7215868, Val Loss: 0.7755417, Val Acc: 0.7246790
Epoch: 091, Train Loss: 0.5605447, Train Acc: 0.7183703, Val Loss: 670.6427340, Val Acc: 0.7303852
Epoch: 092, Train Loss: 0.5592123, Train Acc: 0.7273052, Val Loss: 283.7764829, Val Acc: 0.7417974
Epoch: 093, Train Loss: 0.5531181, Train Acc: 0.7358828, Val Loss: 410.2743239, Val Acc: 0.6904422
Epoch: 094, Train Loss: 0.5593794, Train Acc: 0.7215868, Val Loss: 1454.6423889, Val Acc: 0.7289586
Epoch: 095, Train Loss: 0.5370478, Train Acc: 0.7390994, Val Loss: 0.5793153, Val Acc: 0.7289586
Epoch: 096, Train Loss: 0.5536416, Train Acc: 0.7190851, Val Loss: 4.7334850, Val Acc: 0.7631954
Epoch: 097, Train Loss: 0.5506981, Train Acc: 0.7226590, Val Loss: 0.5031238, Val Acc: 0.7617689
Epoch: 098, Train Loss: 0.5444855, Train Acc: 0.7262330, Val Loss: 0.5427228, Val Acc: 0.7489301
Epoch: 099, Train Loss: 0.5499275, Train Acc: 0.7301644, Val Loss: 269.7895329, Val Acc: 0.7232525
Epoch: 100, Train Loss: 0.5431275, Train Acc: 0.7283774, Val Loss: 0.5137518, Val Acc: 0.7631954
Epoch: 101, Train Loss: 0.5502444, Train Acc: 0.7080057, Val Loss: 0.5001284, Val Acc: 0.7617689
Epoch: 102, Train Loss: 0.5449298, Train Acc: 0.7323088, Val Loss: 0.5055785, Val Acc: 0.7589158
Epoch: 103, Train Loss: 0.5589701, Train Acc: 0.7144389, Val Loss: 0.5369004, Val Acc: 0.7432240
Epoch: 104, Train Loss: 0.5417162, Train Acc: 0.7337384, Val Loss: 0.4910895, Val Acc: 0.7546362
Epoch: 105, Train Loss: 0.5405084, Train Acc: 0.7373124, Val Loss: 0.4793671, Val Acc: 0.7703281
Epoch: 106, Train Loss: 0.5469250, Train Acc: 0.7330236, Val Loss: 0.4839899, Val Acc: 0.7646220
Epoch: 107, Train Loss: 0.5338416, Train Acc: 0.7401716, Val Loss: 0.5353921, Val Acc: 0.7417974
Epoch: 108, Train Loss: 0.5397953, Train Acc: 0.7358828, Val Loss: 1.0407352, Val Acc: 0.7631954
Epoch: 109, Train Loss: 0.5502268, Train Acc: 0.7290922, Val Loss: 0.5384062, Val Acc: 0.7731812
Epoch: 110, Train Loss: 0.5366141, Train Acc: 0.7387420, Val Loss: 0.4967250, Val Acc: 0.7717546
Epoch: 111, Train Loss: 0.5387494, Train Acc: 0.7365976, Val Loss: 0.4976646, Val Acc: 0.7475036
Epoch: 112, Train Loss: 0.5317946, Train Acc: 0.7416011, Val Loss: 657.2275893, Val Acc: 0.7503566
Epoch: 113, Train Loss: 0.5404522, Train Acc: 0.7251608, Val Loss: 0.4753505, Val Acc: 0.7674750
Epoch: 114, Train Loss: 0.5467757, Train Acc: 0.7265904, Val Loss: 2.1872171, Val Acc: 0.7788873
Epoch: 115, Train Loss: 0.5496056, Train Acc: 0.7308792, Val Loss: 3.0391853, Val Acc: 0.7788873
Epoch: 116, Train Loss: 0.5495964, Train Acc: 0.7226590, Val Loss: 10.8163883, Val Acc: 0.7774608
Epoch: 117, Train Loss: 0.5345291, Train Acc: 0.7426733, Val Loss: 0.5045778, Val Acc: 0.7417974
Epoch: 118, Train Loss: 0.5485121, Train Acc: 0.7237312, Val Loss: 0.4737658, Val Acc: 0.7874465
Epoch: 119, Train Loss: 0.5389764, Train Acc: 0.7337384, Val Loss: 0.4898246, Val Acc: 0.7631954
Epoch: 120, Train Loss: 0.5520013, Train Acc: 0.7176555, Val Loss: 0.5323263, Val Acc: 0.7218260
Epoch: 121, Train Loss: 0.5492533, Train Acc: 0.7305218, Val Loss: 11.9715467, Val Acc: 0.7689016
Epoch: 122, Train Loss: 0.5531844, Train Acc: 0.7344532, Val Loss: 0.5053902, Val Acc: 0.7546362
Epoch: 123, Train Loss: 0.5436147, Train Acc: 0.7301644, Val Loss: 20.0156009, Val Acc: 0.7631954
Epoch: 124, Train Loss: 0.5541599, Train Acc: 0.7319514, Val Loss: 0.4909009, Val Acc: 0.7689016
Epoch: 125, Train Loss: 0.5462495, Train Acc: 0.7201573, Val Loss: 0.5158851, Val Acc: 0.7475036
Epoch: 126, Train Loss: 0.5480428, Train Acc: 0.7265904, Val Loss: 0.4760587, Val Acc: 0.7874465
Epoch: 127, Train Loss: 0.5364714, Train Acc: 0.7423159, Val Loss: 0.6688426, Val Acc: 0.7731812
Epoch: 128, Train Loss: 0.5321799, Train Acc: 0.7512509, Val Loss: 323.3007092, Val Acc: 0.7303852
Epoch: 129, Train Loss: 0.5258788, Train Acc: 0.7462473, Val Loss: 0.5143292, Val Acc: 0.7460770
Epoch: 130, Train Loss: 0.5408382, Train Acc: 0.7290922, Val Loss: 0.7482233, Val Acc: 0.7760342
Epoch: 131, Train Loss: 0.5438180, Train Acc: 0.7305218, Val Loss: 51.2917092, Val Acc: 0.7631954
Epoch: 132, Train Loss: 0.5498383, Train Acc: 0.7351680, Val Loss: 0.4879248, Val Acc: 0.7703281
Epoch: 133, Train Loss: 0.5336896, Train Acc: 0.7408863, Val Loss: 0.4967990, Val Acc: 0.7560628
Epoch: 134, Train Loss: 0.5285002, Train Acc: 0.7419585, Val Loss: 0.4694927, Val Acc: 0.7845934
Epoch: 135, Train Loss: 0.5583336, Train Acc: 0.7287348, Val Loss: 0.4989332, Val Acc: 0.7446505
Epoch: 136, Train Loss: 0.5310383, Train Acc: 0.7365976, Val Loss: 0.4937192, Val Acc: 0.7689016
Epoch: 137, Train Loss: 0.5374681, Train Acc: 0.7408863, Val Loss: 0.4871268, Val Acc: 0.7546362
Epoch: 138, Train Loss: 0.5344135, Train Acc: 0.7373124, Val Loss: 0.4941579, Val Acc: 0.7617689
Epoch: 139, Train Loss: 0.5459206, Train Acc: 0.7351680, Val Loss: 0.4742229, Val Acc: 0.7931526
Epoch: 140, Train Loss: 0.5397679, Train Acc: 0.7283774, Val Loss: 0.4965432, Val Acc: 0.7646220
Epoch: 141, Train Loss: 0.5361224, Train Acc: 0.7358828, Val Loss: 0.4972112, Val Acc: 0.7631954
Epoch: 142, Train Loss: 0.5404164, Train Acc: 0.7333810, Val Loss: 0.4881796, Val Acc: 0.7746077
Epoch: 143, Train Loss: 0.5281408, Train Acc: 0.7508935, Val Loss: 0.4898642, Val Acc: 0.7817404
Epoch: 144, Train Loss: 0.5456863, Train Acc: 0.7248034, Val Loss: 0.5040944, Val Acc: 0.7646220
Epoch: 145, Train Loss: 0.5365391, Train Acc: 0.7401716, Val Loss: 0.4893435, Val Acc: 0.7646220
Epoch: 146, Train Loss: 0.5300104, Train Acc: 0.7458899, Val Loss: 0.4880848, Val Acc: 0.7674750
Epoch: 147, Train Loss: 0.5361902, Train Acc: 0.7398142, Val Loss: 0.5064928, Val Acc: 0.7803138
Epoch: 148, Train Loss: 0.5350288, Train Acc: 0.7251608, Val Loss: 0.5137773, Val Acc: 0.7703281
Epoch: 149, Train Loss: 0.5405212, Train Acc: 0.7387420, Val Loss: 0.4624151, Val Acc: 0.8031384
Epoch: 150, Train Loss: 0.5285193, Train Acc: 0.7394568, Val Loss: 0.4866575, Val Acc: 0.7703281
Epoch: 151, Train Loss: 0.5338856, Train Acc: 0.7290922, Val Loss: 0.5102490, Val Acc: 0.7631954
Epoch: 152, Train Loss: 0.5205117, Train Acc: 0.7462473, Val Loss: 0.5025169, Val Acc: 0.7660485
Epoch: 153, Train Loss: 0.5382905, Train Acc: 0.7312366, Val Loss: 0.4651614, Val Acc: 0.7817404
Epoch: 154, Train Loss: 0.5512599, Train Acc: 0.7276626, Val Loss: 0.4914456, Val Acc: 0.7617689
Epoch: 155, Train Loss: 0.5430223, Train Acc: 0.7305218, Val Loss: 0.4769910, Val Acc: 0.8002853
Epoch: 156, Train Loss: 0.5290995, Train Acc: 0.7491065, Val Loss: 0.4780733, Val Acc: 0.7674750
Epoch: 157, Train Loss: 0.5459314, Train Acc: 0.7365976, Val Loss: 0.5051536, Val Acc: 0.7717546
Epoch: 158, Train Loss: 0.5327381, Train Acc: 0.7458899, Val Loss: 0.4952902, Val Acc: 0.7475036
Epoch: 159, Train Loss: 0.5190845, Train Acc: 0.7473195, Val Loss: 0.4994204, Val Acc: 0.7646220
Epoch: 160, Train Loss: 0.5242038, Train Acc: 0.7398142, Val Loss: 0.5428770, Val Acc: 0.7189729
Epoch: 161, Train Loss: 0.5346331, Train Acc: 0.7426733, Val Loss: 0.4860902, Val Acc: 0.7703281
Epoch: 162, Train Loss: 0.5408266, Train Acc: 0.7305218, Val Loss: 0.5196156, Val Acc: 0.7403709
Epoch: 163, Train Loss: 0.5378433, Train Acc: 0.7255182, Val Loss: 0.4983379, Val Acc: 0.7503566
Epoch: 164, Train Loss: 0.5554532, Train Acc: 0.7248034, Val Loss: 0.4911053, Val Acc: 0.7674750
Epoch: 165, Train Loss: 0.5375937, Train Acc: 0.7426733, Val Loss: 0.5139655, Val Acc: 0.7589158
Epoch: 166, Train Loss: 0.5299802, Train Acc: 0.7494639, Val Loss: 0.5035303, Val Acc: 0.7689016
Epoch: 167, Train Loss: 0.5378082, Train Acc: 0.7315940, Val Loss: 0.5044451, Val Acc: 0.7532097
Epoch: 168, Train Loss: 0.5383501, Train Acc: 0.7340958, Val Loss: 0.5065381, Val Acc: 0.7674750
Epoch: 169, Train Loss: 0.5349769, Train Acc: 0.7416011, Val Loss: 0.4790631, Val Acc: 0.7746077
Epoch: 170, Train Loss: 0.5382318, Train Acc: 0.7319514, Val Loss: 0.4965007, Val Acc: 0.7660485
Epoch: 171, Train Loss: 0.5222053, Train Acc: 0.7451751, Val Loss: 0.5210224, Val Acc: 0.7731812
Epoch: 172, Train Loss: 0.5331833, Train Acc: 0.7365976, Val Loss: 0.4785729, Val Acc: 0.7831669
Epoch: 173, Train Loss: 0.5159896, Train Acc: 0.7430307, Val Loss: 0.5032214, Val Acc: 0.7560628
Epoch: 174, Train Loss: 0.5325655, Train Acc: 0.7390994, Val Loss: 0.4676723, Val Acc: 0.7831669
Epoch: 175, Train Loss: 0.5149392, Train Acc: 0.7516083, Val Loss: 0.4802566, Val Acc: 0.7803138
Epoch: 176, Train Loss: 0.5264120, Train Acc: 0.7458899, Val Loss: 0.4635123, Val Acc: 0.7888730
Epoch: 177, Train Loss: 0.5326843, Train Acc: 0.7394568, Val Loss: 0.4755130, Val Acc: 0.7831669
Epoch: 178, Train Loss: 0.5262468, Train Acc: 0.7437455, Val Loss: 0.5400547, Val Acc: 0.7503566
Epoch: 179, Train Loss: 0.5171831, Train Acc: 0.7466047, Val Loss: 0.4707065, Val Acc: 0.7774608
Epoch: 180, Train Loss: 0.5240248, Train Acc: 0.7526805, Val Loss: 0.4987676, Val Acc: 0.7746077
Epoch: 181, Train Loss: 0.5308441, Train Acc: 0.7430307, Val Loss: 0.4791471, Val Acc: 0.7860200
Epoch: 182, Train Loss: 0.5252875, Train Acc: 0.7455325, Val Loss: 0.4876123, Val Acc: 0.7917261
Epoch: 183, Train Loss: 0.5303218, Train Acc: 0.7501787, Val Loss: 0.4770914, Val Acc: 0.7945792
Epoch: 184, Train Loss: 0.5235200, Train Acc: 0.7562545, Val Loss: 0.4759622, Val Acc: 0.7703281
Epoch: 185, Train Loss: 0.5311664, Train Acc: 0.7394568, Val Loss: 0.5272903, Val Acc: 0.7589158
Epoch: 186, Train Loss: 0.5224747, Train Acc: 0.7448177, Val Loss: 0.4805483, Val Acc: 0.7803138
Epoch: 187, Train Loss: 0.5237868, Train Acc: 0.7455325, Val Loss: 0.4922186, Val Acc: 0.7731812
Epoch: 188, Train Loss: 0.5295239, Train Acc: 0.7455325, Val Loss: 0.4884448, Val Acc: 0.7803138
Epoch: 189, Train Loss: 0.5216196, Train Acc: 0.7551823, Val Loss: 0.4871855, Val Acc: 0.7631954
Epoch: 190, Train Loss: 0.5196548, Train Acc: 0.7501787, Val Loss: 0.4930750, Val Acc: 0.7689016
Epoch: 191, Train Loss: 0.5242563, Train Acc: 0.7523231, Val Loss: 0.4933955, Val Acc: 0.7674750
Epoch: 192, Train Loss: 0.5167807, Train Acc: 0.7537527, Val Loss: 0.4700910, Val Acc: 0.7874465
Epoch: 193, Train Loss: 0.5303889, Train Acc: 0.7451751, Val Loss: 0.5510278, Val Acc: 0.7817404
Epoch: 194, Train Loss: 0.5111343, Train Acc: 0.7541101, Val Loss: 5.5932372, Val Acc: 0.7746077
Epoch: 195, Train Loss: 0.5308827, Train Acc: 0.7426733, Val Loss: 1.7711000, Val Acc: 0.7674750
Epoch: 196, Train Loss: 0.5261388, Train Acc: 0.7416011, Val Loss: 1.7992690, Val Acc: 0.7617689
Epoch: 197, Train Loss: 0.5310165, Train Acc: 0.7376698, Val Loss: 0.4929619, Val Acc: 0.7917261
Epoch: 198, Train Loss: 0.5164041, Train Acc: 0.7508935, Val Loss: 0.5585110, Val Acc: 0.7717546
Epoch: 199, Train Loss: 0.5332145, Train Acc: 0.7408863, Val Loss: 0.4658411, Val Acc: 0.7888730
Epoch: 200, Train Loss: 0.5358187, Train Acc: 0.7387420, Val Loss: 0.4723232, Val Acc: 0.7988588
Epoch: 201, Train Loss: 0.5257666, Train Acc: 0.7441029, Val Loss: 0.4724187, Val Acc: 0.7703281
Epoch: 202, Train Loss: 0.5113155, Train Acc: 0.7533953, Val Loss: 0.4753339, Val Acc: 0.7703281
Epoch: 203, Train Loss: 0.5162575, Train Acc: 0.7491065, Val Loss: 0.4702567, Val Acc: 0.7845934
Epoch: 204, Train Loss: 0.5195396, Train Acc: 0.7444603, Val Loss: 0.4538833, Val Acc: 0.8002853
Epoch: 205, Train Loss: 0.5167392, Train Acc: 0.7519657, Val Loss: 0.5211556, Val Acc: 0.7589158
Epoch: 206, Train Loss: 0.5128196, Train Acc: 0.7573267, Val Loss: 0.4634060, Val Acc: 0.8045649
Epoch: 207, Train Loss: 0.5034153, Train Acc: 0.7591137, Val Loss: 0.4754572, Val Acc: 0.7788873
Epoch: 208, Train Loss: 0.5258382, Train Acc: 0.7430307, Val Loss: 0.5004241, Val Acc: 0.7532097
Epoch: 209, Train Loss: 0.5367977, Train Acc: 0.7365976, Val Loss: 0.4773098, Val Acc: 0.7717546
Epoch: 210, Train Loss: 0.5185513, Train Acc: 0.7466047, Val Loss: 0.4881511, Val Acc: 0.7788873
Epoch: 211, Train Loss: 0.5234371, Train Acc: 0.7512509, Val Loss: 0.4872612, Val Acc: 0.7574893
Epoch: 212, Train Loss: 0.5188014, Train Acc: 0.7458899, Val Loss: 0.4814629, Val Acc: 0.7631954
Epoch: 213, Train Loss: 0.5224447, Train Acc: 0.7416011, Val Loss: 0.5123029, Val Acc: 0.7888730
Epoch: 214, Train Loss: 0.5257907, Train Acc: 0.7466047, Val Loss: 0.4763962, Val Acc: 0.7931526
Epoch: 215, Train Loss: 0.5080300, Train Acc: 0.7548249, Val Loss: 0.4703384, Val Acc: 0.7860200
Epoch: 216, Train Loss: 0.5272526, Train Acc: 0.7430307, Val Loss: 0.4684944, Val Acc: 0.7860200
Epoch: 217, Train Loss: 0.5140389, Train Acc: 0.7491065, Val Loss: 0.4809897, Val Acc: 0.7532097
Epoch: 218, Train Loss: 0.5186930, Train Acc: 0.7598284, Val Loss: 0.4935434, Val Acc: 0.7731812
Epoch: 219, Train Loss: 0.5231287, Train Acc: 0.7523231, Val Loss: 0.4795012, Val Acc: 0.7760342
Epoch: 220, Train Loss: 0.5159445, Train Acc: 0.7423159, Val Loss: 0.5255304, Val Acc: 0.7860200
Epoch: 221, Train Loss: 0.5234910, Train Acc: 0.7508935, Val Loss: 0.4958580, Val Acc: 0.7532097
Epoch: 222, Train Loss: 0.5196276, Train Acc: 0.7544675, Val Loss: 0.6066171, Val Acc: 0.7318117
Epoch: 223, Train Loss: 0.5113769, Train Acc: 0.7576841, Val Loss: 0.4770848, Val Acc: 0.7746077
Epoch: 224, Train Loss: 0.5155514, Train Acc: 0.7512509, Val Loss: 0.4708389, Val Acc: 0.7660485
Epoch: 225, Train Loss: 0.5215995, Train Acc: 0.7441029, Val Loss: 0.4830189, Val Acc: 0.7888730
Epoch: 226, Train Loss: 0.5141158, Train Acc: 0.7526805, Val Loss: 0.5083560, Val Acc: 0.7560628
Epoch: 227, Train Loss: 0.5123907, Train Acc: 0.7594711, Val Loss: 0.4789457, Val Acc: 0.7845934
Epoch: 228, Train Loss: 0.5109592, Train Acc: 0.7544675, Val Loss: 0.4749187, Val Acc: 0.7874465
Epoch: 229, Train Loss: 0.5218960, Train Acc: 0.7548249, Val Loss: 0.4728764, Val Acc: 0.7803138
Epoch: 230, Train Loss: 0.5074709, Train Acc: 0.7598284, Val Loss: 0.4599149, Val Acc: 0.8059914
Epoch: 231, Train Loss: 0.5063512, Train Acc: 0.7583989, Val Loss: 0.4943029, Val Acc: 0.7689016
Epoch: 232, Train Loss: 0.5209017, Train Acc: 0.7512509, Val Loss: 0.4608799, Val Acc: 0.7746077
Epoch: 233, Train Loss: 0.5025632, Train Acc: 0.7598284, Val Loss: 0.4789286, Val Acc: 0.7674750
Epoch: 234, Train Loss: 0.5114354, Train Acc: 0.7623302, Val Loss: 0.4732060, Val Acc: 0.7902996
Epoch: 235, Train Loss: 0.5073722, Train Acc: 0.7573267, Val Loss: 0.4668204, Val Acc: 0.7831669
Epoch: 236, Train Loss: 0.5166350, Train Acc: 0.7483917, Val Loss: 0.4787762, Val Acc: 0.7803138
Epoch: 237, Train Loss: 0.5159931, Train Acc: 0.7519657, Val Loss: 0.4941573, Val Acc: 0.7532097
Epoch: 238, Train Loss: 0.4930508, Train Acc: 0.7623302, Val Loss: 0.4885421, Val Acc: 0.7874465
Epoch: 239, Train Loss: 0.5102196, Train Acc: 0.7605432, Val Loss: 0.4728141, Val Acc: 0.7902996
Epoch: 240, Train Loss: 0.5081793, Train Acc: 0.7530379, Val Loss: 0.4592790, Val Acc: 0.7888730
Epoch: 241, Train Loss: 0.4914436, Train Acc: 0.7698356, Val Loss: 0.4814385, Val Acc: 0.7774608
Epoch: 242, Train Loss: 0.5096245, Train Acc: 0.7576841, Val Loss: 0.4810785, Val Acc: 0.7660485
Epoch: 243, Train Loss: 0.5110622, Train Acc: 0.7537527, Val Loss: 0.4932169, Val Acc: 0.7717546
Epoch: 244, Train Loss: 0.5132822, Train Acc: 0.7526805, Val Loss: 0.4676251, Val Acc: 0.7831669
Epoch: 245, Train Loss: 0.4974554, Train Acc: 0.7530379, Val Loss: 0.5481024, Val Acc: 0.7104137
Epoch: 246, Train Loss: 0.5062284, Train Acc: 0.7591137, Val Loss: 0.5088239, Val Acc: 0.7375178
Epoch: 247, Train Loss: 0.5186126, Train Acc: 0.7398142, Val Loss: 0.4887706, Val Acc: 0.7646220
Epoch: 248, Train Loss: 0.5027627, Train Acc: 0.7644746, Val Loss: 0.5024835, Val Acc: 0.7503566
Epoch: 249, Train Loss: 0.5130308, Train Acc: 0.7530379, Val Loss: 0.4704175, Val Acc: 0.7746077
Epoch: 250, Train Loss: 0.5096656, Train Acc: 0.7609006, Val Loss: 0.4768524, Val Acc: 0.7931526
Epoch: 251, Train Loss: 0.4957169, Train Acc: 0.7680486, Val Loss: 0.4677843, Val Acc: 0.7631954
Epoch: 252, Train Loss: 0.5062166, Train Acc: 0.7619728, Val Loss: 0.4965460, Val Acc: 0.7917261
Epoch: 253, Train Loss: 0.5025611, Train Acc: 0.7619728, Val Loss: 0.4853734, Val Acc: 0.7931526
Epoch: 254, Train Loss: 0.5059566, Train Acc: 0.7558971, Val Loss: 0.5408624, Val Acc: 0.7175464
Epoch: 255, Train Loss: 0.4877034, Train Acc: 0.7730522, Val Loss: 0.4564484, Val Acc: 0.8031384
Epoch: 256, Train Loss: 0.5056453, Train Acc: 0.7662616, Val Loss: 0.5065213, Val Acc: 0.7703281
Epoch: 257, Train Loss: 0.5066179, Train Acc: 0.7580415, Val Loss: 0.5108879, Val Acc: 0.7817404
Epoch: 258, Train Loss: 0.5031226, Train Acc: 0.7644746, Val Loss: 0.4656127, Val Acc: 0.7803138
Epoch: 259, Train Loss: 0.4956646, Train Acc: 0.7730522, Val Loss: 0.5221080, Val Acc: 0.7660485
Epoch: 260, Train Loss: 0.5025462, Train Acc: 0.7619728, Val Loss: 0.4812736, Val Acc: 0.7845934
Epoch: 261, Train Loss: 0.5029761, Train Acc: 0.7580415, Val Loss: 0.4696310, Val Acc: 0.7945792
Epoch: 262, Train Loss: 0.4983700, Train Acc: 0.7634024, Val Loss: 0.5353322, Val Acc: 0.7860200
Epoch: 263, Train Loss: 0.4955523, Train Acc: 0.7748392, Val Loss: 0.4736657, Val Acc: 0.7817404
Epoch: 264, Train Loss: 0.5028512, Train Acc: 0.7562545, Val Loss: 0.4734467, Val Acc: 0.7774608
Epoch: 265, Train Loss: 0.4908397, Train Acc: 0.7619728, Val Loss: 0.4839192, Val Acc: 0.7831669
Epoch: 266, Train Loss: 0.4992908, Train Acc: 0.7619728, Val Loss: 0.4916695, Val Acc: 0.7546362
Epoch: 267, Train Loss: 0.5047161, Train Acc: 0.7655468, Val Loss: 0.4711946, Val Acc: 0.7831669
Epoch: 268, Train Loss: 0.4874459, Train Acc: 0.7619728, Val Loss: 0.5069313, Val Acc: 0.7646220
Epoch: 269, Train Loss: 0.4918400, Train Acc: 0.7719800, Val Loss: 0.4853280, Val Acc: 0.7902996
Epoch: 270, Train Loss: 0.4949812, Train Acc: 0.7694782, Val Loss: 0.4873151, Val Acc: 0.7731812
Epoch: 271, Train Loss: 0.5065344, Train Acc: 0.7591137, Val Loss: 0.4766644, Val Acc: 0.7874465
Epoch: 272, Train Loss: 0.4979390, Train Acc: 0.7662616, Val Loss: 0.4902703, Val Acc: 0.7774608
Epoch: 273, Train Loss: 0.4825043, Train Acc: 0.7698356, Val Loss: 0.4831628, Val Acc: 0.7574893
Epoch: 274, Train Loss: 0.4948113, Train Acc: 0.7641172, Val Loss: 0.5511572, Val Acc: 0.7731812
Epoch: 275, Train Loss: 0.4872340, Train Acc: 0.7837741, Val Loss: 0.4786212, Val Acc: 0.7902996
Epoch: 276, Train Loss: 0.5160773, Train Acc: 0.7508935, Val Loss: 0.4871144, Val Acc: 0.7931526
Epoch: 277, Train Loss: 0.4975158, Train Acc: 0.7669764, Val Loss: 0.4913836, Val Acc: 0.7646220
Epoch: 278, Train Loss: 0.4838847, Train Acc: 0.7787706, Val Loss: 0.4884393, Val Acc: 0.7475036
Epoch: 279, Train Loss: 0.5068428, Train Acc: 0.7573267, Val Loss: 0.4746869, Val Acc: 0.7974322
Epoch: 280, Train Loss: 0.4922284, Train Acc: 0.7594711, Val Loss: 0.4910898, Val Acc: 0.8031384
Epoch: 281, Train Loss: 0.4955676, Train Acc: 0.7533953, Val Loss: 0.4612941, Val Acc: 0.7774608
Epoch: 282, Train Loss: 0.5008452, Train Acc: 0.7698356, Val Loss: 0.4704528, Val Acc: 0.7831669
Epoch: 283, Train Loss: 0.4855380, Train Acc: 0.7691208, Val Loss: 0.5474395, Val Acc: 0.7446505
Epoch: 284, Train Loss: 0.5013064, Train Acc: 0.7641172, Val Loss: 0.4539523, Val Acc: 0.7902996
Epoch: 285, Train Loss: 0.5054710, Train Acc: 0.7634024, Val Loss: 0.4669994, Val Acc: 0.7960057
Epoch: 286, Train Loss: 0.4880698, Train Acc: 0.7680486, Val Loss: 0.4729046, Val Acc: 0.7845934
Epoch: 287, Train Loss: 0.4921683, Train Acc: 0.7566119, Val Loss: 0.4688639, Val Acc: 0.7760342
Epoch: 288, Train Loss: 0.4799629, Train Acc: 0.7769836, Val Loss: 0.4702325, Val Acc: 0.7917261
Epoch: 289, Train Loss: 0.4902867, Train Acc: 0.7676912, Val Loss: 0.5000625, Val Acc: 0.7546362
Epoch: 290, Train Loss: 0.4945761, Train Acc: 0.7698356, Val Loss: 0.4783520, Val Acc: 0.7888730
Epoch: 291, Train Loss: 0.5087809, Train Acc: 0.7609006, Val Loss: 0.4753722, Val Acc: 0.7960057
Epoch: 292, Train Loss: 0.5016276, Train Acc: 0.7551823, Val Loss: 0.5159402, Val Acc: 0.7375178
Epoch: 293, Train Loss: 0.4771190, Train Acc: 0.7794853, Val Loss: 0.4820053, Val Acc: 0.7917261
Epoch: 294, Train Loss: 0.4806732, Train Acc: 0.7709078, Val Loss: 0.4905465, Val Acc: 0.7717546
Epoch: 295, Train Loss: 0.5019179, Train Acc: 0.7569693, Val Loss: 0.4826954, Val Acc: 0.7760342
Epoch: 296, Train Loss: 0.4958311, Train Acc: 0.7523231, Val Loss: 0.4682949, Val Acc: 0.7731812
Epoch: 297, Train Loss: 0.4862560, Train Acc: 0.7726948, Val Loss: 0.4579076, Val Acc: 0.8031384
Epoch: 298, Train Loss: 0.4929980, Train Acc: 0.7598284, Val Loss: 0.4741938, Val Acc: 0.7931526
Epoch: 299, Train Loss: 0.4962591, Train Acc: 0.7680486, Val Loss: 0.5108459, Val Acc: 0.7560628
Epoch: 300, Train Loss: 0.4830076, Train Acc: 0.7694782, Val Loss: 0.4738614, Val Acc: 0.7746077
Epoch: 301, Train Loss: 0.4781392, Train Acc: 0.7791279, Val Loss: 0.4501104, Val Acc: 0.7788873
Epoch: 302, Train Loss: 0.4682116, Train Acc: 0.7812723, Val Loss: 0.4488190, Val Acc: 0.7931526
Epoch: 303, Train Loss: 0.4590835, Train Acc: 0.7819871, Val Loss: 0.4516579, Val Acc: 0.7888730
Epoch: 304, Train Loss: 0.4755060, Train Acc: 0.7744818, Val Loss: 0.4530049, Val Acc: 0.7703281
Epoch: 305, Train Loss: 0.4853645, Train Acc: 0.7776984, Val Loss: 0.4694413, Val Acc: 0.7945792
Epoch: 306, Train Loss: 0.4819269, Train Acc: 0.7812723, Val Loss: 0.4515441, Val Acc: 0.7974322
Epoch: 307, Train Loss: 0.4800097, Train Acc: 0.7680486, Val Loss: 0.4519159, Val Acc: 0.7917261
Epoch: 308, Train Loss: 0.4730284, Train Acc: 0.7734096, Val Loss: 0.4459123, Val Acc: 0.7860200
Epoch: 309, Train Loss: 0.4631337, Train Acc: 0.7809149, Val Loss: 0.4578733, Val Acc: 0.7902996
Epoch: 310, Train Loss: 0.4678730, Train Acc: 0.7798427, Val Loss: 0.4695025, Val Acc: 0.7803138
Epoch: 311, Train Loss: 0.4714848, Train Acc: 0.7780558, Val Loss: 0.4456654, Val Acc: 0.7845934
Epoch: 312, Train Loss: 0.4693444, Train Acc: 0.7855611, Val Loss: 0.4917726, Val Acc: 0.7674750
Epoch: 313, Train Loss: 0.4618297, Train Acc: 0.7844889, Val Loss: 0.4561744, Val Acc: 0.7945792
Epoch: 314, Train Loss: 0.4450632, Train Acc: 0.7937813, Val Loss: 0.4596219, Val Acc: 0.7774608
Epoch: 315, Train Loss: 0.4711152, Train Acc: 0.7827019, Val Loss: 0.4594244, Val Acc: 0.7874465
Epoch: 316, Train Loss: 0.4766000, Train Acc: 0.7780558, Val Loss: 0.4950847, Val Acc: 0.7703281
Epoch: 317, Train Loss: 0.4701703, Train Acc: 0.7841315, Val Loss: 0.4485024, Val Acc: 0.7917261
Epoch: 318, Train Loss: 0.4584320, Train Acc: 0.7884203, Val Loss: 0.4866812, Val Acc: 0.7689016
Epoch: 319, Train Loss: 0.4683835, Train Acc: 0.7694782, Val Loss: 0.4808546, Val Acc: 0.7574893
Epoch: 320, Train Loss: 0.4705844, Train Acc: 0.7844889, Val Loss: 0.4618577, Val Acc: 0.7860200
Epoch: 321, Train Loss: 0.4607843, Train Acc: 0.7891351, Val Loss: 0.4849579, Val Acc: 0.7845934
Epoch: 322, Train Loss: 0.4684884, Train Acc: 0.7784132, Val Loss: 0.4488874, Val Acc: 0.7845934
Epoch: 323, Train Loss: 0.4554540, Train Acc: 0.7862759, Val Loss: 0.4845615, Val Acc: 0.7674750
Epoch: 324, Train Loss: 0.4639359, Train Acc: 0.7830593, Val Loss: 0.4961528, Val Acc: 0.7631954
Epoch: 325, Train Loss: 0.4504158, Train Acc: 0.7973553, Val Loss: 0.4689043, Val Acc: 0.7817404
Epoch: 326, Train Loss: 0.4673725, Train Acc: 0.7816297, Val Loss: 0.5702004, Val Acc: 0.7760342
Epoch: 327, Train Loss: 0.4552168, Train Acc: 0.7937813, Val Loss: 0.4581633, Val Acc: 0.7845934
Epoch: 328, Train Loss: 0.4762243, Train Acc: 0.7769836, Val Loss: 0.4384004, Val Acc: 0.7860200
Epoch: 329, Train Loss: 0.4641836, Train Acc: 0.7816297, Val Loss: 0.4507498, Val Acc: 0.7860200
Epoch: 330, Train Loss: 0.4599959, Train Acc: 0.7841315, Val Loss: 0.4521456, Val Acc: 0.7902996
Epoch: 331, Train Loss: 0.4492283, Train Acc: 0.7884203, Val Loss: 0.4380084, Val Acc: 0.7960057
Epoch: 332, Train Loss: 0.4579211, Train Acc: 0.7916369, Val Loss: 0.4439867, Val Acc: 0.7845934
Epoch: 333, Train Loss: 0.4603023, Train Acc: 0.7902073, Val Loss: 0.4724842, Val Acc: 0.7845934
Epoch: 334, Train Loss: 0.4709849, Train Acc: 0.7930665, Val Loss: 0.4679905, Val Acc: 0.7674750
Epoch: 335, Train Loss: 0.4588926, Train Acc: 0.7887777, Val Loss: 0.4649479, Val Acc: 0.7788873
Epoch: 336, Train Loss: 0.4669952, Train Acc: 0.7802001, Val Loss: 0.4516883, Val Acc: 0.7803138
Epoch: 337, Train Loss: 0.4625377, Train Acc: 0.7812723, Val Loss: 0.4658876, Val Acc: 0.7717546
Epoch: 338, Train Loss: 0.4644203, Train Acc: 0.7859185, Val Loss: 0.4704446, Val Acc: 0.7874465
Epoch: 339, Train Loss: 0.4607737, Train Acc: 0.7823445, Val Loss: 0.4992811, Val Acc: 0.7703281
Epoch: 340, Train Loss: 0.4686575, Train Acc: 0.7809149, Val Loss: 0.5154211, Val Acc: 0.7674750
Epoch: 341, Train Loss: 0.4635678, Train Acc: 0.7848463, Val Loss: 0.4518785, Val Acc: 0.7874465
Epoch: 342, Train Loss: 0.4516699, Train Acc: 0.7816297, Val Loss: 0.4697784, Val Acc: 0.7731812
Epoch: 343, Train Loss: 0.4588479, Train Acc: 0.7834167, Val Loss: 0.4465662, Val Acc: 0.7860200
Epoch: 344, Train Loss: 0.4712803, Train Acc: 0.7827019, Val Loss: 0.4789418, Val Acc: 0.7845934
Epoch: 345, Train Loss: 0.4630583, Train Acc: 0.7927091, Val Loss: 0.4797981, Val Acc: 0.7717546
Epoch: 346, Train Loss: 0.4656452, Train Acc: 0.7848463, Val Loss: 0.4627259, Val Acc: 0.7845934
Epoch: 347, Train Loss: 0.4756323, Train Acc: 0.7787706, Val Loss: 0.4607579, Val Acc: 0.7731812
Epoch: 348, Train Loss: 0.4559817, Train Acc: 0.7955683, Val Loss: 0.4582173, Val Acc: 0.8017118
Epoch: 349, Train Loss: 0.4557166, Train Acc: 0.7919943, Val Loss: 0.4712178, Val Acc: 0.7731812
Epoch: 350, Train Loss: 0.4581810, Train Acc: 0.7869907, Val Loss: 0.4446080, Val Acc: 0.7945792
Epoch: 351, Train Loss: 0.4645969, Train Acc: 0.7834167, Val Loss: 0.4574477, Val Acc: 0.7860200
Epoch: 352, Train Loss: 0.4565031, Train Acc: 0.7927091, Val Loss: 0.4385409, Val Acc: 0.7902996
Epoch: 353, Train Loss: 0.4643623, Train Acc: 0.7841315, Val Loss: 0.4509972, Val Acc: 0.7917261
Epoch: 354, Train Loss: 0.4469662, Train Acc: 0.7955683, Val Loss: 0.4551113, Val Acc: 0.7917261
Epoch: 355, Train Loss: 0.4551393, Train Acc: 0.7884203, Val Loss: 0.4489732, Val Acc: 0.7788873
Epoch: 356, Train Loss: 0.4584852, Train Acc: 0.7869907, Val Loss: 0.4856950, Val Acc: 0.7660485
Epoch: 357, Train Loss: 0.4665326, Train Acc: 0.7802001, Val Loss: 0.4712048, Val Acc: 0.7917261
Epoch: 358, Train Loss: 0.4638997, Train Acc: 0.7837741, Val Loss: 0.5292841, Val Acc: 0.7532097
Epoch: 359, Train Loss: 0.4567379, Train Acc: 0.7962831, Val Loss: 0.4702557, Val Acc: 0.7760342
Epoch: 360, Train Loss: 0.4645284, Train Acc: 0.7841315, Val Loss: 0.4457079, Val Acc: 0.7860200
Epoch: 361, Train Loss: 0.4610929, Train Acc: 0.7909221, Val Loss: 0.4521733, Val Acc: 0.7945792
Epoch: 362, Train Loss: 0.4511542, Train Acc: 0.7952109, Val Loss: 0.4951646, Val Acc: 0.7717546
Epoch: 363, Train Loss: 0.4587407, Train Acc: 0.7927091, Val Loss: 0.4592858, Val Acc: 0.7888730
Epoch: 364, Train Loss: 0.4525323, Train Acc: 0.7973553, Val Loss: 0.4511693, Val Acc: 0.7917261
Epoch: 365, Train Loss: 0.4619010, Train Acc: 0.7844889, Val Loss: 0.4427188, Val Acc: 0.7831669
Epoch: 366, Train Loss: 0.4567190, Train Acc: 0.7844889, Val Loss: 0.4571074, Val Acc: 0.7960057
Epoch: 367, Train Loss: 0.4568810, Train Acc: 0.7909221, Val Loss: 0.4562959, Val Acc: 0.7902996
Epoch: 368, Train Loss: 0.4550263, Train Acc: 0.7894925, Val Loss: 3.3083968, Val Acc: 0.7689016
Epoch: 369, Train Loss: 0.4642591, Train Acc: 0.7894925, Val Loss: 0.4577548, Val Acc: 0.7817404
Epoch: 370, Train Loss: 0.4603479, Train Acc: 0.7934239, Val Loss: 0.4714048, Val Acc: 0.7917261
Epoch: 371, Train Loss: 0.4629835, Train Acc: 0.7852037, Val Loss: 0.4527374, Val Acc: 0.7845934
Epoch: 372, Train Loss: 0.4631653, Train Acc: 0.7880629, Val Loss: 0.4698565, Val Acc: 0.7803138
Epoch: 373, Train Loss: 0.4617769, Train Acc: 0.7898499, Val Loss: 0.4440503, Val Acc: 0.7731812
Epoch: 374, Train Loss: 0.4749612, Train Acc: 0.7766262, Val Loss: 0.4752319, Val Acc: 0.7803138
Epoch: 375, Train Loss: 0.4645944, Train Acc: 0.7909221, Val Loss: 0.4559302, Val Acc: 0.7902996
Epoch: 376, Train Loss: 0.4633496, Train Acc: 0.7844889, Val Loss: 0.4300382, Val Acc: 0.7817404
Epoch: 377, Train Loss: 0.4534137, Train Acc: 0.7948535, Val Loss: 0.4416488, Val Acc: 0.7845934
Epoch: 378, Train Loss: 0.4592710, Train Acc: 0.7902073, Val Loss: 0.4333177, Val Acc: 0.7917261
Epoch: 379, Train Loss: 0.4578327, Train Acc: 0.7923517, Val Loss: 0.4439729, Val Acc: 0.7803138
Epoch: 380, Train Loss: 0.4685631, Train Acc: 0.7884203, Val Loss: 0.5226042, Val Acc: 0.7703281
Epoch: 381, Train Loss: 0.4580293, Train Acc: 0.7912795, Val Loss: 0.4552398, Val Acc: 0.7817404
Epoch: 382, Train Loss: 0.4480017, Train Acc: 0.7991422, Val Loss: 0.4609680, Val Acc: 0.7888730
Epoch: 383, Train Loss: 0.4636357, Train Acc: 0.7941387, Val Loss: 0.4573735, Val Acc: 0.7817404
Epoch: 384, Train Loss: 0.4566939, Train Acc: 0.7902073, Val Loss: 0.5004087, Val Acc: 0.7703281
Epoch: 385, Train Loss: 0.4551863, Train Acc: 0.7898499, Val Loss: 0.4544422, Val Acc: 0.7803138
Epoch: 386, Train Loss: 0.4565826, Train Acc: 0.7905647, Val Loss: 0.4701848, Val Acc: 0.7845934
Epoch: 387, Train Loss: 0.4582297, Train Acc: 0.7930665, Val Loss: 0.4784545, Val Acc: 0.7860200
Epoch: 388, Train Loss: 0.4548600, Train Acc: 0.7955683, Val Loss: 0.4529880, Val Acc: 0.7917261
Epoch: 389, Train Loss: 0.4713468, Train Acc: 0.7891351, Val Loss: 0.4496098, Val Acc: 0.7831669
Epoch: 390, Train Loss: 0.4607634, Train Acc: 0.7916369, Val Loss: 0.5011402, Val Acc: 0.7731812
Epoch: 391, Train Loss: 0.4530139, Train Acc: 0.7991422, Val Loss: 0.4409791, Val Acc: 0.8002853
Epoch: 392, Train Loss: 0.4754619, Train Acc: 0.7744818, Val Loss: 0.7017795, Val Acc: 0.7746077
Epoch: 393, Train Loss: 0.4501880, Train Acc: 0.7941387, Val Loss: 0.4790376, Val Acc: 0.7717546
Epoch: 394, Train Loss: 0.4367409, Train Acc: 0.7991422, Val Loss: 0.4417379, Val Acc: 0.7860200
Epoch: 395, Train Loss: 0.4553362, Train Acc: 0.7891351, Val Loss: 0.4457711, Val Acc: 0.7888730
Epoch: 396, Train Loss: 0.4544550, Train Acc: 0.7866333, Val Loss: 0.6588619, Val Acc: 0.7803138
Epoch: 397, Train Loss: 0.4513563, Train Acc: 0.7805575, Val Loss: 0.4381806, Val Acc: 0.7945792
Epoch: 398, Train Loss: 0.4562741, Train Acc: 0.7869907, Val Loss: 0.4769776, Val Acc: 0.7760342
Epoch: 399, Train Loss: 0.4645898, Train Acc: 0.7891351, Val Loss: 0.4521301, Val Acc: 0.7931526
Epoch: 400, Train Loss: 0.4626820, Train Acc: 0.7880629, Val Loss: 0.4698399, Val Acc: 0.7817404
Traceback (most recent call last):
  File "gin.py", line 215, in <module>
    plot_loss(train_losses, val_losses, './figure/gin_loss.png', num_epoch)  
  File "gin.py", line 143, in plot_loss
    epochs = np.array(range(num_epoch), dtype=int32) + 1
NameError: name 'int32' is not defined
