data directory: ../MolNet-data/
threshold: 4.5
number of epochs: 600
batch_size 4
number of data loader workers: 4
neural network size: 16
--------------------------------------------------------
generating training dataset...
folds:  [2, 3, 4, 5]
class name to integer map:  {'control': 0, 'nucleotide': 1}
getting data from following folders:  ['../MolNet-data/control/fold_2', '../MolNet-data/control/fold_3', '../MolNet-data/control/fold_4', '../MolNet-data/control/fold_5', '../MolNet-data/nucleotide/fold_2', '../MolNet-data/nucleotide/fold_3', '../MolNet-data/nucleotide/fold_4', '../MolNet-data/nucleotide/fold_5']
folder classes:  [0, 0, 0, 0, 1, 1, 1, 1]
lengths of the folders:  [389, 389, 389, 389, 311, 311, 310, 310]
--------------------------------------------------------
generating validation dataset...
folds:  [1]
class name to integer map:  {'control': 0, 'nucleotide': 1}
getting data from following folders:  ['../MolNet-data/control/fold_1', '../MolNet-data/nucleotide/fold_1']
folder classes:  [0, 1]
lengths of the folders:  [390, 311]
model architecture:
Net(
  (conv1): GINConv(nn=Sequential(
    (0): Linear(in_features=3, out_features=16, bias=True)
    (1): ReLU()
    (2): Linear(in_features=16, out_features=16, bias=True)
  ))
  (bn1): BatchNorm1d(16, eps=1e-05, momentum=0.1, affine=True, track_running_stats=True)
  (conv2): GINConv(nn=Sequential(
    (0): Linear(in_features=16, out_features=16, bias=True)
    (1): ReLU()
    (2): Linear(in_features=16, out_features=16, bias=True)
  ))
  (bn2): BatchNorm1d(16, eps=1e-05, momentum=0.1, affine=True, track_running_stats=True)
  (conv3): GINConv(nn=Sequential(
    (0): Linear(in_features=16, out_features=16, bias=True)
    (1): ReLU()
    (2): Linear(in_features=16, out_features=16, bias=True)
  ))
  (bn3): BatchNorm1d(16, eps=1e-05, momentum=0.1, affine=True, track_running_stats=True)
  (conv4): GINConv(nn=Sequential(
    (0): Linear(in_features=16, out_features=16, bias=True)
    (1): ReLU()
    (2): Linear(in_features=16, out_features=16, bias=True)
  ))
  (bn4): BatchNorm1d(16, eps=1e-05, momentum=0.1, affine=True, track_running_stats=True)
  (fc1): Linear(in_features=16, out_features=16, bias=True)
  (fc2): Linear(in_features=16, out_features=2, bias=True)
)
optimizer:
Adam (
Parameter Group 0
    amsgrad: False
    betas: (0.9, 0.999)
    eps: 1e-08
    lr: 0.001
    weight_decay: 0.0001
)
begin training...
Epoch: 001, Train Loss: 1.6775388, Train Acc: 0.5857756, Val Loss: 0.7278822, Val Acc: 0.6291013
Epoch: 002, Train Loss: 0.6574019, Train Acc: 0.6132952, Val Loss: 0.6111031, Val Acc: 0.7018545
Epoch: 003, Train Loss: 0.6152920, Train Acc: 0.6576126, Val Loss: 0.6232832, Val Acc: 0.7075606
Epoch: 004, Train Loss: 0.6047012, Train Acc: 0.6747677, Val Loss: 0.5654329, Val Acc: 0.7075606
Epoch: 005, Train Loss: 0.6135845, Train Acc: 0.6704789, Val Loss: 0.6197225, Val Acc: 0.6847361
Epoch: 006, Train Loss: 0.5984723, Train Acc: 0.6812009, Val Loss: 0.5697489, Val Acc: 0.7232525
Epoch: 007, Train Loss: 0.5950497, Train Acc: 0.6883488, Val Loss: 0.6061114, Val Acc: 0.7489301
Epoch: 008, Train Loss: 0.5892317, Train Acc: 0.6947820, Val Loss: 0.5848797, Val Acc: 0.7189729
Epoch: 009, Train Loss: 0.6050349, Train Acc: 0.6844174, Val Loss: 0.5849701, Val Acc: 0.7503566
Epoch: 010, Train Loss: 0.5853300, Train Acc: 0.6858470, Val Loss: 0.6074498, Val Acc: 0.7146933
Epoch: 011, Train Loss: 0.5852485, Train Acc: 0.6865618, Val Loss: 0.5519724, Val Acc: 0.7261056
Epoch: 012, Train Loss: 0.5965502, Train Acc: 0.6758399, Val Loss: 0.6530877, Val Acc: 0.6975749
Epoch: 013, Train Loss: 0.6114156, Train Acc: 0.6779843, Val Loss: 0.5574475, Val Acc: 0.7047076
Epoch: 014, Train Loss: 0.5973095, Train Acc: 0.6772695, Val Loss: 0.5343585, Val Acc: 0.7417974
Epoch: 015, Train Loss: 0.5850002, Train Acc: 0.6933524, Val Loss: 0.6024163, Val Acc: 0.6875892
Epoch: 016, Train Loss: 0.5834383, Train Acc: 0.6915654, Val Loss: 0.5850666, Val Acc: 0.7132668
Epoch: 017, Train Loss: 0.5879915, Train Acc: 0.6890636, Val Loss: 0.5242499, Val Acc: 0.7232525
Epoch: 018, Train Loss: 0.5905265, Train Acc: 0.6837026, Val Loss: 0.5815188, Val Acc: 0.6875892
Epoch: 019, Train Loss: 0.5808911, Train Acc: 0.6822731, Val Loss: 0.5304281, Val Acc: 0.7346648
Epoch: 020, Train Loss: 0.5990237, Train Acc: 0.6758399, Val Loss: 0.5384892, Val Acc: 0.7360913
Epoch: 021, Train Loss: 0.5839025, Train Acc: 0.6862044, Val Loss: 0.5283514, Val Acc: 0.7389444
Epoch: 022, Train Loss: 0.5976534, Train Acc: 0.6865618, Val Loss: 0.5249317, Val Acc: 0.7146933
Epoch: 023, Train Loss: 0.5848864, Train Acc: 0.6865618, Val Loss: 0.5307102, Val Acc: 0.7389444
Epoch: 024, Train Loss: 0.5851359, Train Acc: 0.6926376, Val Loss: 0.5402561, Val Acc: 0.6890157
Epoch: 025, Train Loss: 0.5911092, Train Acc: 0.6872766, Val Loss: 0.5566731, Val Acc: 0.7146933
Epoch: 026, Train Loss: 0.5727444, Train Acc: 0.6954968, Val Loss: 0.5638773, Val Acc: 0.7389444
Epoch: 027, Train Loss: 0.5745755, Train Acc: 0.6947820, Val Loss: 0.5252223, Val Acc: 0.7303852
Epoch: 028, Train Loss: 0.5872347, Train Acc: 0.6854896, Val Loss: 0.5217519, Val Acc: 0.7346648
Epoch: 029, Train Loss: 0.5813324, Train Acc: 0.6819157, Val Loss: 0.5916208, Val Acc: 0.7332382
Epoch: 030, Train Loss: 0.5606228, Train Acc: 0.7133667, Val Loss: 0.5540592, Val Acc: 0.6975749
Epoch: 031, Train Loss: 0.5749075, Train Acc: 0.7133667, Val Loss: 0.5270986, Val Acc: 0.7289586
Epoch: 032, Train Loss: 0.5709509, Train Acc: 0.6947820, Val Loss: 0.5081235, Val Acc: 0.7346648
Epoch: 033, Train Loss: 0.5736462, Train Acc: 0.6879914, Val Loss: 0.5361940, Val Acc: 0.7218260
Epoch: 034, Train Loss: 0.5693907, Train Acc: 0.7076483, Val Loss: 0.5394872, Val Acc: 0.7475036
Epoch: 035, Train Loss: 0.5624882, Train Acc: 0.6879914, Val Loss: 0.5513496, Val Acc: 0.7289586
Epoch: 036, Train Loss: 0.5543857, Train Acc: 0.6979986, Val Loss: 0.5303743, Val Acc: 0.7560628
Epoch: 037, Train Loss: 0.5629686, Train Acc: 0.6983560, Val Loss: 0.6394891, Val Acc: 0.7047076
Epoch: 038, Train Loss: 0.5594316, Train Acc: 0.6894210, Val Loss: 0.6579552, Val Acc: 0.7004280
Epoch: 039, Train Loss: 0.5591040, Train Acc: 0.7033595, Val Loss: 0.5208406, Val Acc: 0.7232525
Epoch: 040, Train Loss: 0.5624836, Train Acc: 0.7072909, Val Loss: 0.5384656, Val Acc: 0.7218260
Epoch: 041, Train Loss: 0.5609444, Train Acc: 0.6983560, Val Loss: 0.6288036, Val Acc: 0.7032810
Epoch: 042, Train Loss: 0.5549333, Train Acc: 0.7019299, Val Loss: 0.5321304, Val Acc: 0.7460770
Epoch: 043, Train Loss: 0.5505987, Train Acc: 0.7030021, Val Loss: 0.5600173, Val Acc: 0.7261056
Epoch: 044, Train Loss: 0.5518421, Train Acc: 0.7026447, Val Loss: 0.6387024, Val Acc: 0.7061341
Epoch: 045, Train Loss: 0.5477573, Train Acc: 0.7055039, Val Loss: 0.5094508, Val Acc: 0.7446505
Epoch: 046, Train Loss: 0.5387430, Train Acc: 0.7090779, Val Loss: 0.6028021, Val Acc: 0.7318117
Epoch: 047, Train Loss: 0.5415614, Train Acc: 0.7130093, Val Loss: 0.5420540, Val Acc: 0.7517832
Epoch: 048, Train Loss: 0.5463248, Train Acc: 0.7094353, Val Loss: 0.5703092, Val Acc: 0.7061341
Epoch: 049, Train Loss: 0.5446817, Train Acc: 0.7133667, Val Loss: 0.5451609, Val Acc: 0.7132668
Epoch: 050, Train Loss: 0.5514131, Train Acc: 0.7055039, Val Loss: 0.5149815, Val Acc: 0.7346648
Epoch: 051, Train Loss: 0.5545881, Train Acc: 0.7047891, Val Loss: 0.5302965, Val Acc: 0.7161198
Epoch: 052, Train Loss: 0.5471907, Train Acc: 0.7080057, Val Loss: 0.6154396, Val Acc: 0.7189729
Epoch: 053, Train Loss: 0.5535437, Train Acc: 0.7147963, Val Loss: 0.5268776, Val Acc: 0.7432240
Epoch: 054, Train Loss: 0.5389661, Train Acc: 0.7298070, Val Loss: 0.5237947, Val Acc: 0.7403709
Epoch: 055, Train Loss: 0.5497313, Train Acc: 0.7201573, Val Loss: 0.5264287, Val Acc: 0.7603424
Epoch: 056, Train Loss: 0.5393091, Train Acc: 0.7155111, Val Loss: 0.5051845, Val Acc: 0.7560628
Epoch: 057, Train Loss: 0.5480418, Train Acc: 0.7030021, Val Loss: 0.5426545, Val Acc: 0.7375178
Epoch: 058, Train Loss: 0.5366244, Train Acc: 0.7133667, Val Loss: 0.5420653, Val Acc: 0.7389444
Epoch: 059, Train Loss: 0.5321820, Train Acc: 0.7169407, Val Loss: 0.5174976, Val Acc: 0.7403709
Epoch: 060, Train Loss: 0.5336373, Train Acc: 0.7155111, Val Loss: 0.5382856, Val Acc: 0.7417974
Epoch: 061, Train Loss: 0.5395432, Train Acc: 0.7233738, Val Loss: 0.5398201, Val Acc: 0.7218260
Epoch: 062, Train Loss: 0.5417425, Train Acc: 0.7108649, Val Loss: 0.5498367, Val Acc: 0.7446505
Epoch: 063, Train Loss: 0.5353592, Train Acc: 0.7294496, Val Loss: 0.5275700, Val Acc: 0.7432240
Epoch: 064, Train Loss: 0.5454982, Train Acc: 0.7065761, Val Loss: 0.5214007, Val Acc: 0.7460770
Epoch: 065, Train Loss: 0.5454874, Train Acc: 0.7108649, Val Loss: 0.5136343, Val Acc: 0.7375178
Epoch: 066, Train Loss: 0.5313806, Train Acc: 0.7237312, Val Loss: 0.5160205, Val Acc: 0.7489301
Epoch: 067, Train Loss: 0.5444397, Train Acc: 0.7105075, Val Loss: 0.5723498, Val Acc: 0.7232525
Epoch: 068, Train Loss: 0.5436265, Train Acc: 0.7108649, Val Loss: 0.5626812, Val Acc: 0.7346648
Epoch: 069, Train Loss: 0.5365798, Train Acc: 0.7083631, Val Loss: 0.5163732, Val Acc: 0.7532097
Epoch: 070, Train Loss: 0.5343975, Train Acc: 0.7205147, Val Loss: 0.5852851, Val Acc: 0.7389444
Epoch: 071, Train Loss: 0.5393593, Train Acc: 0.7201573, Val Loss: 0.5127210, Val Acc: 0.7375178
Epoch: 072, Train Loss: 0.5192684, Train Acc: 0.7212294, Val Loss: 0.5132497, Val Acc: 0.7403709
Epoch: 073, Train Loss: 0.5296052, Train Acc: 0.7180129, Val Loss: 0.5549581, Val Acc: 0.7275321
Epoch: 074, Train Loss: 0.5342182, Train Acc: 0.7237312, Val Loss: 0.5280601, Val Acc: 0.7318117
Epoch: 075, Train Loss: 0.5325317, Train Acc: 0.7326662, Val Loss: 0.5186483, Val Acc: 0.7603424
Epoch: 076, Train Loss: 0.5315707, Train Acc: 0.7215868, Val Loss: 0.5351344, Val Acc: 0.7489301
Epoch: 077, Train Loss: 0.5258444, Train Acc: 0.7323088, Val Loss: 0.4984850, Val Acc: 0.7503566
Epoch: 078, Train Loss: 0.5256221, Train Acc: 0.7237312, Val Loss: 0.5538447, Val Acc: 0.7232525
Epoch: 079, Train Loss: 0.5203356, Train Acc: 0.7258756, Val Loss: 0.5551595, Val Acc: 0.7532097
Epoch: 080, Train Loss: 0.5298274, Train Acc: 0.7233738, Val Loss: 0.5275751, Val Acc: 0.7546362
Epoch: 081, Train Loss: 0.5321626, Train Acc: 0.7369550, Val Loss: 0.5225531, Val Acc: 0.7589158
Epoch: 082, Train Loss: 0.5317281, Train Acc: 0.7351680, Val Loss: 0.4969118, Val Acc: 0.7475036
Epoch: 083, Train Loss: 0.5186118, Train Acc: 0.7405289, Val Loss: 0.5458577, Val Acc: 0.7589158
Epoch: 084, Train Loss: 0.5271442, Train Acc: 0.7265904, Val Loss: 0.5133910, Val Acc: 0.7475036
Epoch: 085, Train Loss: 0.5222796, Train Acc: 0.7441029, Val Loss: 0.5285362, Val Acc: 0.7532097
Epoch: 086, Train Loss: 0.5275259, Train Acc: 0.7276626, Val Loss: 0.4834626, Val Acc: 0.7817404
Epoch: 087, Train Loss: 0.5241999, Train Acc: 0.7373124, Val Loss: 0.5137411, Val Acc: 0.7617689
Epoch: 088, Train Loss: 0.5175465, Train Acc: 0.7326662, Val Loss: 0.5367877, Val Acc: 0.7646220
Epoch: 089, Train Loss: 0.5118393, Train Acc: 0.7408863, Val Loss: 0.4956768, Val Acc: 0.7560628
Epoch: 090, Train Loss: 0.5158827, Train Acc: 0.7301644, Val Loss: 0.5100684, Val Acc: 0.7403709
Epoch: 091, Train Loss: 0.5151344, Train Acc: 0.7330236, Val Loss: 0.4986476, Val Acc: 0.7303852
Epoch: 092, Train Loss: 0.5133046, Train Acc: 0.7344532, Val Loss: 0.4856434, Val Acc: 0.7489301
Epoch: 093, Train Loss: 0.5296862, Train Acc: 0.7441029, Val Loss: 0.5003184, Val Acc: 0.7603424
Epoch: 094, Train Loss: 0.5056649, Train Acc: 0.7315940, Val Loss: 0.6109406, Val Acc: 0.7546362
Epoch: 095, Train Loss: 0.5113962, Train Acc: 0.7298070, Val Loss: 0.5499762, Val Acc: 0.7375178
Epoch: 096, Train Loss: 0.5205505, Train Acc: 0.7373124, Val Loss: 0.5060638, Val Acc: 0.7560628
Epoch: 097, Train Loss: 0.5255923, Train Acc: 0.7476769, Val Loss: 0.5097824, Val Acc: 0.7631954
Epoch: 098, Train Loss: 0.5193264, Train Acc: 0.7462473, Val Loss: 0.5010206, Val Acc: 0.7617689
Epoch: 099, Train Loss: 0.5202683, Train Acc: 0.7469621, Val Loss: 0.4846332, Val Acc: 0.7546362
Epoch: 100, Train Loss: 0.5061534, Train Acc: 0.7455325, Val Loss: 0.5612628, Val Acc: 0.7589158
Epoch: 101, Train Loss: 0.5211513, Train Acc: 0.7408863, Val Loss: 0.5196691, Val Acc: 0.7617689
Epoch: 102, Train Loss: 0.5145942, Train Acc: 0.7498213, Val Loss: 0.4877475, Val Acc: 0.7560628
Epoch: 103, Train Loss: 0.5184652, Train Acc: 0.7455325, Val Loss: 0.5029497, Val Acc: 0.7460770
Epoch: 104, Train Loss: 0.5134532, Train Acc: 0.7487491, Val Loss: 0.4928279, Val Acc: 0.7503566
Epoch: 105, Train Loss: 0.5091184, Train Acc: 0.7648320, Val Loss: 0.4912730, Val Acc: 0.7589158
Epoch: 106, Train Loss: 0.5140806, Train Acc: 0.7473195, Val Loss: 0.4910532, Val Acc: 0.7860200
Epoch: 107, Train Loss: 0.5064325, Train Acc: 0.7458899, Val Loss: 0.4889963, Val Acc: 0.7817404
Epoch: 108, Train Loss: 0.5145400, Train Acc: 0.7462473, Val Loss: 0.5349486, Val Acc: 0.7403709
Epoch: 109, Train Loss: 0.5050109, Train Acc: 0.7419585, Val Loss: 0.5076838, Val Acc: 0.7517832
Epoch: 110, Train Loss: 0.5100888, Train Acc: 0.7448177, Val Loss: 0.5093058, Val Acc: 0.7589158
Epoch: 111, Train Loss: 0.5094940, Train Acc: 0.7505361, Val Loss: 0.5110902, Val Acc: 0.7674750
Epoch: 112, Train Loss: 0.5050516, Train Acc: 0.7437455, Val Loss: 0.5004736, Val Acc: 0.7489301
Epoch: 113, Train Loss: 0.5009147, Train Acc: 0.7430307, Val Loss: 0.5306529, Val Acc: 0.7332382
Epoch: 114, Train Loss: 0.5099855, Train Acc: 0.7580415, Val Loss: 0.4995946, Val Acc: 0.7503566
Epoch: 115, Train Loss: 0.4915133, Train Acc: 0.7583989, Val Loss: 0.5057247, Val Acc: 0.7332382
Epoch: 116, Train Loss: 0.5110920, Train Acc: 0.7466047, Val Loss: 0.4867977, Val Acc: 0.7660485
Epoch: 117, Train Loss: 0.5027205, Train Acc: 0.7523231, Val Loss: 0.4910384, Val Acc: 0.7717546
Epoch: 118, Train Loss: 0.5047007, Train Acc: 0.7533953, Val Loss: 0.4881133, Val Acc: 0.7546362
Epoch: 119, Train Loss: 0.4998273, Train Acc: 0.7541101, Val Loss: 0.5071924, Val Acc: 0.7460770
Epoch: 120, Train Loss: 0.4981561, Train Acc: 0.7451751, Val Loss: 0.5264162, Val Acc: 0.7161198
Epoch: 121, Train Loss: 0.4958602, Train Acc: 0.7473195, Val Loss: 0.5032453, Val Acc: 0.7589158
Epoch: 122, Train Loss: 0.5050474, Train Acc: 0.7451751, Val Loss: 0.5060410, Val Acc: 0.7817404
Epoch: 123, Train Loss: 0.5077554, Train Acc: 0.7441029, Val Loss: 0.5002294, Val Acc: 0.7446505
Epoch: 124, Train Loss: 0.5005837, Train Acc: 0.7362402, Val Loss: 0.5057480, Val Acc: 0.7546362
Epoch: 125, Train Loss: 0.5116978, Train Acc: 0.7430307, Val Loss: 0.5429746, Val Acc: 0.7389444
Epoch: 126, Train Loss: 0.5095183, Train Acc: 0.7455325, Val Loss: 0.5328728, Val Acc: 0.7689016
Epoch: 127, Train Loss: 0.4962817, Train Acc: 0.7562545, Val Loss: 0.4889861, Val Acc: 0.7589158
Epoch: 128, Train Loss: 0.5079992, Train Acc: 0.7373124, Val Loss: 0.5025154, Val Acc: 0.7603424
Epoch: 129, Train Loss: 0.5133454, Train Acc: 0.7433881, Val Loss: 0.5227750, Val Acc: 0.7760342
Epoch: 130, Train Loss: 0.4926398, Train Acc: 0.7594711, Val Loss: 0.5181723, Val Acc: 0.7631954
Epoch: 131, Train Loss: 0.5102938, Train Acc: 0.7394568, Val Loss: 0.4828249, Val Acc: 0.7603424
Epoch: 132, Train Loss: 0.4944129, Train Acc: 0.7494639, Val Loss: 0.4870140, Val Acc: 0.7603424
Epoch: 133, Train Loss: 0.5028996, Train Acc: 0.7548249, Val Loss: 0.5098760, Val Acc: 0.7574893
Epoch: 134, Train Loss: 0.4881667, Train Acc: 0.7598284, Val Loss: 0.4765001, Val Acc: 0.7774608
Epoch: 135, Train Loss: 0.4987528, Train Acc: 0.7476769, Val Loss: 0.4952774, Val Acc: 0.7375178
Epoch: 136, Train Loss: 0.5030275, Train Acc: 0.7451751, Val Loss: 0.5165088, Val Acc: 0.7574893
Epoch: 137, Train Loss: 0.5068022, Train Acc: 0.7626876, Val Loss: 0.4803832, Val Acc: 0.7760342
Epoch: 138, Train Loss: 0.4832294, Train Acc: 0.7591137, Val Loss: 0.5438392, Val Acc: 0.7760342
Epoch: 139, Train Loss: 0.5074060, Train Acc: 0.7380272, Val Loss: 0.5256105, Val Acc: 0.7432240
Epoch: 140, Train Loss: 0.5090206, Train Acc: 0.7530379, Val Loss: 0.4876651, Val Acc: 0.7446505
Epoch: 141, Train Loss: 0.4928432, Train Acc: 0.7566119, Val Loss: 0.5248272, Val Acc: 0.7646220
Epoch: 142, Train Loss: 0.4959582, Train Acc: 0.7519657, Val Loss: 0.4847845, Val Acc: 0.7689016
Epoch: 143, Train Loss: 0.4922045, Train Acc: 0.7583989, Val Loss: 0.4915705, Val Acc: 0.7589158
Epoch: 144, Train Loss: 0.5014461, Train Acc: 0.7544675, Val Loss: 0.4974162, Val Acc: 0.7475036
Epoch: 145, Train Loss: 0.4998744, Train Acc: 0.7619728, Val Loss: 0.4890372, Val Acc: 0.7603424
Epoch: 146, Train Loss: 0.4918333, Train Acc: 0.7558971, Val Loss: 0.4886474, Val Acc: 0.7674750
Epoch: 147, Train Loss: 0.4987118, Train Acc: 0.7469621, Val Loss: 0.4839426, Val Acc: 0.7788873
Epoch: 148, Train Loss: 0.4946662, Train Acc: 0.7673338, Val Loss: 0.5792058, Val Acc: 0.7546362
Epoch: 149, Train Loss: 0.4931674, Train Acc: 0.7684060, Val Loss: 0.4818783, Val Acc: 0.7631954
Epoch: 150, Train Loss: 0.4977340, Train Acc: 0.7530379, Val Loss: 0.5039044, Val Acc: 0.7689016
Epoch: 151, Train Loss: 0.4876705, Train Acc: 0.7648320, Val Loss: 0.4926431, Val Acc: 0.7417974
Epoch: 152, Train Loss: 0.4890407, Train Acc: 0.7591137, Val Loss: 0.5246222, Val Acc: 0.7746077
Epoch: 153, Train Loss: 0.4913728, Train Acc: 0.7555397, Val Loss: 0.4954323, Val Acc: 0.7589158
Epoch: 154, Train Loss: 0.5018856, Train Acc: 0.7630450, Val Loss: 0.4906968, Val Acc: 0.7803138
Epoch: 155, Train Loss: 0.4929167, Train Acc: 0.7587563, Val Loss: 0.4833016, Val Acc: 0.7746077
Epoch: 156, Train Loss: 0.4871397, Train Acc: 0.7616154, Val Loss: 0.5243158, Val Acc: 0.7560628
Epoch: 157, Train Loss: 0.4967197, Train Acc: 0.7491065, Val Loss: 0.5070619, Val Acc: 0.7546362
Epoch: 158, Train Loss: 0.5030846, Train Acc: 0.7519657, Val Loss: 0.5179486, Val Acc: 0.7589158
Epoch: 159, Train Loss: 0.4941664, Train Acc: 0.7623302, Val Loss: 0.4795683, Val Acc: 0.7589158
Epoch: 160, Train Loss: 0.4959352, Train Acc: 0.7508935, Val Loss: 0.4845213, Val Acc: 0.7703281
Epoch: 161, Train Loss: 0.4925568, Train Acc: 0.7533953, Val Loss: 0.4974957, Val Acc: 0.7689016
Epoch: 162, Train Loss: 0.4988222, Train Acc: 0.7573267, Val Loss: 0.5193058, Val Acc: 0.7417974
Epoch: 163, Train Loss: 0.4833777, Train Acc: 0.7623302, Val Loss: 0.4961635, Val Acc: 0.7589158
Epoch: 164, Train Loss: 0.4929574, Train Acc: 0.7676912, Val Loss: 0.5012912, Val Acc: 0.7460770
Epoch: 165, Train Loss: 0.4934617, Train Acc: 0.7462473, Val Loss: 0.4759383, Val Acc: 0.7760342
Epoch: 166, Train Loss: 0.4921733, Train Acc: 0.7580415, Val Loss: 0.4966822, Val Acc: 0.7746077
Epoch: 167, Train Loss: 0.4801068, Train Acc: 0.7609006, Val Loss: 0.4880384, Val Acc: 0.7660485
Epoch: 168, Train Loss: 0.4844064, Train Acc: 0.7680486, Val Loss: 0.4795371, Val Acc: 0.7689016
Epoch: 169, Train Loss: 0.4797153, Train Acc: 0.7737670, Val Loss: 0.4841842, Val Acc: 0.7617689
Epoch: 170, Train Loss: 0.4972315, Train Acc: 0.7587563, Val Loss: 0.5302757, Val Acc: 0.7403709
Epoch: 171, Train Loss: 0.4831536, Train Acc: 0.7569693, Val Loss: 0.4834128, Val Acc: 0.7689016
Epoch: 172, Train Loss: 0.4896491, Train Acc: 0.7501787, Val Loss: 0.5057593, Val Acc: 0.7574893
Epoch: 173, Train Loss: 0.4793987, Train Acc: 0.7741244, Val Loss: 0.4902639, Val Acc: 0.7888730
Epoch: 174, Train Loss: 0.4801010, Train Acc: 0.7605432, Val Loss: 0.4935780, Val Acc: 0.7660485
Epoch: 175, Train Loss: 0.4845519, Train Acc: 0.7705504, Val Loss: 0.4808931, Val Acc: 0.7503566
Epoch: 176, Train Loss: 0.4829162, Train Acc: 0.7723374, Val Loss: 0.5060420, Val Acc: 0.7774608
Epoch: 177, Train Loss: 0.4899016, Train Acc: 0.7594711, Val Loss: 0.4961115, Val Acc: 0.7517832
Epoch: 178, Train Loss: 0.4884949, Train Acc: 0.7676912, Val Loss: 0.4732146, Val Acc: 0.7817404
Epoch: 179, Train Loss: 0.4938226, Train Acc: 0.7562545, Val Loss: 0.5051742, Val Acc: 0.7475036
Epoch: 180, Train Loss: 0.4934997, Train Acc: 0.7555397, Val Loss: 0.5303923, Val Acc: 0.7360913
Epoch: 181, Train Loss: 0.4835551, Train Acc: 0.7666190, Val Loss: 0.4648861, Val Acc: 0.7760342
Epoch: 182, Train Loss: 0.4763762, Train Acc: 0.7576841, Val Loss: 0.5045819, Val Acc: 0.7746077
Epoch: 183, Train Loss: 0.5018402, Train Acc: 0.7469621, Val Loss: 0.5246111, Val Acc: 0.7617689
Epoch: 184, Train Loss: 0.4890148, Train Acc: 0.7619728, Val Loss: 0.4985558, Val Acc: 0.7631954
Epoch: 185, Train Loss: 0.4817806, Train Acc: 0.7616154, Val Loss: 0.4967035, Val Acc: 0.7446505
Epoch: 186, Train Loss: 0.4814467, Train Acc: 0.7694782, Val Loss: 0.5000745, Val Acc: 0.7589158
Epoch: 187, Train Loss: 0.4955876, Train Acc: 0.7591137, Val Loss: 0.4928708, Val Acc: 0.7703281
Epoch: 188, Train Loss: 0.4953249, Train Acc: 0.7616154, Val Loss: 0.5259699, Val Acc: 0.7689016
Epoch: 189, Train Loss: 0.4887601, Train Acc: 0.7558971, Val Loss: 0.5201096, Val Acc: 0.7546362
Epoch: 190, Train Loss: 0.4652556, Train Acc: 0.7694782, Val Loss: 0.5221787, Val Acc: 0.7603424
Epoch: 191, Train Loss: 0.4694344, Train Acc: 0.7684060, Val Loss: 0.5007034, Val Acc: 0.7660485
Epoch: 192, Train Loss: 0.4827712, Train Acc: 0.7644746, Val Loss: 0.5108089, Val Acc: 0.7574893
Epoch: 193, Train Loss: 0.4940648, Train Acc: 0.7594711, Val Loss: 0.5133248, Val Acc: 0.7631954
Epoch: 194, Train Loss: 0.5007353, Train Acc: 0.7548249, Val Loss: 0.4814756, Val Acc: 0.7589158
Epoch: 195, Train Loss: 0.4794316, Train Acc: 0.7523231, Val Loss: 0.5375934, Val Acc: 0.7660485
Epoch: 196, Train Loss: 0.4829498, Train Acc: 0.7780558, Val Loss: 0.5015474, Val Acc: 0.7803138
Epoch: 197, Train Loss: 0.4846666, Train Acc: 0.7591137, Val Loss: 0.5488545, Val Acc: 0.7503566
Epoch: 198, Train Loss: 0.4896027, Train Acc: 0.7626876, Val Loss: 0.4856648, Val Acc: 0.7788873
Epoch: 199, Train Loss: 0.4875214, Train Acc: 0.7612580, Val Loss: 0.4846911, Val Acc: 0.7917261
Epoch: 200, Train Loss: 0.4780520, Train Acc: 0.7666190, Val Loss: 0.5087579, Val Acc: 0.7817404
Epoch: 201, Train Loss: 0.4740862, Train Acc: 0.7680486, Val Loss: 0.4799750, Val Acc: 0.7731812
Epoch: 202, Train Loss: 0.4919998, Train Acc: 0.7644746, Val Loss: 0.4971614, Val Acc: 0.7874465
Epoch: 203, Train Loss: 0.4778008, Train Acc: 0.7734096, Val Loss: 0.4851517, Val Acc: 0.7774608
Epoch: 204, Train Loss: 0.4717862, Train Acc: 0.7734096, Val Loss: 0.4940653, Val Acc: 0.7703281
Epoch: 205, Train Loss: 0.4842427, Train Acc: 0.7676912, Val Loss: 0.5213306, Val Acc: 0.7446505
Epoch: 206, Train Loss: 0.4944705, Train Acc: 0.7648320, Val Loss: 0.4905178, Val Acc: 0.7746077
Epoch: 207, Train Loss: 0.4614078, Train Acc: 0.7701930, Val Loss: 0.5038339, Val Acc: 0.7617689
Epoch: 208, Train Loss: 0.4718831, Train Acc: 0.7673338, Val Loss: 0.5096017, Val Acc: 0.7717546
Epoch: 209, Train Loss: 0.4749534, Train Acc: 0.7694782, Val Loss: 0.4941417, Val Acc: 0.7703281
Epoch: 210, Train Loss: 0.4619909, Train Acc: 0.7709078, Val Loss: 0.5733763, Val Acc: 0.7617689
Epoch: 211, Train Loss: 0.4882470, Train Acc: 0.7591137, Val Loss: 0.5150722, Val Acc: 0.7703281
Epoch: 212, Train Loss: 0.4674115, Train Acc: 0.7709078, Val Loss: 0.4801205, Val Acc: 0.7703281
Epoch: 213, Train Loss: 0.4750112, Train Acc: 0.7716226, Val Loss: 0.5453295, Val Acc: 0.7603424
Epoch: 214, Train Loss: 0.4737234, Train Acc: 0.7694782, Val Loss: 0.4743629, Val Acc: 0.7817404
Epoch: 215, Train Loss: 0.4796509, Train Acc: 0.7726948, Val Loss: 0.4781835, Val Acc: 0.7831669
Epoch: 216, Train Loss: 0.4746712, Train Acc: 0.7705504, Val Loss: 0.4747652, Val Acc: 0.7760342
Epoch: 217, Train Loss: 0.4793020, Train Acc: 0.7669764, Val Loss: 0.5164851, Val Acc: 0.7631954
Epoch: 218, Train Loss: 0.4796994, Train Acc: 0.7630450, Val Loss: 0.5199173, Val Acc: 0.7489301
Epoch: 219, Train Loss: 0.4914945, Train Acc: 0.7512509, Val Loss: 0.4745639, Val Acc: 0.7746077
Epoch: 220, Train Loss: 0.4749445, Train Acc: 0.7741244, Val Loss: 0.4866279, Val Acc: 0.7760342
Epoch: 221, Train Loss: 0.4869116, Train Acc: 0.7551823, Val Loss: 0.4911963, Val Acc: 0.7574893
Epoch: 222, Train Loss: 0.4803367, Train Acc: 0.7827019, Val Loss: 0.5054234, Val Acc: 0.7574893
Epoch: 223, Train Loss: 0.4681915, Train Acc: 0.7630450, Val Loss: 0.4806758, Val Acc: 0.7817404
Epoch: 224, Train Loss: 0.4843218, Train Acc: 0.7655468, Val Loss: 0.4699251, Val Acc: 0.7760342
Epoch: 225, Train Loss: 0.4698852, Train Acc: 0.7755540, Val Loss: 0.5028538, Val Acc: 0.7646220
Epoch: 226, Train Loss: 0.4703650, Train Acc: 0.7798427, Val Loss: 0.4814633, Val Acc: 0.7603424
Epoch: 227, Train Loss: 0.4696024, Train Acc: 0.7744818, Val Loss: 0.5157073, Val Acc: 0.7603424
Epoch: 228, Train Loss: 0.4723498, Train Acc: 0.7716226, Val Loss: 0.4673778, Val Acc: 0.7831669
Epoch: 229, Train Loss: 0.4653125, Train Acc: 0.7680486, Val Loss: 0.4622940, Val Acc: 0.7917261
Epoch: 230, Train Loss: 0.4763500, Train Acc: 0.7719800, Val Loss: 0.4680063, Val Acc: 0.7803138
Epoch: 231, Train Loss: 0.4688414, Train Acc: 0.7723374, Val Loss: 0.4683427, Val Acc: 0.7746077
Epoch: 232, Train Loss: 0.4596754, Train Acc: 0.7852037, Val Loss: 0.4854996, Val Acc: 0.7660485
Epoch: 233, Train Loss: 0.4734816, Train Acc: 0.7751966, Val Loss: 0.5083615, Val Acc: 0.7631954
Epoch: 234, Train Loss: 0.4731937, Train Acc: 0.7759114, Val Loss: 0.4714971, Val Acc: 0.7902996
Epoch: 235, Train Loss: 0.4652395, Train Acc: 0.7730522, Val Loss: 0.4721875, Val Acc: 0.7788873
Epoch: 236, Train Loss: 0.4738704, Train Acc: 0.7673338, Val Loss: 0.4746908, Val Acc: 0.7689016
Epoch: 237, Train Loss: 0.4849101, Train Acc: 0.7637598, Val Loss: 0.5078986, Val Acc: 0.7731812
Epoch: 238, Train Loss: 0.4766279, Train Acc: 0.7648320, Val Loss: 0.5201640, Val Acc: 0.7746077
Epoch: 239, Train Loss: 0.4820201, Train Acc: 0.7719800, Val Loss: 0.4750376, Val Acc: 0.7674750
Epoch: 240, Train Loss: 0.4684462, Train Acc: 0.7759114, Val Loss: 0.4693079, Val Acc: 0.7703281
Epoch: 241, Train Loss: 0.4644968, Train Acc: 0.7766262, Val Loss: 0.4838525, Val Acc: 0.7803138
Epoch: 242, Train Loss: 0.4654877, Train Acc: 0.7798427, Val Loss: 0.5701517, Val Acc: 0.7774608
Epoch: 243, Train Loss: 0.4591300, Train Acc: 0.7744818, Val Loss: 0.4897255, Val Acc: 0.7760342
Epoch: 244, Train Loss: 0.4533294, Train Acc: 0.7830593, Val Loss: 0.4849204, Val Acc: 0.7917261
Epoch: 245, Train Loss: 0.4732899, Train Acc: 0.7791279, Val Loss: 0.4525319, Val Acc: 0.7860200
Epoch: 246, Train Loss: 0.4635195, Train Acc: 0.7802001, Val Loss: 0.4493591, Val Acc: 0.7860200
Epoch: 247, Train Loss: 0.4679159, Train Acc: 0.7769836, Val Loss: 0.4808005, Val Acc: 0.7774608
Epoch: 248, Train Loss: 0.4645307, Train Acc: 0.7834167, Val Loss: 0.4765139, Val Acc: 0.7717546
Epoch: 249, Train Loss: 0.4697843, Train Acc: 0.7687634, Val Loss: 0.4982221, Val Acc: 0.7731812
Epoch: 250, Train Loss: 0.4596805, Train Acc: 0.7762688, Val Loss: 0.4573982, Val Acc: 0.7746077
Epoch: 251, Train Loss: 0.4693521, Train Acc: 0.7726948, Val Loss: 0.4630870, Val Acc: 0.7603424
Epoch: 252, Train Loss: 0.4713293, Train Acc: 0.7791279, Val Loss: 0.4760071, Val Acc: 0.7888730
Epoch: 253, Train Loss: 0.4529019, Train Acc: 0.7898499, Val Loss: 0.4727661, Val Acc: 0.7746077
Epoch: 254, Train Loss: 0.4624761, Train Acc: 0.7748392, Val Loss: 0.5044105, Val Acc: 0.7589158
Epoch: 255, Train Loss: 0.4805034, Train Acc: 0.7605432, Val Loss: 0.4726531, Val Acc: 0.7760342
Epoch: 256, Train Loss: 0.4881916, Train Acc: 0.7630450, Val Loss: 0.4894271, Val Acc: 0.7731812
Epoch: 257, Train Loss: 0.4594733, Train Acc: 0.7812723, Val Loss: 0.4981900, Val Acc: 0.7546362
Epoch: 258, Train Loss: 0.4652526, Train Acc: 0.7823445, Val Loss: 0.4666776, Val Acc: 0.7817404
Epoch: 259, Train Loss: 0.4568702, Train Acc: 0.7819871, Val Loss: 0.5014963, Val Acc: 0.7674750
Epoch: 260, Train Loss: 0.4677123, Train Acc: 0.7705504, Val Loss: 0.4750632, Val Acc: 0.7589158
Epoch: 261, Train Loss: 0.4692225, Train Acc: 0.7694782, Val Loss: 0.4954412, Val Acc: 0.7475036
Epoch: 262, Train Loss: 0.4714430, Train Acc: 0.7773410, Val Loss: 0.4707477, Val Acc: 0.7717546
Epoch: 263, Train Loss: 0.4743235, Train Acc: 0.7676912, Val Loss: 0.4772141, Val Acc: 0.7788873
Epoch: 264, Train Loss: 0.4698614, Train Acc: 0.7705504, Val Loss: 0.4905482, Val Acc: 0.7603424
Epoch: 265, Train Loss: 0.4614803, Train Acc: 0.7834167, Val Loss: 0.5242022, Val Acc: 0.7831669
Epoch: 266, Train Loss: 0.4565182, Train Acc: 0.7909221, Val Loss: 0.4909545, Val Acc: 0.7560628
Epoch: 267, Train Loss: 0.4663567, Train Acc: 0.7855611, Val Loss: 0.5047900, Val Acc: 0.7703281
Epoch: 268, Train Loss: 0.4640016, Train Acc: 0.7751966, Val Loss: 0.4995145, Val Acc: 0.7845934
Epoch: 269, Train Loss: 0.4502725, Train Acc: 0.7819871, Val Loss: 0.4931120, Val Acc: 0.7788873
Epoch: 270, Train Loss: 0.4574622, Train Acc: 0.7819871, Val Loss: 0.4581503, Val Acc: 0.7717546
Epoch: 271, Train Loss: 0.4623466, Train Acc: 0.7827019, Val Loss: 0.4846018, Val Acc: 0.7631954
Epoch: 272, Train Loss: 0.4547558, Train Acc: 0.7880629, Val Loss: 0.5402839, Val Acc: 0.7731812
Epoch: 273, Train Loss: 0.4562742, Train Acc: 0.7769836, Val Loss: 0.4819663, Val Acc: 0.7803138
Epoch: 274, Train Loss: 0.4580691, Train Acc: 0.7848463, Val Loss: 0.4740686, Val Acc: 0.7717546
Epoch: 275, Train Loss: 0.4597391, Train Acc: 0.7759114, Val Loss: 0.4677325, Val Acc: 0.7817404
Epoch: 276, Train Loss: 0.4617275, Train Acc: 0.7841315, Val Loss: 0.4819999, Val Acc: 0.7774608
Epoch: 277, Train Loss: 0.4600117, Train Acc: 0.7884203, Val Loss: 0.4763014, Val Acc: 0.7860200
Epoch: 278, Train Loss: 0.4561690, Train Acc: 0.7769836, Val Loss: 0.5251862, Val Acc: 0.7603424
Epoch: 279, Train Loss: 0.4782013, Train Acc: 0.7748392, Val Loss: 0.4688617, Val Acc: 0.7945792
Epoch: 280, Train Loss: 0.4550537, Train Acc: 0.7869907, Val Loss: 0.4895944, Val Acc: 0.7760342
Epoch: 281, Train Loss: 0.4594894, Train Acc: 0.7859185, Val Loss: 0.4843738, Val Acc: 0.7746077
Epoch: 282, Train Loss: 0.4598304, Train Acc: 0.7759114, Val Loss: 0.4986559, Val Acc: 0.7774608
Epoch: 283, Train Loss: 0.4653358, Train Acc: 0.7709078, Val Loss: 0.4496748, Val Acc: 0.7760342
Epoch: 284, Train Loss: 0.4620018, Train Acc: 0.7873481, Val Loss: 0.4728670, Val Acc: 0.7803138
Epoch: 285, Train Loss: 0.4568541, Train Acc: 0.7812723, Val Loss: 0.4989976, Val Acc: 0.7845934
Epoch: 286, Train Loss: 0.4671112, Train Acc: 0.7744818, Val Loss: 0.5103466, Val Acc: 0.7631954
Epoch: 287, Train Loss: 0.4565427, Train Acc: 0.7812723, Val Loss: 0.4798795, Val Acc: 0.7703281
Epoch: 288, Train Loss: 0.4654238, Train Acc: 0.7748392, Val Loss: 0.4631516, Val Acc: 0.7717546
Epoch: 289, Train Loss: 0.4551490, Train Acc: 0.7830593, Val Loss: 0.5058861, Val Acc: 0.7631954
Epoch: 290, Train Loss: 0.4634665, Train Acc: 0.7744818, Val Loss: 0.4717341, Val Acc: 0.7731812
Epoch: 291, Train Loss: 0.4549854, Train Acc: 0.7805575, Val Loss: 0.4745354, Val Acc: 0.7603424
Epoch: 292, Train Loss: 0.4720436, Train Acc: 0.7859185, Val Loss: 0.4629221, Val Acc: 0.7717546
Epoch: 293, Train Loss: 0.4575237, Train Acc: 0.7884203, Val Loss: 0.4720204, Val Acc: 0.8017118
Epoch: 294, Train Loss: 0.4585635, Train Acc: 0.7891351, Val Loss: 0.4648520, Val Acc: 0.7988588
Epoch: 295, Train Loss: 0.4640301, Train Acc: 0.7744818, Val Loss: 0.4928132, Val Acc: 0.7788873
Epoch: 296, Train Loss: 0.4515662, Train Acc: 0.7844889, Val Loss: 0.4532119, Val Acc: 0.7703281
Epoch: 297, Train Loss: 0.4585734, Train Acc: 0.7837741, Val Loss: 0.4535917, Val Acc: 0.7960057
Epoch: 298, Train Loss: 0.4513883, Train Acc: 0.7852037, Val Loss: 0.4675532, Val Acc: 0.7788873
Epoch: 299, Train Loss: 0.4692433, Train Acc: 0.7734096, Val Loss: 0.4565491, Val Acc: 0.7760342
Epoch: 300, Train Loss: 0.4673292, Train Acc: 0.7784132, Val Loss: 0.4886402, Val Acc: 0.7674750
Epoch: 301, Train Loss: 0.4559455, Train Acc: 0.7709078, Val Loss: 0.4630931, Val Acc: 0.7731812
Epoch: 302, Train Loss: 0.4596900, Train Acc: 0.7848463, Val Loss: 0.4558017, Val Acc: 0.7803138
Epoch: 303, Train Loss: 0.4630315, Train Acc: 0.7769836, Val Loss: 0.4893025, Val Acc: 0.7860200
Epoch: 304, Train Loss: 0.4629553, Train Acc: 0.7862759, Val Loss: 0.4757856, Val Acc: 0.7674750
Epoch: 305, Train Loss: 0.4630853, Train Acc: 0.7794853, Val Loss: 0.4523783, Val Acc: 0.7917261
Epoch: 306, Train Loss: 0.4636019, Train Acc: 0.7852037, Val Loss: 0.4520236, Val Acc: 0.8045649
Epoch: 307, Train Loss: 0.4751541, Train Acc: 0.7791279, Val Loss: 0.4666126, Val Acc: 0.7674750
Epoch: 308, Train Loss: 0.4636646, Train Acc: 0.7769836, Val Loss: 0.4701429, Val Acc: 0.7788873
Epoch: 309, Train Loss: 0.4560074, Train Acc: 0.7834167, Val Loss: 0.4747509, Val Acc: 0.7689016
Epoch: 310, Train Loss: 0.4562557, Train Acc: 0.7855611, Val Loss: 0.4571537, Val Acc: 0.7788873
Epoch: 311, Train Loss: 0.4578959, Train Acc: 0.7791279, Val Loss: 0.4536330, Val Acc: 0.7888730
Epoch: 312, Train Loss: 0.4602586, Train Acc: 0.7841315, Val Loss: 0.4765706, Val Acc: 0.7760342
Epoch: 313, Train Loss: 0.4548918, Train Acc: 0.7784132, Val Loss: 0.4834925, Val Acc: 0.7660485
Epoch: 314, Train Loss: 0.4561098, Train Acc: 0.7823445, Val Loss: 0.4598747, Val Acc: 0.7746077
Epoch: 315, Train Loss: 0.4566854, Train Acc: 0.7848463, Val Loss: 0.4588680, Val Acc: 0.7760342
Epoch: 316, Train Loss: 0.4449416, Train Acc: 0.7830593, Val Loss: 0.4895970, Val Acc: 0.7902996
Epoch: 317, Train Loss: 0.4663791, Train Acc: 0.7841315, Val Loss: 0.4700486, Val Acc: 0.7774608
Epoch: 318, Train Loss: 0.4664236, Train Acc: 0.7773410, Val Loss: 0.4681792, Val Acc: 0.7703281
Epoch: 319, Train Loss: 0.4584156, Train Acc: 0.7873481, Val Loss: 0.4865726, Val Acc: 0.7689016
Epoch: 320, Train Loss: 0.4470642, Train Acc: 0.7955683, Val Loss: 0.4617912, Val Acc: 0.7860200
Epoch: 321, Train Loss: 0.4536402, Train Acc: 0.7877055, Val Loss: 0.4387079, Val Acc: 0.7817404
Epoch: 322, Train Loss: 0.4647510, Train Acc: 0.7773410, Val Loss: 0.4773569, Val Acc: 0.7674750
Epoch: 323, Train Loss: 0.4536478, Train Acc: 0.7827019, Val Loss: 0.4435988, Val Acc: 0.7788873
Epoch: 324, Train Loss: 0.4551244, Train Acc: 0.7844889, Val Loss: 0.4530650, Val Acc: 0.7731812
Epoch: 325, Train Loss: 0.4526662, Train Acc: 0.7855611, Val Loss: 0.5168774, Val Acc: 0.7746077
Epoch: 326, Train Loss: 0.4483271, Train Acc: 0.7837741, Val Loss: 0.4694153, Val Acc: 0.7746077
Epoch: 327, Train Loss: 0.4518223, Train Acc: 0.7894925, Val Loss: 0.4520958, Val Acc: 0.7803138
Epoch: 328, Train Loss: 0.4471832, Train Acc: 0.7891351, Val Loss: 0.4733499, Val Acc: 0.7760342
Epoch: 329, Train Loss: 0.4617417, Train Acc: 0.7802001, Val Loss: 0.4780649, Val Acc: 0.7717546
Epoch: 330, Train Loss: 0.4602482, Train Acc: 0.7776984, Val Loss: 0.4860613, Val Acc: 0.7731812
Epoch: 331, Train Loss: 0.4448950, Train Acc: 0.7841315, Val Loss: 0.4630322, Val Acc: 0.8045649
Epoch: 332, Train Loss: 0.4552572, Train Acc: 0.7898499, Val Loss: 0.4957091, Val Acc: 0.7860200
Epoch: 333, Train Loss: 0.4630030, Train Acc: 0.7805575, Val Loss: 0.4813408, Val Acc: 0.7703281
Epoch: 334, Train Loss: 0.4431104, Train Acc: 0.7841315, Val Loss: 0.4750738, Val Acc: 0.7945792
Epoch: 335, Train Loss: 0.4590411, Train Acc: 0.7827019, Val Loss: 0.4734993, Val Acc: 0.7689016
Epoch: 336, Train Loss: 0.4463183, Train Acc: 0.7955683, Val Loss: 0.4539866, Val Acc: 0.7817404
Epoch: 337, Train Loss: 0.4538314, Train Acc: 0.7823445, Val Loss: 0.4649289, Val Acc: 0.7931526
Epoch: 338, Train Loss: 0.4535420, Train Acc: 0.7762688, Val Loss: 0.5006096, Val Acc: 0.7817404
Epoch: 339, Train Loss: 0.4656007, Train Acc: 0.7730522, Val Loss: 0.4982286, Val Acc: 0.7817404
Epoch: 340, Train Loss: 0.4538774, Train Acc: 0.7866333, Val Loss: 0.4729844, Val Acc: 0.7845934
Epoch: 341, Train Loss: 0.4494149, Train Acc: 0.7880629, Val Loss: 0.4766691, Val Acc: 0.7746077
Epoch: 342, Train Loss: 0.4523333, Train Acc: 0.7830593, Val Loss: 0.4944507, Val Acc: 0.7845934
Epoch: 343, Train Loss: 0.4570904, Train Acc: 0.7784132, Val Loss: 0.4776979, Val Acc: 0.7760342
Epoch: 344, Train Loss: 0.4537185, Train Acc: 0.7887777, Val Loss: 0.4840267, Val Acc: 0.7831669
Epoch: 345, Train Loss: 0.4455169, Train Acc: 0.7952109, Val Loss: 0.4722456, Val Acc: 0.7674750
Epoch: 346, Train Loss: 0.4513041, Train Acc: 0.7805575, Val Loss: 0.5660073, Val Acc: 0.7589158
Epoch: 347, Train Loss: 0.4640341, Train Acc: 0.7855611, Val Loss: 0.4742657, Val Acc: 0.7731812
Epoch: 348, Train Loss: 0.4609519, Train Acc: 0.7784132, Val Loss: 0.4514765, Val Acc: 0.7845934
Epoch: 349, Train Loss: 0.4336625, Train Acc: 0.7916369, Val Loss: 0.4983534, Val Acc: 0.7845934
Epoch: 350, Train Loss: 0.4610007, Train Acc: 0.7791279, Val Loss: 0.5435958, Val Acc: 0.7674750
Epoch: 351, Train Loss: 0.4536518, Train Acc: 0.7794853, Val Loss: 0.4676111, Val Acc: 0.7888730
Epoch: 352, Train Loss: 0.4514393, Train Acc: 0.7862759, Val Loss: 0.4872830, Val Acc: 0.7703281
Epoch: 353, Train Loss: 0.4725661, Train Acc: 0.7616154, Val Loss: 0.4448343, Val Acc: 0.7874465
Epoch: 354, Train Loss: 0.4449082, Train Acc: 0.7987848, Val Loss: 0.4921134, Val Acc: 0.7717546
Epoch: 355, Train Loss: 0.4399061, Train Acc: 0.7862759, Val Loss: 0.4814110, Val Acc: 0.7888730
Epoch: 356, Train Loss: 0.4461698, Train Acc: 0.7862759, Val Loss: 0.4536999, Val Acc: 0.7803138
Epoch: 357, Train Loss: 0.4525137, Train Acc: 0.7955683, Val Loss: 0.4719198, Val Acc: 0.7831669
Epoch: 358, Train Loss: 0.4479213, Train Acc: 0.7980701, Val Loss: 0.4389123, Val Acc: 0.7888730
Epoch: 359, Train Loss: 0.4528936, Train Acc: 0.7905647, Val Loss: 0.4491034, Val Acc: 0.7974322
Epoch: 360, Train Loss: 0.4554989, Train Acc: 0.7902073, Val Loss: 0.4573179, Val Acc: 0.7874465
Epoch: 361, Train Loss: 0.4552239, Train Acc: 0.7980701, Val Loss: 0.4568613, Val Acc: 0.7960057
Epoch: 362, Train Loss: 0.4357366, Train Acc: 0.7891351, Val Loss: 0.4477688, Val Acc: 0.7831669
Epoch: 363, Train Loss: 0.4655978, Train Acc: 0.7827019, Val Loss: 0.4929977, Val Acc: 0.7817404
Epoch: 364, Train Loss: 0.4579432, Train Acc: 0.7830593, Val Loss: 0.4685139, Val Acc: 0.7788873
Epoch: 365, Train Loss: 0.4424813, Train Acc: 0.7884203, Val Loss: 0.4672543, Val Acc: 0.7631954
Epoch: 366, Train Loss: 0.4392520, Train Acc: 0.7966405, Val Loss: 0.4456111, Val Acc: 0.7774608
Epoch: 367, Train Loss: 0.4521607, Train Acc: 0.7873481, Val Loss: 0.4726869, Val Acc: 0.7902996
Epoch: 368, Train Loss: 0.4498876, Train Acc: 0.7862759, Val Loss: 0.4350594, Val Acc: 0.7902996
Epoch: 369, Train Loss: 0.4456096, Train Acc: 0.7919943, Val Loss: 0.4699840, Val Acc: 0.7888730
Epoch: 370, Train Loss: 0.4453960, Train Acc: 0.7894925, Val Loss: 0.4501319, Val Acc: 0.7888730
Epoch: 371, Train Loss: 0.4473515, Train Acc: 0.7834167, Val Loss: 0.4410400, Val Acc: 0.7974322
Epoch: 372, Train Loss: 0.4441824, Train Acc: 0.7909221, Val Loss: 0.4916297, Val Acc: 0.7803138
Epoch: 373, Train Loss: 0.4452402, Train Acc: 0.7937813, Val Loss: 0.4909967, Val Acc: 0.7617689
Epoch: 374, Train Loss: 0.4453126, Train Acc: 0.7905647, Val Loss: 0.4731511, Val Acc: 0.7888730
Epoch: 375, Train Loss: 0.4406698, Train Acc: 0.7977127, Val Loss: 0.4675747, Val Acc: 0.7646220
Epoch: 376, Train Loss: 0.4622097, Train Acc: 0.7687634, Val Loss: 0.4780745, Val Acc: 0.7831669
Epoch: 377, Train Loss: 0.4499943, Train Acc: 0.7887777, Val Loss: 0.4552007, Val Acc: 0.7945792
Epoch: 378, Train Loss: 0.4470074, Train Acc: 0.7955683, Val Loss: 0.4713039, Val Acc: 0.7803138
Epoch: 379, Train Loss: 0.4428972, Train Acc: 0.7937813, Val Loss: 0.4632215, Val Acc: 0.7774608
Epoch: 380, Train Loss: 0.4369086, Train Acc: 0.7955683, Val Loss: 0.4424530, Val Acc: 0.7988588
Epoch: 381, Train Loss: 0.4359848, Train Acc: 0.7969979, Val Loss: 0.4589828, Val Acc: 0.7788873
Epoch: 382, Train Loss: 0.4363007, Train Acc: 0.7941387, Val Loss: 0.4415794, Val Acc: 0.7902996
Epoch: 383, Train Loss: 0.4355671, Train Acc: 0.7944961, Val Loss: 0.4708250, Val Acc: 0.7774608
Epoch: 384, Train Loss: 0.4476282, Train Acc: 0.7862759, Val Loss: 0.4378768, Val Acc: 0.7931526
Epoch: 385, Train Loss: 0.4523941, Train Acc: 0.7919943, Val Loss: 0.5010769, Val Acc: 0.7945792
Epoch: 386, Train Loss: 0.4500985, Train Acc: 0.7944961, Val Loss: 0.4438186, Val Acc: 0.8031384
Epoch: 387, Train Loss: 0.4512046, Train Acc: 0.7809149, Val Loss: 0.4611598, Val Acc: 0.7746077
Epoch: 388, Train Loss: 0.4466821, Train Acc: 0.7877055, Val Loss: 0.4454226, Val Acc: 0.7945792
Epoch: 389, Train Loss: 0.4507907, Train Acc: 0.7844889, Val Loss: 0.4388916, Val Acc: 0.7917261
Epoch: 390, Train Loss: 0.4470466, Train Acc: 0.7812723, Val Loss: 0.4830949, Val Acc: 0.7731812
Epoch: 391, Train Loss: 0.4387525, Train Acc: 0.7902073, Val Loss: 0.4615801, Val Acc: 0.7646220
Epoch: 392, Train Loss: 0.4369050, Train Acc: 0.7980701, Val Loss: 0.4309727, Val Acc: 0.7888730
Epoch: 393, Train Loss: 0.4591575, Train Acc: 0.7844889, Val Loss: 0.4329911, Val Acc: 0.7831669
Epoch: 394, Train Loss: 0.4373604, Train Acc: 0.7955683, Val Loss: 0.4423795, Val Acc: 0.8017118
Epoch: 395, Train Loss: 0.4481020, Train Acc: 0.7944961, Val Loss: 0.4599424, Val Acc: 0.7660485
Epoch: 396, Train Loss: 0.4352292, Train Acc: 0.7977127, Val Loss: 0.4627259, Val Acc: 0.7931526
Epoch: 397, Train Loss: 0.4342596, Train Acc: 0.7934239, Val Loss: 0.4582980, Val Acc: 0.7803138
Epoch: 398, Train Loss: 0.4346351, Train Acc: 0.7859185, Val Loss: 0.4568141, Val Acc: 0.7988588
Epoch: 399, Train Loss: 0.4319781, Train Acc: 0.7887777, Val Loss: 0.4539492, Val Acc: 0.7945792
Epoch: 400, Train Loss: 0.4333029, Train Acc: 0.7880629, Val Loss: 0.4271733, Val Acc: 0.7888730
Epoch: 401, Train Loss: 0.4326419, Train Acc: 0.7980701, Val Loss: 0.4266997, Val Acc: 0.7845934
Epoch: 402, Train Loss: 0.4275195, Train Acc: 0.8041458, Val Loss: 0.4466999, Val Acc: 0.7774608
Epoch: 403, Train Loss: 0.4218734, Train Acc: 0.8087920, Val Loss: 0.4548809, Val Acc: 0.7760342
Epoch: 404, Train Loss: 0.4166113, Train Acc: 0.8109364, Val Loss: 0.4231178, Val Acc: 0.7817404
Epoch: 405, Train Loss: 0.4214130, Train Acc: 0.8120086, Val Loss: 0.4266700, Val Acc: 0.8002853
Epoch: 406, Train Loss: 0.4147469, Train Acc: 0.8055754, Val Loss: 0.4386159, Val Acc: 0.7888730
Epoch: 407, Train Loss: 0.4217590, Train Acc: 0.8102216, Val Loss: 0.4340778, Val Acc: 0.7845934
Epoch: 408, Train Loss: 0.4319912, Train Acc: 0.7984274, Val Loss: 0.4324382, Val Acc: 0.7974322
Epoch: 409, Train Loss: 0.4128720, Train Acc: 0.8059328, Val Loss: 0.4315104, Val Acc: 0.7902996
Epoch: 410, Train Loss: 0.4075907, Train Acc: 0.8059328, Val Loss: 0.3968978, Val Acc: 0.8174037
Epoch: 411, Train Loss: 0.4089244, Train Acc: 0.8041458, Val Loss: 0.4321204, Val Acc: 0.7931526
Epoch: 412, Train Loss: 0.4210102, Train Acc: 0.8059328, Val Loss: 0.4130961, Val Acc: 0.7974322
Epoch: 413, Train Loss: 0.3990122, Train Acc: 0.8220157, Val Loss: 0.4273022, Val Acc: 0.7874465
Epoch: 414, Train Loss: 0.4147738, Train Acc: 0.8084346, Val Loss: 0.4373054, Val Acc: 0.7945792
Epoch: 415, Train Loss: 0.4309669, Train Acc: 0.8016440, Val Loss: 0.4448474, Val Acc: 0.7888730
Epoch: 416, Train Loss: 0.4116260, Train Acc: 0.8016440, Val Loss: 0.4267564, Val Acc: 0.7945792
Epoch: 417, Train Loss: 0.4210756, Train Acc: 0.8059328, Val Loss: 0.4531898, Val Acc: 0.7803138
Epoch: 418, Train Loss: 0.4158422, Train Acc: 0.8137956, Val Loss: 0.4215221, Val Acc: 0.8059914
Epoch: 419, Train Loss: 0.4078363, Train Acc: 0.8109364, Val Loss: 0.4236648, Val Acc: 0.7960057
Epoch: 420, Train Loss: 0.4241708, Train Acc: 0.8070050, Val Loss: 0.4181860, Val Acc: 0.8059914
Epoch: 421, Train Loss: 0.4109767, Train Acc: 0.8112938, Val Loss: 0.4699288, Val Acc: 0.7774608
Epoch: 422, Train Loss: 0.4147549, Train Acc: 0.8070050, Val Loss: 0.4031888, Val Acc: 0.8088445
Epoch: 423, Train Loss: 0.4025781, Train Acc: 0.8123660, Val Loss: 0.4305909, Val Acc: 0.7902996
Epoch: 424, Train Loss: 0.4186761, Train Acc: 0.8080772, Val Loss: 0.4107041, Val Acc: 0.7945792
Epoch: 425, Train Loss: 0.4093600, Train Acc: 0.8130808, Val Loss: 0.4244881, Val Acc: 0.7917261
Epoch: 426, Train Loss: 0.4160791, Train Acc: 0.8070050, Val Loss: 0.4387124, Val Acc: 0.8031384
Epoch: 427, Train Loss: 0.4270597, Train Acc: 0.8037884, Val Loss: 0.4346680, Val Acc: 0.7974322
Epoch: 428, Train Loss: 0.4331626, Train Acc: 0.7937813, Val Loss: 0.4066248, Val Acc: 0.8088445
Epoch: 429, Train Loss: 0.3985291, Train Acc: 0.8130808, Val Loss: 0.4200862, Val Acc: 0.8131241
Epoch: 430, Train Loss: 0.4190624, Train Acc: 0.8077198, Val Loss: 0.4423678, Val Acc: 0.7931526
Epoch: 431, Train Loss: 0.4195147, Train Acc: 0.8037884, Val Loss: 0.4299585, Val Acc: 0.7917261
Epoch: 432, Train Loss: 0.4127775, Train Acc: 0.8137956, Val Loss: 0.4165675, Val Acc: 0.8088445
Epoch: 433, Train Loss: 0.4046453, Train Acc: 0.8155826, Val Loss: 0.4355555, Val Acc: 0.7788873
Epoch: 434, Train Loss: 0.4097120, Train Acc: 0.8134382, Val Loss: 0.4432488, Val Acc: 0.7817404
Epoch: 435, Train Loss: 0.4275540, Train Acc: 0.8059328, Val Loss: 0.4340166, Val Acc: 0.7888730
Epoch: 436, Train Loss: 0.4053127, Train Acc: 0.8098642, Val Loss: 0.4214199, Val Acc: 0.7931526
Epoch: 437, Train Loss: 0.4034763, Train Acc: 0.8177269, Val Loss: 0.4755696, Val Acc: 0.7974322
Epoch: 438, Train Loss: 0.4062990, Train Acc: 0.8102216, Val Loss: 0.4490848, Val Acc: 0.7845934
Epoch: 439, Train Loss: 0.4108439, Train Acc: 0.8109364, Val Loss: 0.4132645, Val Acc: 0.7945792
Epoch: 440, Train Loss: 0.3967944, Train Acc: 0.8112938, Val Loss: 0.4270378, Val Acc: 0.8088445
Epoch: 441, Train Loss: 0.4135416, Train Acc: 0.8016440, Val Loss: 0.4577758, Val Acc: 0.7860200
Epoch: 442, Train Loss: 0.4073911, Train Acc: 0.8066476, Val Loss: 0.4480059, Val Acc: 0.8116976
Epoch: 443, Train Loss: 0.4181628, Train Acc: 0.8098642, Val Loss: 0.4068998, Val Acc: 0.8088445
Epoch: 444, Train Loss: 0.4192254, Train Acc: 0.8080772, Val Loss: 0.4093471, Val Acc: 0.7902996
Epoch: 445, Train Loss: 0.4082524, Train Acc: 0.8120086, Val Loss: 0.4340504, Val Acc: 0.8116976
Epoch: 446, Train Loss: 0.4312645, Train Acc: 0.7980701, Val Loss: 0.4316021, Val Acc: 0.7960057
Epoch: 447, Train Loss: 0.4105576, Train Acc: 0.8012866, Val Loss: 0.4133589, Val Acc: 0.8174037
Epoch: 448, Train Loss: 0.4147469, Train Acc: 0.8145104, Val Loss: 0.4330070, Val Acc: 0.7988588
Epoch: 449, Train Loss: 0.4097529, Train Acc: 0.8052180, Val Loss: 0.4205698, Val Acc: 0.7960057
Epoch: 450, Train Loss: 0.4097781, Train Acc: 0.8155826, Val Loss: 0.4331190, Val Acc: 0.7931526
Epoch: 451, Train Loss: 0.4043890, Train Acc: 0.8116512, Val Loss: 0.4460218, Val Acc: 0.7831669
Epoch: 452, Train Loss: 0.4107013, Train Acc: 0.8080772, Val Loss: 0.4593740, Val Acc: 0.8002853
Epoch: 453, Train Loss: 0.4236979, Train Acc: 0.7966405, Val Loss: 0.4652142, Val Acc: 0.7888730
Epoch: 454, Train Loss: 0.4106062, Train Acc: 0.8148678, Val Loss: 0.4224666, Val Acc: 0.7902996
Epoch: 455, Train Loss: 0.3970023, Train Acc: 0.8152252, Val Loss: 0.4553130, Val Acc: 0.7917261
Epoch: 456, Train Loss: 0.4144436, Train Acc: 0.8148678, Val Loss: 0.4226658, Val Acc: 0.7945792
Epoch: 457, Train Loss: 0.4155138, Train Acc: 0.7969979, Val Loss: 0.4307071, Val Acc: 0.7974322
Epoch: 458, Train Loss: 0.4035397, Train Acc: 0.8091494, Val Loss: 0.4334454, Val Acc: 0.8017118
Epoch: 459, Train Loss: 0.4175730, Train Acc: 0.8098642, Val Loss: 0.4506599, Val Acc: 0.7746077
Epoch: 460, Train Loss: 0.4172312, Train Acc: 0.8034310, Val Loss: 0.4408488, Val Acc: 0.7988588
Epoch: 461, Train Loss: 0.4136453, Train Acc: 0.8116512, Val Loss: 0.4329357, Val Acc: 0.7902996
Epoch: 462, Train Loss: 0.4248956, Train Acc: 0.8041458, Val Loss: 0.4192653, Val Acc: 0.8245364
Epoch: 463, Train Loss: 0.4213677, Train Acc: 0.8048606, Val Loss: 0.4623585, Val Acc: 0.7817404
Epoch: 464, Train Loss: 0.4097542, Train Acc: 0.8173695, Val Loss: 0.4428388, Val Acc: 0.7860200
Epoch: 465, Train Loss: 0.4068599, Train Acc: 0.8077198, Val Loss: 0.4085601, Val Acc: 0.7931526
Epoch: 466, Train Loss: 0.4083197, Train Acc: 0.8102216, Val Loss: 0.4144577, Val Acc: 0.8002853
Epoch: 467, Train Loss: 0.4084019, Train Acc: 0.8055754, Val Loss: 0.4284594, Val Acc: 0.7960057
Epoch: 468, Train Loss: 0.4091662, Train Acc: 0.8127234, Val Loss: 0.4141229, Val Acc: 0.7931526
Epoch: 469, Train Loss: 0.4009349, Train Acc: 0.8205861, Val Loss: 0.4502546, Val Acc: 0.7831669
Epoch: 470, Train Loss: 0.4130124, Train Acc: 0.8170122, Val Loss: 0.4321569, Val Acc: 0.7860200
Epoch: 471, Train Loss: 0.4019166, Train Acc: 0.8120086, Val Loss: 0.4231067, Val Acc: 0.7774608
Epoch: 472, Train Loss: 0.4217669, Train Acc: 0.8116512, Val Loss: 0.4399412, Val Acc: 0.7960057
Epoch: 473, Train Loss: 0.4225943, Train Acc: 0.7973553, Val Loss: 0.4250863, Val Acc: 0.7902996
Epoch: 474, Train Loss: 0.4175206, Train Acc: 0.8045032, Val Loss: 0.4292314, Val Acc: 0.8088445
Epoch: 475, Train Loss: 0.4011178, Train Acc: 0.8095068, Val Loss: 0.4228136, Val Acc: 0.7988588
Epoch: 476, Train Loss: 0.4183645, Train Acc: 0.8105790, Val Loss: 0.4208572, Val Acc: 0.8002853
Epoch: 477, Train Loss: 0.4119101, Train Acc: 0.8027162, Val Loss: 0.4145715, Val Acc: 0.8116976
Epoch: 478, Train Loss: 0.4188183, Train Acc: 0.8120086, Val Loss: 0.4345271, Val Acc: 0.7888730
Epoch: 479, Train Loss: 0.4084563, Train Acc: 0.8177269, Val Loss: 0.4041087, Val Acc: 0.8145506
Epoch: 480, Train Loss: 0.4089476, Train Acc: 0.8087920, Val Loss: 0.4136468, Val Acc: 0.8273894
Epoch: 481, Train Loss: 0.4086173, Train Acc: 0.8084346, Val Loss: 0.4129312, Val Acc: 0.7960057
Epoch: 482, Train Loss: 0.4069816, Train Acc: 0.8120086, Val Loss: 0.4430052, Val Acc: 0.7945792
Epoch: 483, Train Loss: 0.3924958, Train Acc: 0.8198713, Val Loss: 0.4113958, Val Acc: 0.8102710
Epoch: 484, Train Loss: 0.4146073, Train Acc: 0.8109364, Val Loss: 0.4097211, Val Acc: 0.8088445
Epoch: 485, Train Loss: 0.4162270, Train Acc: 0.8066476, Val Loss: 0.4248497, Val Acc: 0.7945792
Epoch: 486, Train Loss: 0.4165255, Train Acc: 0.8105790, Val Loss: 0.4151671, Val Acc: 0.8017118
Epoch: 487, Train Loss: 0.4111174, Train Acc: 0.8091494, Val Loss: 0.4234822, Val Acc: 0.8031384
Epoch: 488, Train Loss: 0.4017081, Train Acc: 0.8223731, Val Loss: 0.4309542, Val Acc: 0.7974322
Epoch: 489, Train Loss: 0.4082575, Train Acc: 0.8191565, Val Loss: 0.4403156, Val Acc: 0.7988588
Epoch: 490, Train Loss: 0.4067188, Train Acc: 0.8102216, Val Loss: 0.4187063, Val Acc: 0.8045649
Epoch: 491, Train Loss: 0.4129125, Train Acc: 0.8105790, Val Loss: 0.4202230, Val Acc: 0.8059914
Epoch: 492, Train Loss: 0.4040753, Train Acc: 0.8177269, Val Loss: 0.4163663, Val Acc: 0.8002853
Epoch: 493, Train Loss: 0.4085022, Train Acc: 0.8059328, Val Loss: 0.4336312, Val Acc: 0.8116976
Epoch: 494, Train Loss: 0.4028865, Train Acc: 0.8120086, Val Loss: 0.4260803, Val Acc: 0.7988588
Epoch: 495, Train Loss: 0.4099675, Train Acc: 0.8087920, Val Loss: 0.4006396, Val Acc: 0.8002853
Epoch: 496, Train Loss: 0.4076945, Train Acc: 0.8066476, Val Loss: 0.4314756, Val Acc: 0.8059914
Epoch: 497, Train Loss: 0.4193583, Train Acc: 0.8041458, Val Loss: 0.4235114, Val Acc: 0.7988588
Epoch: 498, Train Loss: 0.4105783, Train Acc: 0.8166548, Val Loss: 0.4326569, Val Acc: 0.7974322
Epoch: 499, Train Loss: 0.4110009, Train Acc: 0.8062902, Val Loss: 0.4023051, Val Acc: 0.8131241
Epoch: 500, Train Loss: 0.4167488, Train Acc: 0.8087920, Val Loss: 0.4068336, Val Acc: 0.8188302
Epoch: 501, Train Loss: 0.4086826, Train Acc: 0.8095068, Val Loss: 0.4278072, Val Acc: 0.8045649
Epoch: 502, Train Loss: 0.4174859, Train Acc: 0.8130808, Val Loss: 0.4103689, Val Acc: 0.8174037
Epoch: 503, Train Loss: 0.4082809, Train Acc: 0.8109364, Val Loss: 0.4359668, Val Acc: 0.7931526
Epoch: 504, Train Loss: 0.4134433, Train Acc: 0.8098642, Val Loss: 0.4157100, Val Acc: 0.8059914
Epoch: 505, Train Loss: 0.4108666, Train Acc: 0.8080772, Val Loss: 0.4427120, Val Acc: 0.7917261
Epoch: 506, Train Loss: 0.4182004, Train Acc: 0.8066476, Val Loss: 0.4194880, Val Acc: 0.8088445
Epoch: 507, Train Loss: 0.4140942, Train Acc: 0.8066476, Val Loss: 0.4577330, Val Acc: 0.7960057
Epoch: 508, Train Loss: 0.4206767, Train Acc: 0.8077198, Val Loss: 0.4143296, Val Acc: 0.8174037
Epoch: 509, Train Loss: 0.3980577, Train Acc: 0.8230879, Val Loss: 0.4236941, Val Acc: 0.8088445
Epoch: 510, Train Loss: 0.4051054, Train Acc: 0.8045032, Val Loss: 0.4127285, Val Acc: 0.8159772
Epoch: 511, Train Loss: 0.4101956, Train Acc: 0.8020014, Val Loss: 0.4175882, Val Acc: 0.8074180
Epoch: 512, Train Loss: 0.4033528, Train Acc: 0.8105790, Val Loss: 0.4199897, Val Acc: 0.8231098
Epoch: 513, Train Loss: 0.4056450, Train Acc: 0.8120086, Val Loss: 0.4228679, Val Acc: 0.8074180
Epoch: 514, Train Loss: 0.4136623, Train Acc: 0.8087920, Val Loss: 0.4329243, Val Acc: 0.8159772
Epoch: 515, Train Loss: 0.4092030, Train Acc: 0.8105790, Val Loss: 0.4244539, Val Acc: 0.7874465
Epoch: 516, Train Loss: 0.4153477, Train Acc: 0.8080772, Val Loss: 0.4403967, Val Acc: 0.7874465
Epoch: 517, Train Loss: 0.4082773, Train Acc: 0.8030736, Val Loss: 0.4463903, Val Acc: 0.7874465
Epoch: 518, Train Loss: 0.4062463, Train Acc: 0.8091494, Val Loss: 0.4134601, Val Acc: 0.7917261
Epoch: 519, Train Loss: 0.4081009, Train Acc: 0.8137956, Val Loss: 0.4189513, Val Acc: 0.8002853
Epoch: 520, Train Loss: 0.4217926, Train Acc: 0.8009292, Val Loss: 0.4422521, Val Acc: 0.8059914
Epoch: 521, Train Loss: 0.4070349, Train Acc: 0.8020014, Val Loss: 0.4244811, Val Acc: 0.8159772
Epoch: 522, Train Loss: 0.4059082, Train Acc: 0.8052180, Val Loss: 0.4434811, Val Acc: 0.8273894
Epoch: 523, Train Loss: 0.4136578, Train Acc: 0.8159400, Val Loss: 0.4194949, Val Acc: 0.7960057
Epoch: 524, Train Loss: 0.3986782, Train Acc: 0.8084346, Val Loss: 0.4200666, Val Acc: 0.8017118
Epoch: 525, Train Loss: 0.4112000, Train Acc: 0.8091494, Val Loss: 0.4015126, Val Acc: 0.8216833
Epoch: 526, Train Loss: 0.3950749, Train Acc: 0.8213009, Val Loss: 0.3833931, Val Acc: 0.8359486
Epoch: 527, Train Loss: 0.4133217, Train Acc: 0.8070050, Val Loss: 0.4129824, Val Acc: 0.8174037
Epoch: 528, Train Loss: 0.4023151, Train Acc: 0.8105790, Val Loss: 0.4215876, Val Acc: 0.7960057
Epoch: 529, Train Loss: 0.4030769, Train Acc: 0.8134382, Val Loss: 0.4010162, Val Acc: 0.8202568
Epoch: 530, Train Loss: 0.4086337, Train Acc: 0.8102216, Val Loss: 0.4169153, Val Acc: 0.8017118
Epoch: 531, Train Loss: 0.4104960, Train Acc: 0.8120086, Val Loss: 0.4069321, Val Acc: 0.8145506
Epoch: 532, Train Loss: 0.4138958, Train Acc: 0.8205861, Val Loss: 0.4254081, Val Acc: 0.8017118
Epoch: 533, Train Loss: 0.4116865, Train Acc: 0.8148678, Val Loss: 0.4093562, Val Acc: 0.8059914
Epoch: 534, Train Loss: 0.4047682, Train Acc: 0.8112938, Val Loss: 0.4734642, Val Acc: 0.7803138
Epoch: 535, Train Loss: 0.4033075, Train Acc: 0.8112938, Val Loss: 0.4123996, Val Acc: 0.8059914
Epoch: 536, Train Loss: 0.4020844, Train Acc: 0.8116512, Val Loss: 0.4204606, Val Acc: 0.8059914
Epoch: 537, Train Loss: 0.4148989, Train Acc: 0.8005718, Val Loss: 0.4206852, Val Acc: 0.8017118
Epoch: 538, Train Loss: 0.4121832, Train Acc: 0.8087920, Val Loss: 0.4270727, Val Acc: 0.8102710
Epoch: 539, Train Loss: 0.4075682, Train Acc: 0.8137956, Val Loss: 0.4306217, Val Acc: 0.8017118
Epoch: 540, Train Loss: 0.4073830, Train Acc: 0.8027162, Val Loss: 0.4124175, Val Acc: 0.8031384
Epoch: 541, Train Loss: 0.3997610, Train Acc: 0.8116512, Val Loss: 0.4416380, Val Acc: 0.8031384
Epoch: 542, Train Loss: 0.4176548, Train Acc: 0.7973553, Val Loss: 0.4311415, Val Acc: 0.7874465
Epoch: 543, Train Loss: 0.3936388, Train Acc: 0.8116512, Val Loss: 0.4188091, Val Acc: 0.8059914
Epoch: 544, Train Loss: 0.4106638, Train Acc: 0.8030736, Val Loss: 0.4295085, Val Acc: 0.8045649
Epoch: 545, Train Loss: 0.4043717, Train Acc: 0.8184417, Val Loss: 0.4053551, Val Acc: 0.8259629
Epoch: 546, Train Loss: 0.4165520, Train Acc: 0.8030736, Val Loss: 0.4304222, Val Acc: 0.8045649
Epoch: 547, Train Loss: 0.4137490, Train Acc: 0.8077198, Val Loss: 0.4351688, Val Acc: 0.8045649
Epoch: 548, Train Loss: 0.4089257, Train Acc: 0.8145104, Val Loss: 0.4160843, Val Acc: 0.8045649
Epoch: 549, Train Loss: 0.4015340, Train Acc: 0.8152252, Val Loss: 0.4266327, Val Acc: 0.8074180
Epoch: 550, Train Loss: 0.4095728, Train Acc: 0.8109364, Val Loss: 0.4097004, Val Acc: 0.8088445
Epoch: 551, Train Loss: 0.3954630, Train Acc: 0.8202287, Val Loss: 0.4553479, Val Acc: 0.7988588
Epoch: 552, Train Loss: 0.4121096, Train Acc: 0.8112938, Val Loss: 0.4126335, Val Acc: 0.8102710
Epoch: 553, Train Loss: 0.4017762, Train Acc: 0.8137956, Val Loss: 0.4267212, Val Acc: 0.8245364
Epoch: 554, Train Loss: 0.3947725, Train Acc: 0.8177269, Val Loss: 0.4184493, Val Acc: 0.8074180
Epoch: 555, Train Loss: 0.4159247, Train Acc: 0.8141530, Val Loss: 0.4161796, Val Acc: 0.8159772
Epoch: 556, Train Loss: 0.4046212, Train Acc: 0.8070050, Val Loss: 0.4095461, Val Acc: 0.8102710
Epoch: 557, Train Loss: 0.4055619, Train Acc: 0.8105790, Val Loss: 0.4130910, Val Acc: 0.8102710
Epoch: 558, Train Loss: 0.4011289, Train Acc: 0.8166548, Val Loss: 0.3936636, Val Acc: 0.8145506
Epoch: 559, Train Loss: 0.4034463, Train Acc: 0.8191565, Val Loss: 0.4250285, Val Acc: 0.8074180
Epoch: 560, Train Loss: 0.4164739, Train Acc: 0.8123660, Val Loss: 0.4279160, Val Acc: 0.7931526
Epoch: 561, Train Loss: 0.4193624, Train Acc: 0.8027162, Val Loss: 0.4266131, Val Acc: 0.7974322
Epoch: 562, Train Loss: 0.4108530, Train Acc: 0.8116512, Val Loss: 0.4444388, Val Acc: 0.8074180
Epoch: 563, Train Loss: 0.4022790, Train Acc: 0.8123660, Val Loss: 0.4041698, Val Acc: 0.8017118
Epoch: 564, Train Loss: 0.4023921, Train Acc: 0.8066476, Val Loss: 0.4088642, Val Acc: 0.8074180
Epoch: 565, Train Loss: 0.4038739, Train Acc: 0.8141530, Val Loss: 0.4169366, Val Acc: 0.8074180
Epoch: 566, Train Loss: 0.4025992, Train Acc: 0.8166548, Val Loss: 0.4300818, Val Acc: 0.7860200
Epoch: 567, Train Loss: 0.4006126, Train Acc: 0.8102216, Val Loss: 0.4203340, Val Acc: 0.8031384
Epoch: 568, Train Loss: 0.3974889, Train Acc: 0.8162974, Val Loss: 0.4701174, Val Acc: 0.7874465
Epoch: 569, Train Loss: 0.4069301, Train Acc: 0.8116512, Val Loss: 0.4142166, Val Acc: 0.8174037
Epoch: 570, Train Loss: 0.4084878, Train Acc: 0.8095068, Val Loss: 0.4075960, Val Acc: 0.8102710
Epoch: 571, Train Loss: 0.4013712, Train Acc: 0.8066476, Val Loss: 0.4261431, Val Acc: 0.8002853
Epoch: 572, Train Loss: 0.4031640, Train Acc: 0.8230879, Val Loss: 0.4495929, Val Acc: 0.8045649
Epoch: 573, Train Loss: 0.4029640, Train Acc: 0.8077198, Val Loss: 0.4050462, Val Acc: 0.8145506
Epoch: 574, Train Loss: 0.3999335, Train Acc: 0.8137956, Val Loss: 0.3998813, Val Acc: 0.8074180
Epoch: 575, Train Loss: 0.3982333, Train Acc: 0.8202287, Val Loss: 0.4148708, Val Acc: 0.8017118
Epoch: 576, Train Loss: 0.4065521, Train Acc: 0.8105790, Val Loss: 0.4161065, Val Acc: 0.8231098
Epoch: 577, Train Loss: 0.4030291, Train Acc: 0.8173695, Val Loss: 0.4398822, Val Acc: 0.7888730
