nohup: ignoring input
data directory: ../MolNet-data/
threshold: 4.5
number of epochs: 1000
batch_size 4
number of data loader workers: 4
neural network size: 16
--------------------------------------------------------
generating training dataset...
folds:  [2, 3, 4, 5]
class name to integer map:  {'control': 0, 'nucleotide': 1}
getting data from following folders:  ['../MolNet-data/control/fold_2', '../MolNet-data/control/fold_3', '../MolNet-data/control/fold_4', '../MolNet-data/control/fold_5', '../MolNet-data/nucleotide/fold_2', '../MolNet-data/nucleotide/fold_3', '../MolNet-data/nucleotide/fold_4', '../MolNet-data/nucleotide/fold_5']
folder classes:  [0, 0, 0, 0, 1, 1, 1, 1]
lengths of the folders:  [389, 389, 389, 389, 311, 311, 310, 310]
--------------------------------------------------------
generating validation dataset...
folds:  [1]
class name to integer map:  {'control': 0, 'nucleotide': 1}
getting data from following folders:  ['../MolNet-data/control/fold_1', '../MolNet-data/nucleotide/fold_1']
folder classes:  [0, 1]
lengths of the folders:  [390, 311]
model architecture:
Net(
  (conv1): GINConv(nn=Sequential(
    (0): Linear(in_features=3, out_features=16, bias=True)
    (1): ReLU()
    (2): Linear(in_features=16, out_features=16, bias=True)
  ))
  (bn1): BatchNorm1d(16, eps=1e-05, momentum=0.1, affine=True, track_running_stats=True)
  (conv2): GINConv(nn=Sequential(
    (0): Linear(in_features=16, out_features=16, bias=True)
    (1): ReLU()
    (2): Linear(in_features=16, out_features=16, bias=True)
  ))
  (bn2): BatchNorm1d(16, eps=1e-05, momentum=0.1, affine=True, track_running_stats=True)
  (conv3): GINConv(nn=Sequential(
    (0): Linear(in_features=16, out_features=16, bias=True)
    (1): ReLU()
    (2): Linear(in_features=16, out_features=16, bias=True)
  ))
  (bn3): BatchNorm1d(16, eps=1e-05, momentum=0.1, affine=True, track_running_stats=True)
  (conv4): GINConv(nn=Sequential(
    (0): Linear(in_features=16, out_features=16, bias=True)
    (1): ReLU()
    (2): Linear(in_features=16, out_features=16, bias=True)
  ))
  (bn4): BatchNorm1d(16, eps=1e-05, momentum=0.1, affine=True, track_running_stats=True)
  (fc1): Linear(in_features=16, out_features=16, bias=True)
  (fc2): Linear(in_features=16, out_features=2, bias=True)
)
optimizer:
Adam (
Parameter Group 0
    amsgrad: False
    betas: (0.9, 0.999)
    eps: 1e-08
    lr: 0.001
    weight_decay: 0.0001
)
begin training...
Epoch: 001, Train Loss: 1.6774358, Train Acc: 0.5900643, Val Loss: 0.6767411, Val Acc: 0.6718973
Epoch: 002, Train Loss: 0.6528530, Train Acc: 0.6340243, Val Loss: 0.5919058, Val Acc: 0.7018545
Epoch: 003, Train Loss: 0.6204879, Train Acc: 0.6572552, Val Loss: 0.6950961, Val Acc: 0.6562054
Epoch: 004, Train Loss: 0.6159141, Train Acc: 0.6672623, Val Loss: 0.5615256, Val Acc: 0.7232525
Epoch: 005, Train Loss: 0.6147563, Train Acc: 0.6665475, Val Loss: 0.5880048, Val Acc: 0.7061341
Epoch: 006, Train Loss: 0.6134368, Train Acc: 0.6694067, Val Loss: 0.7249200, Val Acc: 0.7104137
Epoch: 007, Train Loss: 0.6176902, Train Acc: 0.6708363, Val Loss: 0.6487379, Val Acc: 0.6619116
Epoch: 008, Train Loss: 0.6047139, Train Acc: 0.6765547, Val Loss: 0.5532687, Val Acc: 0.7403709
Epoch: 009, Train Loss: 0.6028436, Train Acc: 0.6654753, Val Loss: 0.5668257, Val Acc: 0.7417974
Epoch: 010, Train Loss: 0.5998770, Train Acc: 0.6736955, Val Loss: 0.5969026, Val Acc: 0.6733238
Epoch: 011, Train Loss: 0.6024277, Train Acc: 0.6765547, Val Loss: 0.5654707, Val Acc: 0.7032810
Epoch: 012, Train Loss: 0.5907693, Train Acc: 0.6847748, Val Loss: 0.5681039, Val Acc: 0.7089872
Epoch: 013, Train Loss: 0.6009097, Train Acc: 0.6822731, Val Loss: 0.5572108, Val Acc: 0.7004280
Epoch: 014, Train Loss: 0.6021472, Train Acc: 0.6937098, Val Loss: 0.5387087, Val Acc: 0.7075606
Epoch: 015, Train Loss: 0.5941933, Train Acc: 0.6879914, Val Loss: 0.5623437, Val Acc: 0.7075606
Epoch: 016, Train Loss: 0.5836813, Train Acc: 0.6851322, Val Loss: 0.5664449, Val Acc: 0.7089872
Epoch: 017, Train Loss: 0.5975128, Train Acc: 0.6876340, Val Loss: 0.5195447, Val Acc: 0.7318117
Epoch: 018, Train Loss: 0.5838216, Train Acc: 0.6997856, Val Loss: 0.5386748, Val Acc: 0.7132668
Epoch: 019, Train Loss: 0.5890548, Train Acc: 0.6801287, Val Loss: 0.5621242, Val Acc: 0.7146933
Epoch: 020, Train Loss: 0.5872264, Train Acc: 0.6733381, Val Loss: 0.5723256, Val Acc: 0.7318117
Epoch: 021, Train Loss: 0.5890514, Train Acc: 0.6862044, Val Loss: 0.5537969, Val Acc: 0.7389444
Epoch: 022, Train Loss: 0.5948190, Train Acc: 0.6808435, Val Loss: 0.5339771, Val Acc: 0.7132668
Epoch: 023, Train Loss: 0.5697511, Train Acc: 0.6869192, Val Loss: 0.5343909, Val Acc: 0.7289586
Epoch: 024, Train Loss: 0.5802078, Train Acc: 0.6812009, Val Loss: 0.5814688, Val Acc: 0.6533524
Epoch: 025, Train Loss: 0.5853097, Train Acc: 0.6754825, Val Loss: 0.5597321, Val Acc: 0.7346648
Epoch: 026, Train Loss: 0.5829600, Train Acc: 0.6772695, Val Loss: 0.5744348, Val Acc: 0.7489301
Epoch: 027, Train Loss: 0.5857686, Train Acc: 0.6933524, Val Loss: 0.5509511, Val Acc: 0.6961484
Epoch: 028, Train Loss: 0.5846252, Train Acc: 0.6826305, Val Loss: 0.5526008, Val Acc: 0.7332382
Epoch: 029, Train Loss: 0.5785988, Train Acc: 0.6679771, Val Loss: 0.5588766, Val Acc: 0.7346648
Epoch: 030, Train Loss: 0.5609142, Train Acc: 0.6987134, Val Loss: 0.5179183, Val Acc: 0.7432240
Epoch: 031, Train Loss: 0.5774644, Train Acc: 0.6901358, Val Loss: 0.5381088, Val Acc: 0.7303852
Epoch: 032, Train Loss: 0.5765084, Train Acc: 0.6897784, Val Loss: 0.5369526, Val Acc: 0.7332382
Epoch: 033, Train Loss: 0.5797569, Train Acc: 0.6872766, Val Loss: 0.5444630, Val Acc: 0.7446505
Epoch: 034, Train Loss: 0.5608043, Train Acc: 0.7133667, Val Loss: 0.5882183, Val Acc: 0.7503566
Epoch: 035, Train Loss: 0.5751364, Train Acc: 0.6908506, Val Loss: 0.5651065, Val Acc: 0.7118402
Epoch: 036, Train Loss: 0.5742224, Train Acc: 0.6879914, Val Loss: 0.5082657, Val Acc: 0.7546362
Epoch: 037, Train Loss: 0.5615184, Train Acc: 0.7022873, Val Loss: 0.6164185, Val Acc: 0.7118402
Epoch: 038, Train Loss: 0.5592629, Train Acc: 0.6990708, Val Loss: 0.5357483, Val Acc: 0.7146933
Epoch: 039, Train Loss: 0.5616139, Train Acc: 0.6951394, Val Loss: 0.5654328, Val Acc: 0.7303852
Epoch: 040, Train Loss: 0.5632841, Train Acc: 0.6990708, Val Loss: 0.5227261, Val Acc: 0.7275321
Epoch: 041, Train Loss: 0.5642040, Train Acc: 0.7008578, Val Loss: 0.5299804, Val Acc: 0.7218260
Epoch: 042, Train Loss: 0.5628167, Train Acc: 0.7112223, Val Loss: 0.5237412, Val Acc: 0.7246790
Epoch: 043, Train Loss: 0.5540482, Train Acc: 0.6951394, Val Loss: 0.5324615, Val Acc: 0.7360913
Epoch: 044, Train Loss: 0.5514475, Train Acc: 0.7147963, Val Loss: 0.5347981, Val Acc: 0.7289586
Epoch: 045, Train Loss: 0.5484188, Train Acc: 0.7094353, Val Loss: 0.5209710, Val Acc: 0.7389444
Epoch: 046, Train Loss: 0.5472891, Train Acc: 0.7087205, Val Loss: 0.5532829, Val Acc: 0.7061341
Epoch: 047, Train Loss: 0.5496442, Train Acc: 0.7076483, Val Loss: 0.5551045, Val Acc: 0.7118402
Epoch: 048, Train Loss: 0.5542526, Train Acc: 0.7047891, Val Loss: 0.5466813, Val Acc: 0.6932953
Epoch: 049, Train Loss: 0.5517809, Train Acc: 0.7233738, Val Loss: 0.5750081, Val Acc: 0.7232525
Epoch: 050, Train Loss: 0.5438119, Train Acc: 0.7076483, Val Loss: 0.5318604, Val Acc: 0.7546362
Epoch: 051, Train Loss: 0.5637491, Train Acc: 0.6997856, Val Loss: 0.5467366, Val Acc: 0.7018545
Epoch: 052, Train Loss: 0.5511137, Train Acc: 0.7269478, Val Loss: 0.5918682, Val Acc: 0.7332382
Epoch: 053, Train Loss: 0.5494095, Train Acc: 0.7115797, Val Loss: 0.5179279, Val Acc: 0.7346648
Epoch: 054, Train Loss: 0.5310911, Train Acc: 0.7240886, Val Loss: 0.5382393, Val Acc: 0.7375178
Epoch: 055, Train Loss: 0.5537621, Train Acc: 0.7326662, Val Loss: 0.5542623, Val Acc: 0.7546362
Epoch: 056, Train Loss: 0.5340886, Train Acc: 0.7133667, Val Loss: 0.5160490, Val Acc: 0.7532097
Epoch: 057, Train Loss: 0.5435925, Train Acc: 0.7183703, Val Loss: 0.5579194, Val Acc: 0.7432240
Epoch: 058, Train Loss: 0.5448323, Train Acc: 0.7130093, Val Loss: 0.5365415, Val Acc: 0.7446505
Epoch: 059, Train Loss: 0.5276333, Train Acc: 0.7294496, Val Loss: 0.5129727, Val Acc: 0.7674750
Epoch: 060, Train Loss: 0.5497080, Train Acc: 0.7215868, Val Loss: 0.5579774, Val Acc: 0.7432240
Epoch: 061, Train Loss: 0.5425556, Train Acc: 0.7190851, Val Loss: 0.5276707, Val Acc: 0.7360913
Epoch: 062, Train Loss: 0.5428941, Train Acc: 0.7165833, Val Loss: 0.5833211, Val Acc: 0.7446505
Epoch: 063, Train Loss: 0.5391869, Train Acc: 0.7248034, Val Loss: 0.5298990, Val Acc: 0.7289586
Epoch: 064, Train Loss: 0.5529149, Train Acc: 0.7051465, Val Loss: 0.5273173, Val Acc: 0.7303852
Epoch: 065, Train Loss: 0.5460364, Train Acc: 0.7176555, Val Loss: 0.5450780, Val Acc: 0.7246790
Epoch: 066, Train Loss: 0.5384343, Train Acc: 0.7301644, Val Loss: 0.5228989, Val Acc: 0.7432240
Epoch: 067, Train Loss: 0.5346349, Train Acc: 0.7251608, Val Loss: 0.5467551, Val Acc: 0.7146933
Epoch: 068, Train Loss: 0.5504025, Train Acc: 0.7176555, Val Loss: 0.5635037, Val Acc: 0.7104137
Epoch: 069, Train Loss: 0.5384826, Train Acc: 0.7187277, Val Loss: 0.5162738, Val Acc: 0.7603424
Epoch: 070, Train Loss: 0.5375149, Train Acc: 0.7140815, Val Loss: 0.5476359, Val Acc: 0.7346648
Epoch: 071, Train Loss: 0.5468913, Train Acc: 0.7197999, Val Loss: 0.5299472, Val Acc: 0.7403709
Epoch: 072, Train Loss: 0.5265256, Train Acc: 0.7290922, Val Loss: 0.5234784, Val Acc: 0.7360913
Epoch: 073, Train Loss: 0.5355841, Train Acc: 0.7197999, Val Loss: 0.5807751, Val Acc: 0.7360913
Epoch: 074, Train Loss: 0.5282105, Train Acc: 0.7255182, Val Loss: 0.5639199, Val Acc: 0.7360913
Epoch: 075, Train Loss: 0.5385897, Train Acc: 0.7248034, Val Loss: 0.5440568, Val Acc: 0.7232525
Epoch: 076, Train Loss: 0.5370266, Train Acc: 0.7133667, Val Loss: 0.5686710, Val Acc: 0.7346648
Epoch: 077, Train Loss: 0.5372462, Train Acc: 0.7305218, Val Loss: 0.5390707, Val Acc: 0.7189729
Epoch: 078, Train Loss: 0.5239070, Train Acc: 0.7223016, Val Loss: 0.5420061, Val Acc: 0.7175464
Epoch: 079, Train Loss: 0.5343147, Train Acc: 0.7308792, Val Loss: 0.5471747, Val Acc: 0.6990014
Epoch: 080, Train Loss: 0.5322755, Train Acc: 0.7265904, Val Loss: 0.5635545, Val Acc: 0.6975749
Epoch: 081, Train Loss: 0.5385387, Train Acc: 0.7294496, Val Loss: 0.5282264, Val Acc: 0.7218260
Epoch: 082, Train Loss: 0.5381935, Train Acc: 0.7294496, Val Loss: 0.5308836, Val Acc: 0.7318117
Epoch: 083, Train Loss: 0.5105856, Train Acc: 0.7408863, Val Loss: 0.5773698, Val Acc: 0.7075606
Epoch: 084, Train Loss: 0.5362860, Train Acc: 0.7276626, Val Loss: 0.5290985, Val Acc: 0.7303852
Epoch: 085, Train Loss: 0.5277501, Train Acc: 0.7344532, Val Loss: 0.5842530, Val Acc: 0.7232525
Epoch: 086, Train Loss: 0.5279196, Train Acc: 0.7337384, Val Loss: 0.5194718, Val Acc: 0.7503566
Epoch: 087, Train Loss: 0.5263569, Train Acc: 0.7376698, Val Loss: 0.5243501, Val Acc: 0.7318117
Epoch: 088, Train Loss: 0.5047784, Train Acc: 0.7337384, Val Loss: 0.5603739, Val Acc: 0.7218260
Epoch: 089, Train Loss: 0.5153722, Train Acc: 0.7237312, Val Loss: 0.5184805, Val Acc: 0.7517832
Epoch: 090, Train Loss: 0.5244991, Train Acc: 0.7451751, Val Loss: 0.5567273, Val Acc: 0.7446505
Epoch: 091, Train Loss: 0.5188262, Train Acc: 0.7340958, Val Loss: 0.5263632, Val Acc: 0.7175464
Epoch: 092, Train Loss: 0.5219330, Train Acc: 0.7330236, Val Loss: 0.5169915, Val Acc: 0.7489301
Epoch: 093, Train Loss: 0.5306408, Train Acc: 0.7244460, Val Loss: 0.5063762, Val Acc: 0.7389444
Epoch: 094, Train Loss: 0.5182319, Train Acc: 0.7383846, Val Loss: 0.5337123, Val Acc: 0.7517832
Epoch: 095, Train Loss: 0.5156021, Train Acc: 0.7444603, Val Loss: 0.5977213, Val Acc: 0.7275321
Epoch: 096, Train Loss: 0.5242648, Train Acc: 0.7355254, Val Loss: 0.5338869, Val Acc: 0.7389444
Epoch: 097, Train Loss: 0.5206869, Train Acc: 0.7280200, Val Loss: 0.5377983, Val Acc: 0.7475036
Epoch: 098, Train Loss: 0.5243666, Train Acc: 0.7323088, Val Loss: 0.5391557, Val Acc: 0.7503566
Epoch: 099, Train Loss: 0.5202222, Train Acc: 0.7380272, Val Loss: 0.5552619, Val Acc: 0.7275321
Epoch: 100, Train Loss: 0.5066861, Train Acc: 0.7458899, Val Loss: 0.5252377, Val Acc: 0.7532097
Epoch: 101, Train Loss: 0.5228318, Train Acc: 0.7340958, Val Loss: 0.5133501, Val Acc: 0.7417974
Epoch: 102, Train Loss: 0.5303663, Train Acc: 0.7258756, Val Loss: 0.5554814, Val Acc: 0.7375178
Epoch: 103, Train Loss: 0.5294851, Train Acc: 0.7458899, Val Loss: 0.5246059, Val Acc: 0.7318117
Epoch: 104, Train Loss: 0.5165473, Train Acc: 0.7451751, Val Loss: 0.5428419, Val Acc: 0.7218260
Epoch: 105, Train Loss: 0.5197156, Train Acc: 0.7491065, Val Loss: 0.5227797, Val Acc: 0.7375178
Epoch: 106, Train Loss: 0.5207156, Train Acc: 0.7401716, Val Loss: 0.5238139, Val Acc: 0.7532097
Epoch: 107, Train Loss: 0.5057430, Train Acc: 0.7483917, Val Loss: 0.5410289, Val Acc: 0.7375178
Epoch: 108, Train Loss: 0.5175524, Train Acc: 0.7344532, Val Loss: 0.5031603, Val Acc: 0.7603424
Epoch: 109, Train Loss: 0.5064460, Train Acc: 0.7437455, Val Loss: 0.5774140, Val Acc: 0.7318117
Epoch: 110, Train Loss: 0.5175843, Train Acc: 0.7373124, Val Loss: 0.5207907, Val Acc: 0.7360913
Epoch: 111, Train Loss: 0.5198348, Train Acc: 0.7430307, Val Loss: 0.5282158, Val Acc: 0.7517832
Epoch: 112, Train Loss: 0.5197069, Train Acc: 0.7365976, Val Loss: 0.5208793, Val Acc: 0.7403709
Epoch: 113, Train Loss: 0.5029724, Train Acc: 0.7451751, Val Loss: 0.5186121, Val Acc: 0.7532097
Epoch: 114, Train Loss: 0.5066857, Train Acc: 0.7455325, Val Loss: 0.5625909, Val Acc: 0.7346648
Epoch: 115, Train Loss: 0.5044613, Train Acc: 0.7330236, Val Loss: 0.5325150, Val Acc: 0.7303852
Epoch: 116, Train Loss: 0.5176360, Train Acc: 0.7330236, Val Loss: 0.5123926, Val Acc: 0.7489301
Epoch: 117, Train Loss: 0.5204536, Train Acc: 0.7469621, Val Loss: 0.5164686, Val Acc: 0.7446505
Epoch: 118, Train Loss: 0.5057259, Train Acc: 0.7541101, Val Loss: 0.5082456, Val Acc: 0.7589158
Epoch: 119, Train Loss: 0.5197207, Train Acc: 0.7437455, Val Loss: 0.5208290, Val Acc: 0.7417974
Epoch: 120, Train Loss: 0.5105914, Train Acc: 0.7305218, Val Loss: 0.5303984, Val Acc: 0.7146933
Epoch: 121, Train Loss: 0.5112856, Train Acc: 0.7405289, Val Loss: 0.5423896, Val Acc: 0.7417974
Epoch: 122, Train Loss: 0.5249079, Train Acc: 0.7330236, Val Loss: 0.4950837, Val Acc: 0.7646220
Epoch: 123, Train Loss: 0.5187400, Train Acc: 0.7340958, Val Loss: 0.5301608, Val Acc: 0.7261056
Epoch: 124, Train Loss: 0.5115426, Train Acc: 0.7373124, Val Loss: 0.5326791, Val Acc: 0.7346648
Epoch: 125, Train Loss: 0.5203099, Train Acc: 0.7380272, Val Loss: 0.4915252, Val Acc: 0.7460770
Epoch: 126, Train Loss: 0.5156170, Train Acc: 0.7319514, Val Loss: 0.5976285, Val Acc: 0.7346648
Epoch: 127, Train Loss: 0.5057785, Train Acc: 0.7480343, Val Loss: 0.5487602, Val Acc: 0.7517832
Epoch: 128, Train Loss: 0.5127116, Train Acc: 0.7183703, Val Loss: 0.5318162, Val Acc: 0.7203994
Epoch: 129, Train Loss: 0.5117908, Train Acc: 0.7430307, Val Loss: 0.5797433, Val Acc: 0.7318117
Epoch: 130, Train Loss: 0.5074431, Train Acc: 0.7365976, Val Loss: 0.5167463, Val Acc: 0.7403709
Epoch: 131, Train Loss: 0.5064510, Train Acc: 0.7458899, Val Loss: 0.5309534, Val Acc: 0.7503566
Epoch: 132, Train Loss: 0.5166812, Train Acc: 0.7348106, Val Loss: 0.5155373, Val Acc: 0.7403709
Epoch: 133, Train Loss: 0.5286097, Train Acc: 0.7265904, Val Loss: 0.5432455, Val Acc: 0.7189729
Epoch: 134, Train Loss: 0.5108627, Train Acc: 0.7401716, Val Loss: 0.5288554, Val Acc: 0.7375178
Epoch: 135, Train Loss: 0.5113345, Train Acc: 0.7369550, Val Loss: 0.5229863, Val Acc: 0.7389444
Epoch: 136, Train Loss: 0.5172327, Train Acc: 0.7287348, Val Loss: 0.5256126, Val Acc: 0.7332382
Epoch: 137, Train Loss: 0.5184154, Train Acc: 0.7376698, Val Loss: 0.5240757, Val Acc: 0.7375178
Epoch: 138, Train Loss: 0.4933484, Train Acc: 0.7487491, Val Loss: 0.5259861, Val Acc: 0.7546362
Epoch: 139, Train Loss: 0.5130831, Train Acc: 0.7344532, Val Loss: 0.5286355, Val Acc: 0.7089872
Epoch: 140, Train Loss: 0.5195985, Train Acc: 0.7437455, Val Loss: 0.5137822, Val Acc: 0.7417974
Epoch: 141, Train Loss: 0.5006126, Train Acc: 0.7412437, Val Loss: 0.5532326, Val Acc: 0.7389444
Epoch: 142, Train Loss: 0.5029592, Train Acc: 0.7469621, Val Loss: 0.5375217, Val Acc: 0.7475036
Epoch: 143, Train Loss: 0.5057223, Train Acc: 0.7451751, Val Loss: 0.4994210, Val Acc: 0.7646220
Epoch: 144, Train Loss: 0.5010225, Train Acc: 0.7387420, Val Loss: 0.5005874, Val Acc: 0.7346648
Epoch: 145, Train Loss: 0.5176265, Train Acc: 0.7416011, Val Loss: 0.5122199, Val Acc: 0.7517832
Epoch: 146, Train Loss: 0.5089608, Train Acc: 0.7416011, Val Loss: 0.4948751, Val Acc: 0.7460770
Epoch: 147, Train Loss: 0.4908295, Train Acc: 0.7441029, Val Loss: 0.5326514, Val Acc: 0.7189729
Epoch: 148, Train Loss: 0.5240110, Train Acc: 0.7405289, Val Loss: 0.5555280, Val Acc: 0.7089872
Epoch: 149, Train Loss: 0.5176458, Train Acc: 0.7390994, Val Loss: 0.5476431, Val Acc: 0.7303852
Epoch: 150, Train Loss: 0.5113072, Train Acc: 0.7458899, Val Loss: 0.5195797, Val Acc: 0.7432240
Epoch: 151, Train Loss: 0.5127852, Train Acc: 0.7373124, Val Loss: 0.5044989, Val Acc: 0.7432240
Epoch: 152, Train Loss: 0.5071559, Train Acc: 0.7437455, Val Loss: 0.5331367, Val Acc: 0.7403709
Epoch: 153, Train Loss: 0.5059227, Train Acc: 0.7405289, Val Loss: 0.4885853, Val Acc: 0.7560628
Epoch: 154, Train Loss: 0.5014746, Train Acc: 0.7508935, Val Loss: 0.5363053, Val Acc: 0.7332382
Epoch: 155, Train Loss: 0.5012558, Train Acc: 0.7533953, Val Loss: 0.5331339, Val Acc: 0.7432240
Epoch: 156, Train Loss: 0.4888419, Train Acc: 0.7526805, Val Loss: 0.5275250, Val Acc: 0.7275321
Epoch: 157, Train Loss: 0.5059761, Train Acc: 0.7473195, Val Loss: 0.5341026, Val Acc: 0.7603424
Epoch: 158, Train Loss: 0.5142765, Train Acc: 0.7455325, Val Loss: 0.5464299, Val Acc: 0.7517832
Epoch: 159, Train Loss: 0.5067212, Train Acc: 0.7480343, Val Loss: 0.4984714, Val Acc: 0.7546362
Epoch: 160, Train Loss: 0.5031640, Train Acc: 0.7476769, Val Loss: 0.5296142, Val Acc: 0.7375178
Epoch: 161, Train Loss: 0.5027871, Train Acc: 0.7483917, Val Loss: 0.5227254, Val Acc: 0.7560628
Epoch: 162, Train Loss: 0.5148204, Train Acc: 0.7365976, Val Loss: 0.5333401, Val Acc: 0.7417974
Epoch: 163, Train Loss: 0.5046587, Train Acc: 0.7537527, Val Loss: 0.4931427, Val Acc: 0.7574893
Epoch: 164, Train Loss: 0.4947997, Train Acc: 0.7641172, Val Loss: 0.5215300, Val Acc: 0.7503566
Epoch: 165, Train Loss: 0.5010840, Train Acc: 0.7508935, Val Loss: 0.5180399, Val Acc: 0.7517832
Epoch: 166, Train Loss: 0.4980022, Train Acc: 0.7501787, Val Loss: 0.5052397, Val Acc: 0.7403709
Epoch: 167, Train Loss: 0.4934227, Train Acc: 0.7469621, Val Loss: 0.5034075, Val Acc: 0.7532097
Epoch: 168, Train Loss: 0.5070104, Train Acc: 0.7516083, Val Loss: 0.5074221, Val Acc: 0.7574893
Epoch: 169, Train Loss: 0.4893278, Train Acc: 0.7569693, Val Loss: 0.5051916, Val Acc: 0.7617689
Epoch: 170, Train Loss: 0.5099378, Train Acc: 0.7466047, Val Loss: 0.5476673, Val Acc: 0.7617689
Epoch: 171, Train Loss: 0.4968832, Train Acc: 0.7516083, Val Loss: 0.5205301, Val Acc: 0.7346648
Epoch: 172, Train Loss: 0.5012150, Train Acc: 0.7505361, Val Loss: 0.5117545, Val Acc: 0.7389444
Epoch: 173, Train Loss: 0.5008456, Train Acc: 0.7458899, Val Loss: 0.4925940, Val Acc: 0.7532097
Epoch: 174, Train Loss: 0.5003417, Train Acc: 0.7433881, Val Loss: 0.5286581, Val Acc: 0.7503566
Epoch: 175, Train Loss: 0.4973870, Train Acc: 0.7626876, Val Loss: 0.5162534, Val Acc: 0.7532097
Epoch: 176, Train Loss: 0.5015334, Train Acc: 0.7541101, Val Loss: 0.5707763, Val Acc: 0.7460770
Epoch: 177, Train Loss: 0.5017067, Train Acc: 0.7405289, Val Loss: 0.5152085, Val Acc: 0.7318117
Epoch: 178, Train Loss: 0.5049822, Train Acc: 0.7491065, Val Loss: 0.5194279, Val Acc: 0.7432240
Epoch: 179, Train Loss: 0.4971398, Train Acc: 0.7516083, Val Loss: 0.5209099, Val Acc: 0.7403709
Epoch: 180, Train Loss: 0.5076164, Train Acc: 0.7419585, Val Loss: 0.5204202, Val Acc: 0.7475036
Epoch: 181, Train Loss: 0.5045056, Train Acc: 0.7580415, Val Loss: 0.4990662, Val Acc: 0.7375178
Epoch: 182, Train Loss: 0.4865650, Train Acc: 0.7537527, Val Loss: 0.5067823, Val Acc: 0.7389444
Epoch: 183, Train Loss: 0.5068356, Train Acc: 0.7444603, Val Loss: 0.5245858, Val Acc: 0.7275321
Epoch: 184, Train Loss: 0.5070794, Train Acc: 0.7548249, Val Loss: 0.5275317, Val Acc: 0.7489301
Epoch: 185, Train Loss: 0.4963977, Train Acc: 0.7462473, Val Loss: 0.5117418, Val Acc: 0.7560628
Epoch: 186, Train Loss: 0.5050510, Train Acc: 0.7408863, Val Loss: 0.5037018, Val Acc: 0.7617689
Epoch: 187, Train Loss: 0.5055720, Train Acc: 0.7480343, Val Loss: 0.5189457, Val Acc: 0.7489301
Epoch: 188, Train Loss: 0.5014765, Train Acc: 0.7523231, Val Loss: 0.4856138, Val Acc: 0.7546362
Epoch: 189, Train Loss: 0.5004455, Train Acc: 0.7469621, Val Loss: 0.5155794, Val Acc: 0.7631954
Epoch: 190, Train Loss: 0.4945532, Train Acc: 0.7466047, Val Loss: 0.5200263, Val Acc: 0.7560628
Epoch: 191, Train Loss: 0.4881571, Train Acc: 0.7601858, Val Loss: 0.4996596, Val Acc: 0.7617689
Epoch: 192, Train Loss: 0.4917032, Train Acc: 0.7623302, Val Loss: 0.5206033, Val Acc: 0.7560628
Epoch: 193, Train Loss: 0.5028835, Train Acc: 0.7548249, Val Loss: 0.4855192, Val Acc: 0.7817404
Epoch: 194, Train Loss: 0.5016296, Train Acc: 0.7655468, Val Loss: 0.4937547, Val Acc: 0.7689016
Epoch: 195, Train Loss: 0.4910180, Train Acc: 0.7583989, Val Loss: 0.5218800, Val Acc: 0.7503566
Epoch: 196, Train Loss: 0.4971724, Train Acc: 0.7548249, Val Loss: 0.5314356, Val Acc: 0.7503566
Epoch: 197, Train Loss: 0.5018400, Train Acc: 0.7623302, Val Loss: 0.5127063, Val Acc: 0.7574893
Epoch: 198, Train Loss: 0.5019086, Train Acc: 0.7594711, Val Loss: 0.5385000, Val Acc: 0.7375178
Epoch: 199, Train Loss: 0.4876832, Train Acc: 0.7594711, Val Loss: 0.4987977, Val Acc: 0.7603424
Epoch: 200, Train Loss: 0.5033092, Train Acc: 0.7533953, Val Loss: 0.5197822, Val Acc: 0.7417974
Epoch: 201, Train Loss: 0.4863527, Train Acc: 0.7648320, Val Loss: 0.4805954, Val Acc: 0.7760342
Epoch: 202, Train Loss: 0.4968074, Train Acc: 0.7630450, Val Loss: 0.5637931, Val Acc: 0.7574893
Epoch: 203, Train Loss: 0.4901927, Train Acc: 0.7551823, Val Loss: 0.4848085, Val Acc: 0.7660485
Epoch: 204, Train Loss: 0.4921620, Train Acc: 0.7609006, Val Loss: 0.5133393, Val Acc: 0.7546362
Epoch: 205, Train Loss: 0.4980982, Train Acc: 0.7580415, Val Loss: 0.5367318, Val Acc: 0.7189729
Epoch: 206, Train Loss: 0.4930400, Train Acc: 0.7562545, Val Loss: 0.5245882, Val Acc: 0.7788873
Epoch: 207, Train Loss: 0.4853058, Train Acc: 0.7662616, Val Loss: 0.4742907, Val Acc: 0.7646220
Epoch: 208, Train Loss: 0.4882660, Train Acc: 0.7734096, Val Loss: 0.4720906, Val Acc: 0.7803138
Epoch: 209, Train Loss: 0.4861910, Train Acc: 0.7666190, Val Loss: 0.4963838, Val Acc: 0.7817404
Epoch: 210, Train Loss: 0.4903882, Train Acc: 0.7594711, Val Loss: 0.4975511, Val Acc: 0.7503566
Epoch: 211, Train Loss: 0.4955196, Train Acc: 0.7473195, Val Loss: 0.4944481, Val Acc: 0.7674750
Epoch: 212, Train Loss: 0.4909303, Train Acc: 0.7512509, Val Loss: 0.5078892, Val Acc: 0.7689016
Epoch: 213, Train Loss: 0.4978852, Train Acc: 0.7551823, Val Loss: 0.4970981, Val Acc: 0.7646220
Epoch: 214, Train Loss: 0.4951490, Train Acc: 0.7558971, Val Loss: 0.5089440, Val Acc: 0.7503566
Epoch: 215, Train Loss: 0.4828894, Train Acc: 0.7630450, Val Loss: 0.4763170, Val Acc: 0.7860200
Epoch: 216, Train Loss: 0.4884566, Train Acc: 0.7669764, Val Loss: 0.4848908, Val Acc: 0.7617689
Epoch: 217, Train Loss: 0.5039825, Train Acc: 0.7491065, Val Loss: 0.5411657, Val Acc: 0.7403709
Epoch: 218, Train Loss: 0.5090307, Train Acc: 0.7501787, Val Loss: 0.5270907, Val Acc: 0.7232525
Epoch: 219, Train Loss: 0.5139753, Train Acc: 0.7505361, Val Loss: 0.5008286, Val Acc: 0.7660485
Epoch: 220, Train Loss: 0.4927323, Train Acc: 0.7651894, Val Loss: 0.4765926, Val Acc: 0.7817404
Epoch: 221, Train Loss: 0.5082536, Train Acc: 0.7569693, Val Loss: 0.5067339, Val Acc: 0.7674750
Epoch: 222, Train Loss: 0.4961015, Train Acc: 0.7662616, Val Loss: 0.5106387, Val Acc: 0.7332382
Epoch: 223, Train Loss: 0.4898828, Train Acc: 0.7634024, Val Loss: 0.4846025, Val Acc: 0.7888730
Epoch: 224, Train Loss: 0.4909101, Train Acc: 0.7641172, Val Loss: 0.4788202, Val Acc: 0.7689016
Epoch: 225, Train Loss: 0.4788810, Train Acc: 0.7651894, Val Loss: 0.5560696, Val Acc: 0.7617689
Epoch: 226, Train Loss: 0.4854274, Train Acc: 0.7669764, Val Loss: 0.5079076, Val Acc: 0.7689016
Epoch: 227, Train Loss: 0.4826942, Train Acc: 0.7676912, Val Loss: 0.5028160, Val Acc: 0.7760342
Epoch: 228, Train Loss: 0.4814373, Train Acc: 0.7655468, Val Loss: 0.5577102, Val Acc: 0.7375178
Epoch: 229, Train Loss: 0.4815342, Train Acc: 0.7698356, Val Loss: 0.5203388, Val Acc: 0.7589158
Epoch: 230, Train Loss: 0.4788770, Train Acc: 0.7673338, Val Loss: 1.9242956, Val Acc: 0.7717546
Epoch: 231, Train Loss: 0.4817435, Train Acc: 0.7619728, Val Loss: 6.8402596, Val Acc: 0.7517832
Epoch: 232, Train Loss: 0.4880710, Train Acc: 0.7626876, Val Loss: 0.6491382, Val Acc: 0.7546362
Epoch: 233, Train Loss: 0.4915413, Train Acc: 0.7580415, Val Loss: 0.5109742, Val Acc: 0.7460770
Epoch: 234, Train Loss: 0.4883225, Train Acc: 0.7744818, Val Loss: 0.5170173, Val Acc: 0.7631954
Epoch: 235, Train Loss: 0.4914140, Train Acc: 0.7705504, Val Loss: 0.5341355, Val Acc: 0.7517832
Epoch: 236, Train Loss: 0.4903737, Train Acc: 0.7580415, Val Loss: 8.3180215, Val Acc: 0.7674750
Epoch: 237, Train Loss: 0.4984276, Train Acc: 0.7551823, Val Loss: 0.5554526, Val Acc: 0.7546362
Epoch: 238, Train Loss: 0.4958084, Train Acc: 0.7641172, Val Loss: 0.4951725, Val Acc: 0.7674750
Epoch: 239, Train Loss: 0.4932850, Train Acc: 0.7587563, Val Loss: 0.4926381, Val Acc: 0.7432240
Epoch: 240, Train Loss: 0.4838152, Train Acc: 0.7605432, Val Loss: 0.4845203, Val Acc: 0.7617689
Epoch: 241, Train Loss: 0.4825303, Train Acc: 0.7684060, Val Loss: 0.4836857, Val Acc: 0.7589158
Epoch: 242, Train Loss: 0.4982104, Train Acc: 0.7533953, Val Loss: 0.4762319, Val Acc: 0.7574893
Epoch: 243, Train Loss: 0.4962255, Train Acc: 0.7630450, Val Loss: 0.4871896, Val Acc: 0.7646220
Epoch: 244, Train Loss: 0.4718397, Train Acc: 0.7669764, Val Loss: 0.4648294, Val Acc: 0.7845934
Epoch: 245, Train Loss: 0.4848881, Train Acc: 0.7734096, Val Loss: 0.4967672, Val Acc: 0.7674750
Epoch: 246, Train Loss: 0.4930527, Train Acc: 0.7573267, Val Loss: 0.4679073, Val Acc: 0.7831669
Epoch: 247, Train Loss: 0.4892990, Train Acc: 0.7601858, Val Loss: 0.4764176, Val Acc: 0.7774608
Epoch: 248, Train Loss: 0.4745367, Train Acc: 0.7734096, Val Loss: 0.5072748, Val Acc: 0.7489301
Epoch: 249, Train Loss: 0.4916217, Train Acc: 0.7551823, Val Loss: 0.4887492, Val Acc: 0.7703281
Epoch: 250, Train Loss: 0.4785377, Train Acc: 0.7673338, Val Loss: 0.4627750, Val Acc: 0.7760342
Epoch: 251, Train Loss: 0.4705226, Train Acc: 0.7830593, Val Loss: 0.5015630, Val Acc: 0.7689016
Epoch: 252, Train Loss: 0.4878482, Train Acc: 0.7644746, Val Loss: 0.5101075, Val Acc: 0.7646220
Epoch: 253, Train Loss: 0.4759913, Train Acc: 0.7787706, Val Loss: 0.4690669, Val Acc: 0.7703281
Epoch: 254, Train Loss: 0.4773328, Train Acc: 0.7687634, Val Loss: 0.5142098, Val Acc: 0.7546362
Epoch: 255, Train Loss: 0.5011416, Train Acc: 0.7519657, Val Loss: 0.4745139, Val Acc: 0.7902996
Epoch: 256, Train Loss: 0.4955849, Train Acc: 0.7591137, Val Loss: 0.4898837, Val Acc: 0.7674750
Epoch: 257, Train Loss: 0.4832686, Train Acc: 0.7655468, Val Loss: 0.5218949, Val Acc: 0.7532097
Epoch: 258, Train Loss: 0.4863604, Train Acc: 0.7641172, Val Loss: 0.5429884, Val Acc: 0.7631954
Epoch: 259, Train Loss: 0.4797758, Train Acc: 0.7680486, Val Loss: 0.4947860, Val Acc: 0.7603424
Epoch: 260, Train Loss: 0.4824313, Train Acc: 0.7641172, Val Loss: 0.4861032, Val Acc: 0.7574893
Epoch: 261, Train Loss: 0.4830174, Train Acc: 0.7709078, Val Loss: 0.4710719, Val Acc: 0.7674750
Epoch: 262, Train Loss: 0.4780935, Train Acc: 0.7623302, Val Loss: 0.4794684, Val Acc: 0.7731812
Epoch: 263, Train Loss: 0.4800665, Train Acc: 0.7709078, Val Loss: 0.4848774, Val Acc: 0.7589158
Epoch: 264, Train Loss: 0.4952123, Train Acc: 0.7669764, Val Loss: 0.4895490, Val Acc: 0.7689016
Epoch: 265, Train Loss: 0.4735275, Train Acc: 0.7726948, Val Loss: 0.4924640, Val Acc: 0.7931526
Epoch: 266, Train Loss: 0.4740280, Train Acc: 0.7737670, Val Loss: 0.4726715, Val Acc: 0.7717546
Epoch: 267, Train Loss: 0.4831008, Train Acc: 0.7698356, Val Loss: 0.4524862, Val Acc: 0.7874465
Epoch: 268, Train Loss: 0.4889751, Train Acc: 0.7612580, Val Loss: 0.5875125, Val Acc: 0.7532097
Epoch: 269, Train Loss: 0.4705740, Train Acc: 0.7830593, Val Loss: 0.4700746, Val Acc: 0.7646220
Epoch: 270, Train Loss: 0.4801155, Train Acc: 0.7726948, Val Loss: 0.4855428, Val Acc: 0.7717546
Epoch: 271, Train Loss: 0.4824644, Train Acc: 0.7730522, Val Loss: 0.4750884, Val Acc: 0.7874465
Epoch: 272, Train Loss: 0.4849061, Train Acc: 0.7701930, Val Loss: 0.4906597, Val Acc: 0.7646220
Epoch: 273, Train Loss: 0.4775884, Train Acc: 0.7619728, Val Loss: 0.4841603, Val Acc: 0.7703281
Epoch: 274, Train Loss: 0.4741394, Train Acc: 0.7784132, Val Loss: 0.4757637, Val Acc: 0.7760342
Epoch: 275, Train Loss: 0.4826598, Train Acc: 0.7687634, Val Loss: 0.4661655, Val Acc: 0.7831669
Epoch: 276, Train Loss: 0.4843473, Train Acc: 0.7648320, Val Loss: 0.4941495, Val Acc: 0.7660485
Epoch: 277, Train Loss: 0.4694301, Train Acc: 0.7830593, Val Loss: 0.4875634, Val Acc: 0.7831669
Epoch: 278, Train Loss: 0.4805181, Train Acc: 0.7673338, Val Loss: 0.4650117, Val Acc: 0.7746077
Epoch: 279, Train Loss: 0.4761187, Train Acc: 0.7691208, Val Loss: 0.4723131, Val Acc: 0.7703281
Epoch: 280, Train Loss: 0.4675015, Train Acc: 0.7780558, Val Loss: 0.4850380, Val Acc: 0.7746077
Epoch: 281, Train Loss: 0.4739113, Train Acc: 0.7705504, Val Loss: 0.4821407, Val Acc: 0.7803138
Epoch: 282, Train Loss: 0.4930587, Train Acc: 0.7659042, Val Loss: 0.4934435, Val Acc: 0.7788873
Epoch: 283, Train Loss: 0.4790267, Train Acc: 0.7684060, Val Loss: 0.4750644, Val Acc: 0.8017118
Epoch: 284, Train Loss: 0.4785638, Train Acc: 0.7591137, Val Loss: 0.4790266, Val Acc: 0.7945792
Epoch: 285, Train Loss: 0.4720485, Train Acc: 0.7880629, Val Loss: 0.4973721, Val Acc: 0.7746077
Epoch: 286, Train Loss: 0.4725867, Train Acc: 0.7694782, Val Loss: 0.4984505, Val Acc: 0.7646220
Epoch: 287, Train Loss: 0.4718968, Train Acc: 0.7780558, Val Loss: 0.4786075, Val Acc: 0.7874465
Epoch: 288, Train Loss: 0.4756743, Train Acc: 0.7744818, Val Loss: 0.4934289, Val Acc: 0.7631954
Epoch: 289, Train Loss: 0.4636048, Train Acc: 0.7859185, Val Loss: 0.4995429, Val Acc: 0.7417974
Epoch: 290, Train Loss: 0.4793665, Train Acc: 0.7723374, Val Loss: 0.4918941, Val Acc: 0.7788873
Epoch: 291, Train Loss: 0.4852144, Train Acc: 0.7687634, Val Loss: 0.4975765, Val Acc: 0.7689016
Epoch: 292, Train Loss: 0.4839585, Train Acc: 0.7726948, Val Loss: 0.4648311, Val Acc: 0.7803138
Epoch: 293, Train Loss: 0.4699754, Train Acc: 0.7712652, Val Loss: 0.4897702, Val Acc: 0.7717546
Epoch: 294, Train Loss: 0.4717815, Train Acc: 0.7748392, Val Loss: 0.4753933, Val Acc: 0.7803138
Epoch: 295, Train Loss: 0.4693398, Train Acc: 0.7726948, Val Loss: 0.4613395, Val Acc: 0.7817404
Epoch: 296, Train Loss: 0.4694126, Train Acc: 0.7837741, Val Loss: 0.4840927, Val Acc: 0.7489301
Epoch: 297, Train Loss: 0.4675879, Train Acc: 0.7841315, Val Loss: 0.4676269, Val Acc: 0.7960057
Epoch: 298, Train Loss: 0.4621330, Train Acc: 0.7809149, Val Loss: 0.4787008, Val Acc: 0.7860200
Epoch: 299, Train Loss: 0.4833756, Train Acc: 0.7648320, Val Loss: 0.4738826, Val Acc: 0.7703281
Epoch: 300, Train Loss: 0.4807341, Train Acc: 0.7723374, Val Loss: 0.5007009, Val Acc: 0.7532097
Epoch: 301, Train Loss: 0.4711481, Train Acc: 0.7776984, Val Loss: 0.4698934, Val Acc: 0.7774608
Epoch: 302, Train Loss: 0.4708569, Train Acc: 0.7694782, Val Loss: 0.4828188, Val Acc: 0.7532097
Epoch: 303, Train Loss: 0.4733250, Train Acc: 0.7744818, Val Loss: 0.4553817, Val Acc: 0.7831669
Epoch: 304, Train Loss: 0.4751413, Train Acc: 0.7709078, Val Loss: 0.4721519, Val Acc: 0.7703281
Epoch: 305, Train Loss: 0.4712436, Train Acc: 0.7751966, Val Loss: 0.4845906, Val Acc: 0.7731812
Epoch: 306, Train Loss: 0.4718799, Train Acc: 0.7834167, Val Loss: 0.4783961, Val Acc: 0.7617689
Epoch: 307, Train Loss: 0.4850685, Train Acc: 0.7759114, Val Loss: 0.4584479, Val Acc: 0.7817404
Epoch: 308, Train Loss: 0.4788978, Train Acc: 0.7787706, Val Loss: 0.4698260, Val Acc: 0.7731812
Epoch: 309, Train Loss: 0.4683856, Train Acc: 0.7712652, Val Loss: 0.5010747, Val Acc: 0.7717546
Epoch: 310, Train Loss: 0.4734413, Train Acc: 0.7734096, Val Loss: 0.4854104, Val Acc: 0.7532097
Epoch: 311, Train Loss: 0.4743974, Train Acc: 0.7798427, Val Loss: 0.4583295, Val Acc: 0.7860200
Epoch: 312, Train Loss: 0.4809976, Train Acc: 0.7776984, Val Loss: 0.4843776, Val Acc: 0.7917261
Epoch: 313, Train Loss: 0.4730944, Train Acc: 0.7709078, Val Loss: 0.4709106, Val Acc: 0.7746077
Epoch: 314, Train Loss: 0.4718322, Train Acc: 0.7734096, Val Loss: 0.4690259, Val Acc: 0.8002853
Epoch: 315, Train Loss: 0.4628823, Train Acc: 0.7734096, Val Loss: 0.4682717, Val Acc: 0.7817404
Epoch: 316, Train Loss: 0.4690322, Train Acc: 0.7762688, Val Loss: 0.5095005, Val Acc: 0.7788873
Epoch: 317, Train Loss: 0.4756404, Train Acc: 0.7659042, Val Loss: 0.4763863, Val Acc: 0.7717546
Epoch: 318, Train Loss: 0.4805676, Train Acc: 0.7734096, Val Loss: 0.4631750, Val Acc: 0.7689016
Epoch: 319, Train Loss: 0.4737461, Train Acc: 0.7802001, Val Loss: 0.4838499, Val Acc: 0.7731812
Epoch: 320, Train Loss: 0.4685498, Train Acc: 0.7877055, Val Loss: 0.4657101, Val Acc: 0.7831669
Epoch: 321, Train Loss: 0.4650525, Train Acc: 0.7827019, Val Loss: 0.4651327, Val Acc: 0.7845934
Epoch: 322, Train Loss: 0.4663790, Train Acc: 0.7734096, Val Loss: 0.5029480, Val Acc: 0.7689016
Epoch: 323, Train Loss: 0.4699153, Train Acc: 0.7855611, Val Loss: 0.4632182, Val Acc: 0.7660485
Epoch: 324, Train Loss: 0.4588804, Train Acc: 0.7855611, Val Loss: 0.4748682, Val Acc: 0.7788873
Epoch: 325, Train Loss: 0.4617856, Train Acc: 0.7827019, Val Loss: 0.4900400, Val Acc: 0.7788873
Epoch: 326, Train Loss: 0.4649918, Train Acc: 0.7723374, Val Loss: 0.4537967, Val Acc: 0.7731812
Epoch: 327, Train Loss: 0.4625513, Train Acc: 0.7744818, Val Loss: 0.4714673, Val Acc: 0.7845934
Epoch: 328, Train Loss: 0.4638787, Train Acc: 0.7816297, Val Loss: 0.5238568, Val Acc: 0.7631954
Epoch: 329, Train Loss: 0.4711846, Train Acc: 0.7762688, Val Loss: 0.4472889, Val Acc: 0.7917261
Epoch: 330, Train Loss: 0.4657956, Train Acc: 0.7855611, Val Loss: 0.4843730, Val Acc: 0.8017118
Epoch: 331, Train Loss: 0.4644015, Train Acc: 0.7748392, Val Loss: 0.4646680, Val Acc: 0.7617689
Epoch: 332, Train Loss: 0.4580545, Train Acc: 0.7823445, Val Loss: 0.4803744, Val Acc: 0.8017118
Epoch: 333, Train Loss: 0.4705828, Train Acc: 0.7798427, Val Loss: 0.4845959, Val Acc: 0.7746077
Epoch: 334, Train Loss: 0.4598453, Train Acc: 0.7737670, Val Loss: 0.4635961, Val Acc: 0.7902996
Epoch: 335, Train Loss: 0.4705573, Train Acc: 0.7759114, Val Loss: 0.4576952, Val Acc: 0.7888730
Epoch: 336, Train Loss: 0.4607338, Train Acc: 0.7787706, Val Loss: 0.4669661, Val Acc: 0.7888730
Epoch: 337, Train Loss: 0.4643132, Train Acc: 0.7794853, Val Loss: 0.4541983, Val Acc: 0.7888730
Epoch: 338, Train Loss: 0.4695443, Train Acc: 0.7862759, Val Loss: 0.4798693, Val Acc: 0.7774608
Epoch: 339, Train Loss: 0.4679323, Train Acc: 0.7809149, Val Loss: 0.5252419, Val Acc: 0.7774608
Epoch: 340, Train Loss: 0.4711482, Train Acc: 0.7784132, Val Loss: 0.4582894, Val Acc: 0.7646220
Epoch: 341, Train Loss: 0.4565662, Train Acc: 0.7837741, Val Loss: 0.4544042, Val Acc: 0.8017118
Epoch: 342, Train Loss: 0.4525834, Train Acc: 0.7859185, Val Loss: 0.4949614, Val Acc: 0.8031384
Epoch: 343, Train Loss: 0.4521573, Train Acc: 0.7880629, Val Loss: 0.4800856, Val Acc: 0.7860200
Epoch: 344, Train Loss: 0.4558243, Train Acc: 0.7869907, Val Loss: 0.4466800, Val Acc: 0.7888730
Epoch: 345, Train Loss: 0.4467983, Train Acc: 0.7984274, Val Loss: 0.4519815, Val Acc: 0.7902996
Epoch: 346, Train Loss: 0.4563220, Train Acc: 0.7848463, Val Loss: 0.4656706, Val Acc: 0.7674750
Epoch: 347, Train Loss: 0.4619842, Train Acc: 0.7884203, Val Loss: 0.4691192, Val Acc: 0.7717546
Epoch: 348, Train Loss: 0.4614252, Train Acc: 0.7809149, Val Loss: 0.4552543, Val Acc: 0.7674750
Epoch: 349, Train Loss: 0.4382604, Train Acc: 0.7852037, Val Loss: 0.4939363, Val Acc: 0.7831669
Epoch: 350, Train Loss: 0.4692317, Train Acc: 0.7698356, Val Loss: 0.4718913, Val Acc: 0.7788873
Epoch: 351, Train Loss: 0.4625719, Train Acc: 0.7852037, Val Loss: 0.4629876, Val Acc: 0.7902996
Epoch: 352, Train Loss: 0.4561820, Train Acc: 0.7894925, Val Loss: 0.4719587, Val Acc: 0.7774608
Epoch: 353, Train Loss: 0.4698578, Train Acc: 0.7784132, Val Loss: 0.4635840, Val Acc: 0.7831669
Epoch: 354, Train Loss: 0.4485562, Train Acc: 0.8016440, Val Loss: 0.4625476, Val Acc: 0.7831669
Epoch: 355, Train Loss: 0.4565288, Train Acc: 0.7827019, Val Loss: 0.4250351, Val Acc: 0.7860200
Epoch: 356, Train Loss: 0.4482295, Train Acc: 0.7941387, Val Loss: 0.4650703, Val Acc: 0.7845934
Epoch: 357, Train Loss: 0.4718258, Train Acc: 0.7748392, Val Loss: 0.4597713, Val Acc: 0.7703281
Epoch: 358, Train Loss: 0.4486649, Train Acc: 0.7884203, Val Loss: 0.4712858, Val Acc: 0.7646220
Epoch: 359, Train Loss: 0.4831550, Train Acc: 0.7694782, Val Loss: 0.4583094, Val Acc: 0.7803138
Epoch: 360, Train Loss: 0.4556133, Train Acc: 0.7852037, Val Loss: 0.4638610, Val Acc: 0.7774608
Epoch: 361, Train Loss: 0.4551000, Train Acc: 0.7952109, Val Loss: 0.4521950, Val Acc: 0.7988588
Epoch: 362, Train Loss: 0.4359874, Train Acc: 0.8034310, Val Loss: 0.4585365, Val Acc: 0.7888730
Epoch: 363, Train Loss: 0.4709261, Train Acc: 0.7734096, Val Loss: 0.4582402, Val Acc: 0.7888730
Epoch: 364, Train Loss: 0.4540008, Train Acc: 0.7902073, Val Loss: 0.4676472, Val Acc: 0.7746077
Epoch: 365, Train Loss: 0.4579511, Train Acc: 0.7769836, Val Loss: 0.4633603, Val Acc: 0.7746077
Epoch: 366, Train Loss: 0.4424203, Train Acc: 0.7923517, Val Loss: 0.4816320, Val Acc: 0.7631954
Epoch: 367, Train Loss: 0.4529986, Train Acc: 0.7787706, Val Loss: 0.4839251, Val Acc: 0.7760342
Epoch: 368, Train Loss: 0.4596051, Train Acc: 0.7877055, Val Loss: 0.4736669, Val Acc: 0.7646220
Epoch: 369, Train Loss: 0.4506854, Train Acc: 0.7905647, Val Loss: 0.4570141, Val Acc: 0.7960057
Epoch: 370, Train Loss: 0.4509918, Train Acc: 0.7855611, Val Loss: 0.4577231, Val Acc: 0.7788873
Epoch: 371, Train Loss: 0.4546781, Train Acc: 0.7701930, Val Loss: 0.4918372, Val Acc: 0.7674750
Epoch: 372, Train Loss: 0.4621892, Train Acc: 0.7798427, Val Loss: 0.5057787, Val Acc: 0.7774608
Epoch: 373, Train Loss: 0.4562354, Train Acc: 0.7873481, Val Loss: 0.4527239, Val Acc: 0.7817404
Epoch: 374, Train Loss: 0.4475066, Train Acc: 0.7855611, Val Loss: 0.4893242, Val Acc: 0.7674750
Epoch: 375, Train Loss: 0.4540394, Train Acc: 0.7869907, Val Loss: 0.4743511, Val Acc: 0.7660485
Epoch: 376, Train Loss: 0.4619939, Train Acc: 0.7844889, Val Loss: 0.4755978, Val Acc: 0.7845934
Epoch: 377, Train Loss: 0.4710090, Train Acc: 0.7816297, Val Loss: 0.4988477, Val Acc: 0.7874465
Epoch: 378, Train Loss: 0.4706189, Train Acc: 0.7844889, Val Loss: 0.4256679, Val Acc: 0.7988588
Epoch: 379, Train Loss: 0.4498998, Train Acc: 0.7898499, Val Loss: 0.4818429, Val Acc: 0.7760342
Epoch: 380, Train Loss: 0.4501276, Train Acc: 0.7805575, Val Loss: 0.4209083, Val Acc: 0.8145506
Epoch: 381, Train Loss: 0.4452156, Train Acc: 0.7973553, Val Loss: 0.4565867, Val Acc: 0.7974322
Epoch: 382, Train Loss: 0.4445064, Train Acc: 0.8012866, Val Loss: 0.4391592, Val Acc: 0.7974322
Epoch: 383, Train Loss: 0.4489102, Train Acc: 0.7912795, Val Loss: 0.4702306, Val Acc: 0.7817404
Epoch: 384, Train Loss: 0.4504846, Train Acc: 0.7837741, Val Loss: 0.4676693, Val Acc: 0.8002853
Epoch: 385, Train Loss: 0.4543032, Train Acc: 0.7841315, Val Loss: 0.4370882, Val Acc: 0.8045649
Epoch: 386, Train Loss: 0.4575597, Train Acc: 0.7834167, Val Loss: 0.4399118, Val Acc: 0.7888730
Epoch: 387, Train Loss: 0.4496241, Train Acc: 0.7955683, Val Loss: 0.4322383, Val Acc: 0.8031384
Epoch: 388, Train Loss: 0.4531319, Train Acc: 0.7841315, Val Loss: 0.4363328, Val Acc: 0.8031384
Epoch: 389, Train Loss: 0.4625607, Train Acc: 0.7834167, Val Loss: 0.4420364, Val Acc: 0.7931526
Epoch: 390, Train Loss: 0.4608926, Train Acc: 0.7887777, Val Loss: 0.4531886, Val Acc: 0.7960057
Epoch: 391, Train Loss: 0.4500257, Train Acc: 0.7891351, Val Loss: 0.4542605, Val Acc: 0.7760342
Epoch: 392, Train Loss: 0.4451506, Train Acc: 0.7959257, Val Loss: 0.4569307, Val Acc: 0.7960057
Epoch: 393, Train Loss: 0.4608305, Train Acc: 0.7830593, Val Loss: 0.4369921, Val Acc: 0.7860200
Epoch: 394, Train Loss: 0.4443053, Train Acc: 0.7884203, Val Loss: 0.4395078, Val Acc: 0.7988588
Epoch: 395, Train Loss: 0.4438695, Train Acc: 0.7912795, Val Loss: 0.4357947, Val Acc: 0.8159772
Epoch: 396, Train Loss: 0.4405634, Train Acc: 0.7902073, Val Loss: 0.4431331, Val Acc: 0.7931526
Epoch: 397, Train Loss: 0.4525860, Train Acc: 0.7798427, Val Loss: 0.4465856, Val Acc: 0.8074180
Epoch: 398, Train Loss: 0.4547089, Train Acc: 0.7802001, Val Loss: 0.4488739, Val Acc: 0.7817404
Epoch: 399, Train Loss: 0.4432515, Train Acc: 0.7919943, Val Loss: 0.4671321, Val Acc: 0.7746077
Epoch: 400, Train Loss: 0.4505500, Train Acc: 0.7891351, Val Loss: 0.4375855, Val Acc: 0.8074180
Epoch: 401, Train Loss: 0.4499795, Train Acc: 0.7762688, Val Loss: 0.4284338, Val Acc: 0.7974322
Epoch: 402, Train Loss: 0.4526320, Train Acc: 0.7859185, Val Loss: 0.4539225, Val Acc: 0.7817404
Epoch: 403, Train Loss: 0.4610766, Train Acc: 0.7884203, Val Loss: 0.4447380, Val Acc: 0.7917261
Epoch: 404, Train Loss: 0.4410523, Train Acc: 0.7966405, Val Loss: 0.4419434, Val Acc: 0.7917261
Epoch: 405, Train Loss: 0.4441297, Train Acc: 0.7937813, Val Loss: 0.4322293, Val Acc: 0.7974322
Epoch: 406, Train Loss: 0.4498182, Train Acc: 0.7891351, Val Loss: 0.4433567, Val Acc: 0.8116976
Epoch: 407, Train Loss: 0.4547782, Train Acc: 0.7827019, Val Loss: 0.4365743, Val Acc: 0.7988588
Epoch: 408, Train Loss: 0.4533546, Train Acc: 0.8009292, Val Loss: 0.4707985, Val Acc: 0.7774608
Epoch: 409, Train Loss: 0.4456106, Train Acc: 0.7848463, Val Loss: 0.4422882, Val Acc: 0.7945792
Epoch: 410, Train Loss: 0.4409104, Train Acc: 0.7955683, Val Loss: 0.4295645, Val Acc: 0.7945792
Epoch: 411, Train Loss: 0.4436392, Train Acc: 0.7884203, Val Loss: 0.4306903, Val Acc: 0.7988588
Epoch: 412, Train Loss: 0.4644765, Train Acc: 0.7830593, Val Loss: 0.4428153, Val Acc: 0.7917261
Epoch: 413, Train Loss: 0.4483321, Train Acc: 0.7916369, Val Loss: 0.4578915, Val Acc: 0.7831669
Epoch: 414, Train Loss: 0.4420204, Train Acc: 0.7866333, Val Loss: 0.5007455, Val Acc: 0.7788873
Epoch: 415, Train Loss: 0.4669089, Train Acc: 0.7819871, Val Loss: 0.4638006, Val Acc: 0.7717546
Epoch: 416, Train Loss: 0.4450214, Train Acc: 0.7902073, Val Loss: 0.4535909, Val Acc: 0.7674750
Epoch: 417, Train Loss: 0.4550427, Train Acc: 0.7902073, Val Loss: 0.4495308, Val Acc: 0.7988588
Epoch: 418, Train Loss: 0.4469656, Train Acc: 0.7866333, Val Loss: 0.4490858, Val Acc: 0.7888730
Epoch: 419, Train Loss: 0.4381626, Train Acc: 0.8066476, Val Loss: 0.4532599, Val Acc: 0.8045649
Epoch: 420, Train Loss: 0.4520107, Train Acc: 0.7866333, Val Loss: 0.4772643, Val Acc: 0.7560628
Epoch: 421, Train Loss: 0.4421400, Train Acc: 0.7912795, Val Loss: 0.4351810, Val Acc: 0.7831669
Epoch: 422, Train Loss: 0.4484888, Train Acc: 0.7852037, Val Loss: 0.4306298, Val Acc: 0.7874465
Epoch: 423, Train Loss: 0.4480865, Train Acc: 0.7866333, Val Loss: 0.4483850, Val Acc: 0.7902996
Epoch: 424, Train Loss: 0.4542654, Train Acc: 0.7852037, Val Loss: 0.4598806, Val Acc: 0.8031384
Epoch: 425, Train Loss: 0.4505357, Train Acc: 0.7862759, Val Loss: 0.4459092, Val Acc: 0.7945792
Epoch: 426, Train Loss: 0.4462239, Train Acc: 0.7869907, Val Loss: 0.4473699, Val Acc: 0.7888730
Epoch: 427, Train Loss: 0.4553745, Train Acc: 0.7837741, Val Loss: 0.4728507, Val Acc: 0.7945792
Epoch: 428, Train Loss: 0.4627548, Train Acc: 0.7830593, Val Loss: 0.4341630, Val Acc: 0.8031384
Epoch: 429, Train Loss: 0.4319162, Train Acc: 0.7934239, Val Loss: 0.4308046, Val Acc: 0.7960057
Epoch: 430, Train Loss: 0.4503374, Train Acc: 0.7827019, Val Loss: 0.4334091, Val Acc: 0.8017118
Epoch: 431, Train Loss: 0.4500628, Train Acc: 0.7866333, Val Loss: 0.4332548, Val Acc: 0.7860200
Epoch: 432, Train Loss: 0.4448859, Train Acc: 0.7909221, Val Loss: 0.4572470, Val Acc: 0.7988588
Epoch: 433, Train Loss: 0.4293899, Train Acc: 0.7905647, Val Loss: 0.4620178, Val Acc: 0.7746077
Epoch: 434, Train Loss: 0.4520754, Train Acc: 0.7866333, Val Loss: 0.4540679, Val Acc: 0.7917261
Epoch: 435, Train Loss: 0.4368570, Train Acc: 0.7959257, Val Loss: 0.5156304, Val Acc: 0.7689016
Epoch: 436, Train Loss: 0.4403669, Train Acc: 0.7927091, Val Loss: 0.4464553, Val Acc: 0.7860200
Epoch: 437, Train Loss: 0.4381768, Train Acc: 0.7973553, Val Loss: 0.4592232, Val Acc: 0.8159772
Epoch: 438, Train Loss: 0.4343124, Train Acc: 0.7966405, Val Loss: 0.4608229, Val Acc: 0.7760342
Epoch: 439, Train Loss: 0.4521910, Train Acc: 0.7891351, Val Loss: 0.4320604, Val Acc: 0.8059914
Epoch: 440, Train Loss: 0.4404671, Train Acc: 0.7944961, Val Loss: 0.4449424, Val Acc: 0.8145506
Epoch: 441, Train Loss: 0.4521385, Train Acc: 0.7848463, Val Loss: 0.4322526, Val Acc: 0.7974322
Epoch: 442, Train Loss: 0.4338118, Train Acc: 0.8012866, Val Loss: 0.4707525, Val Acc: 0.7803138
Epoch: 443, Train Loss: 0.4488836, Train Acc: 0.7877055, Val Loss: 0.4517615, Val Acc: 0.7803138
Epoch: 444, Train Loss: 0.4467855, Train Acc: 0.7869907, Val Loss: 0.4275127, Val Acc: 0.7902996
Epoch: 445, Train Loss: 0.4478606, Train Acc: 0.7852037, Val Loss: 0.5103817, Val Acc: 0.7974322
Epoch: 446, Train Loss: 0.4730858, Train Acc: 0.7698356, Val Loss: 0.4463334, Val Acc: 0.7845934
Epoch: 447, Train Loss: 0.4354671, Train Acc: 0.7973553, Val Loss: 0.4769832, Val Acc: 0.7703281
Epoch: 448, Train Loss: 0.4520683, Train Acc: 0.7869907, Val Loss: 0.4278813, Val Acc: 0.8017118
Epoch: 449, Train Loss: 0.4470353, Train Acc: 0.7923517, Val Loss: 0.4690249, Val Acc: 0.7703281
Epoch: 450, Train Loss: 0.4615847, Train Acc: 0.7873481, Val Loss: 0.4206697, Val Acc: 0.8116976
Epoch: 451, Train Loss: 0.4301341, Train Acc: 0.8009292, Val Loss: 0.4738701, Val Acc: 0.7845934
Epoch: 452, Train Loss: 0.4401791, Train Acc: 0.7866333, Val Loss: 0.4560138, Val Acc: 0.7788873
Epoch: 453, Train Loss: 0.4378024, Train Acc: 0.7941387, Val Loss: 0.4390496, Val Acc: 0.7845934
Epoch: 454, Train Loss: 0.4450339, Train Acc: 0.7941387, Val Loss: 0.4735379, Val Acc: 0.7731812
Epoch: 455, Train Loss: 0.4486680, Train Acc: 0.7784132, Val Loss: 0.4551050, Val Acc: 0.8088445
Epoch: 456, Train Loss: 0.4383551, Train Acc: 0.7905647, Val Loss: 0.4339146, Val Acc: 0.8159772
Epoch: 457, Train Loss: 0.4549439, Train Acc: 0.7791279, Val Loss: 0.5003884, Val Acc: 0.7560628
Epoch: 458, Train Loss: 0.4345536, Train Acc: 0.7977127, Val Loss: 0.4692606, Val Acc: 0.7931526
Epoch: 459, Train Loss: 0.4388734, Train Acc: 0.7812723, Val Loss: 0.4335063, Val Acc: 0.7917261
Epoch: 460, Train Loss: 0.4477609, Train Acc: 0.7952109, Val Loss: 0.4431027, Val Acc: 0.7960057
Epoch: 461, Train Loss: 0.4353319, Train Acc: 0.7902073, Val Loss: 0.4260574, Val Acc: 0.7945792
Epoch: 462, Train Loss: 0.4407829, Train Acc: 0.7862759, Val Loss: 0.4768690, Val Acc: 0.8031384
Epoch: 463, Train Loss: 0.4558671, Train Acc: 0.7859185, Val Loss: 0.4503809, Val Acc: 0.7960057
Epoch: 464, Train Loss: 0.4430528, Train Acc: 0.7973553, Val Loss: 0.4437328, Val Acc: 0.7902996
Epoch: 465, Train Loss: 0.4587500, Train Acc: 0.7852037, Val Loss: 0.4278088, Val Acc: 0.7960057
Epoch: 466, Train Loss: 0.4597993, Train Acc: 0.7902073, Val Loss: 0.4367388, Val Acc: 0.7860200
Epoch: 467, Train Loss: 0.4442852, Train Acc: 0.7898499, Val Loss: 0.4659138, Val Acc: 0.7803138
Epoch: 468, Train Loss: 0.4381124, Train Acc: 0.7927091, Val Loss: 0.4372715, Val Acc: 0.7931526
Epoch: 469, Train Loss: 0.4424944, Train Acc: 0.8012866, Val Loss: 0.4745429, Val Acc: 0.7660485
Epoch: 470, Train Loss: 0.4359115, Train Acc: 0.7962831, Val Loss: 0.4377393, Val Acc: 0.7817404
Epoch: 471, Train Loss: 0.4459970, Train Acc: 0.7905647, Val Loss: 0.4629027, Val Acc: 0.7860200
Epoch: 472, Train Loss: 0.4593237, Train Acc: 0.7873481, Val Loss: 0.4366229, Val Acc: 0.7960057
Epoch: 473, Train Loss: 0.4610613, Train Acc: 0.7751966, Val Loss: 0.4724616, Val Acc: 0.7988588
Epoch: 474, Train Loss: 0.4453080, Train Acc: 0.7769836, Val Loss: 0.4422502, Val Acc: 0.7931526
Epoch: 475, Train Loss: 0.4479134, Train Acc: 0.7927091, Val Loss: 0.4301931, Val Acc: 0.8002853
Epoch: 476, Train Loss: 0.4458375, Train Acc: 0.7980701, Val Loss: 0.4339648, Val Acc: 0.7803138
Epoch: 477, Train Loss: 0.4474258, Train Acc: 0.7919943, Val Loss: 0.4303219, Val Acc: 0.7974322
Epoch: 478, Train Loss: 0.4556381, Train Acc: 0.7941387, Val Loss: 0.4506662, Val Acc: 0.7803138
Epoch: 479, Train Loss: 0.4287138, Train Acc: 0.8120086, Val Loss: 0.4399214, Val Acc: 0.8074180
Epoch: 480, Train Loss: 0.4502678, Train Acc: 0.7855611, Val Loss: 0.4536449, Val Acc: 0.8131241
Epoch: 481, Train Loss: 0.4507121, Train Acc: 0.7862759, Val Loss: 0.4676538, Val Acc: 0.7774608
Epoch: 482, Train Loss: 0.4464445, Train Acc: 0.8020014, Val Loss: 0.4720430, Val Acc: 0.7831669
Epoch: 483, Train Loss: 0.4270539, Train Acc: 0.8012866, Val Loss: 0.4737060, Val Acc: 0.7917261
Epoch: 484, Train Loss: 0.4540150, Train Acc: 0.7794853, Val Loss: 0.4350801, Val Acc: 0.7931526
Epoch: 485, Train Loss: 0.4417208, Train Acc: 0.7869907, Val Loss: 0.4397350, Val Acc: 0.7831669
Epoch: 486, Train Loss: 0.4456216, Train Acc: 0.7934239, Val Loss: 0.4287086, Val Acc: 0.8059914
Epoch: 487, Train Loss: 0.4395717, Train Acc: 0.7848463, Val Loss: 0.4387290, Val Acc: 0.8059914
Epoch: 488, Train Loss: 0.4540170, Train Acc: 0.8020014, Val Loss: 0.4425851, Val Acc: 0.7945792
Epoch: 489, Train Loss: 0.4420645, Train Acc: 0.7905647, Val Loss: 0.4984604, Val Acc: 0.7717546
Epoch: 490, Train Loss: 0.4439957, Train Acc: 0.7937813, Val Loss: 0.4263801, Val Acc: 0.8017118
Epoch: 491, Train Loss: 0.4361784, Train Acc: 0.8020014, Val Loss: 0.4322779, Val Acc: 0.7888730
Epoch: 492, Train Loss: 0.4346016, Train Acc: 0.7977127, Val Loss: 0.4232618, Val Acc: 0.8074180
Epoch: 493, Train Loss: 0.4543353, Train Acc: 0.7927091, Val Loss: 0.4207496, Val Acc: 0.7945792
Epoch: 494, Train Loss: 0.4489231, Train Acc: 0.7848463, Val Loss: 0.4412053, Val Acc: 0.8002853
Epoch: 495, Train Loss: 0.4446069, Train Acc: 0.7937813, Val Loss: 0.4230091, Val Acc: 0.7860200
Epoch: 496, Train Loss: 0.4447948, Train Acc: 0.7852037, Val Loss: 0.4441209, Val Acc: 0.7931526
Epoch: 497, Train Loss: 0.4376217, Train Acc: 0.7962831, Val Loss: 0.4505625, Val Acc: 0.7917261
Epoch: 498, Train Loss: 0.4429895, Train Acc: 0.7902073, Val Loss: 0.4565292, Val Acc: 0.7902996
Epoch: 499, Train Loss: 0.4535942, Train Acc: 0.7751966, Val Loss: 0.4535292, Val Acc: 0.7831669
Epoch: 500, Train Loss: 0.4503095, Train Acc: 0.7869907, Val Loss: 0.4414397, Val Acc: 0.8059914
Epoch: 501, Train Loss: 0.4474745, Train Acc: 0.7784132, Val Loss: 0.4485549, Val Acc: 0.7902996
Epoch: 502, Train Loss: 0.4434105, Train Acc: 0.7934239, Val Loss: 0.4360925, Val Acc: 0.7974322
Epoch: 503, Train Loss: 0.4304715, Train Acc: 0.8020014, Val Loss: 0.4499320, Val Acc: 0.8102710
Epoch: 504, Train Loss: 0.4439088, Train Acc: 0.7830593, Val Loss: 0.4594816, Val Acc: 0.7874465
Epoch: 505, Train Loss: 0.4353283, Train Acc: 0.7912795, Val Loss: 0.4568318, Val Acc: 0.8017118
Epoch: 506, Train Loss: 0.4465687, Train Acc: 0.7859185, Val Loss: 0.4229367, Val Acc: 0.7874465
Epoch: 507, Train Loss: 0.4387321, Train Acc: 0.7884203, Val Loss: 0.4142999, Val Acc: 0.8059914
Epoch: 508, Train Loss: 0.4477111, Train Acc: 0.7898499, Val Loss: 0.4209335, Val Acc: 0.8031384
Epoch: 509, Train Loss: 0.4404981, Train Acc: 0.7973553, Val Loss: 0.4352625, Val Acc: 0.8045649
Epoch: 510, Train Loss: 0.4334651, Train Acc: 0.7977127, Val Loss: 0.4143638, Val Acc: 0.8074180
Epoch: 511, Train Loss: 0.4346858, Train Acc: 0.8012866, Val Loss: 0.4274443, Val Acc: 0.7931526
Epoch: 512, Train Loss: 0.4428744, Train Acc: 0.7902073, Val Loss: 0.4482166, Val Acc: 0.8059914
Epoch: 513, Train Loss: 0.4440472, Train Acc: 0.8012866, Val Loss: 0.4136154, Val Acc: 0.8088445
Epoch: 514, Train Loss: 0.4408852, Train Acc: 0.7973553, Val Loss: 0.4497957, Val Acc: 0.7788873
Epoch: 515, Train Loss: 0.4477476, Train Acc: 0.7944961, Val Loss: 0.4655659, Val Acc: 0.7660485
Epoch: 516, Train Loss: 0.4411861, Train Acc: 0.7977127, Val Loss: 0.4166807, Val Acc: 0.8145506
Epoch: 517, Train Loss: 0.4508557, Train Acc: 0.7866333, Val Loss: 0.4364839, Val Acc: 0.8174037
Epoch: 518, Train Loss: 0.4293790, Train Acc: 0.7987848, Val Loss: 0.4308404, Val Acc: 0.8074180
Epoch: 519, Train Loss: 0.4413704, Train Acc: 0.7905647, Val Loss: 0.4240316, Val Acc: 0.8017118
Epoch: 520, Train Loss: 0.4438569, Train Acc: 0.7930665, Val Loss: 0.4082602, Val Acc: 0.8216833
Epoch: 521, Train Loss: 0.4493944, Train Acc: 0.8016440, Val Loss: 0.4163666, Val Acc: 0.8159772
Epoch: 522, Train Loss: 0.4413159, Train Acc: 0.8005718, Val Loss: 0.4232647, Val Acc: 0.8188302
Epoch: 523, Train Loss: 0.4374069, Train Acc: 0.7894925, Val Loss: 0.4391485, Val Acc: 0.7788873
Epoch: 524, Train Loss: 0.4266978, Train Acc: 0.7980701, Val Loss: 0.4606664, Val Acc: 0.7917261
Epoch: 525, Train Loss: 0.4355304, Train Acc: 0.7823445, Val Loss: 0.4294348, Val Acc: 0.8131241
Epoch: 526, Train Loss: 0.4314846, Train Acc: 0.7959257, Val Loss: 0.4564677, Val Acc: 0.8045649
Epoch: 527, Train Loss: 0.4325884, Train Acc: 0.7966405, Val Loss: 0.4420695, Val Acc: 0.7931526
Epoch: 528, Train Loss: 0.4489332, Train Acc: 0.7802001, Val Loss: 0.4117990, Val Acc: 0.8145506
Epoch: 529, Train Loss: 0.4452218, Train Acc: 0.7902073, Val Loss: 0.4189579, Val Acc: 0.8202568
Epoch: 530, Train Loss: 0.4296366, Train Acc: 0.7977127, Val Loss: 0.4190289, Val Acc: 0.8002853
Epoch: 531, Train Loss: 0.4434344, Train Acc: 0.7934239, Val Loss: 0.4383769, Val Acc: 0.7931526
Epoch: 532, Train Loss: 0.4613894, Train Acc: 0.7891351, Val Loss: 0.4341613, Val Acc: 0.8074180
Epoch: 533, Train Loss: 0.4575675, Train Acc: 0.7905647, Val Loss: 0.4516539, Val Acc: 0.7974322
Epoch: 534, Train Loss: 0.4491688, Train Acc: 0.7866333, Val Loss: 0.4571956, Val Acc: 0.7988588
Epoch: 535, Train Loss: 0.4408906, Train Acc: 0.7927091, Val Loss: 0.4364689, Val Acc: 0.7931526
Epoch: 536, Train Loss: 0.4426561, Train Acc: 0.7859185, Val Loss: 0.4534717, Val Acc: 0.7831669
Epoch: 537, Train Loss: 0.4431586, Train Acc: 0.7977127, Val Loss: 0.4558264, Val Acc: 0.8131241
Epoch: 538, Train Loss: 0.4433139, Train Acc: 0.7955683, Val Loss: 0.4487183, Val Acc: 0.7917261
Epoch: 539, Train Loss: 0.4201053, Train Acc: 0.7955683, Val Loss: 0.4698017, Val Acc: 0.7917261
Epoch: 540, Train Loss: 0.4538670, Train Acc: 0.7816297, Val Loss: 0.4335384, Val Acc: 0.8102710
Epoch: 541, Train Loss: 0.4232779, Train Acc: 0.8009292, Val Loss: 0.4632327, Val Acc: 0.7988588
Epoch: 542, Train Loss: 0.4545690, Train Acc: 0.7769836, Val Loss: 0.4457380, Val Acc: 0.7788873
Epoch: 543, Train Loss: 0.4387148, Train Acc: 0.7994996, Val Loss: 0.4321056, Val Acc: 0.8045649
Epoch: 544, Train Loss: 0.4377485, Train Acc: 0.7916369, Val Loss: 0.4636912, Val Acc: 0.8002853
Epoch: 545, Train Loss: 0.4430032, Train Acc: 0.7844889, Val Loss: 0.4354275, Val Acc: 0.7902996
Epoch: 546, Train Loss: 0.4393869, Train Acc: 0.7909221, Val Loss: 0.4281424, Val Acc: 0.7888730
Epoch: 547, Train Loss: 0.4396076, Train Acc: 0.7891351, Val Loss: 0.4590984, Val Acc: 0.8002853
Epoch: 548, Train Loss: 0.4449926, Train Acc: 0.7869907, Val Loss: 0.4431182, Val Acc: 0.7845934
Epoch: 549, Train Loss: 0.4327554, Train Acc: 0.7991422, Val Loss: 0.4427906, Val Acc: 0.7945792
Epoch: 550, Train Loss: 0.4314717, Train Acc: 0.7955683, Val Loss: 0.4443028, Val Acc: 0.7931526
Epoch: 551, Train Loss: 0.4426874, Train Acc: 0.7809149, Val Loss: 0.4604375, Val Acc: 0.7860200
Epoch: 552, Train Loss: 0.4402971, Train Acc: 0.7966405, Val Loss: 0.4306011, Val Acc: 0.7931526
Epoch: 553, Train Loss: 0.4335654, Train Acc: 0.7948535, Val Loss: 0.4840465, Val Acc: 0.7974322
Epoch: 554, Train Loss: 0.4349743, Train Acc: 0.8030736, Val Loss: 0.4558350, Val Acc: 0.7874465
Epoch: 555, Train Loss: 0.4336633, Train Acc: 0.7852037, Val Loss: 0.4691751, Val Acc: 0.7960057
Epoch: 556, Train Loss: 0.4374138, Train Acc: 0.7916369, Val Loss: 0.4340041, Val Acc: 0.7945792
Epoch: 557, Train Loss: 0.4330330, Train Acc: 0.8005718, Val Loss: 0.4519767, Val Acc: 0.7988588
Epoch: 558, Train Loss: 0.4350459, Train Acc: 0.8037884, Val Loss: 0.4106813, Val Acc: 0.8202568
Epoch: 559, Train Loss: 0.4251068, Train Acc: 0.7912795, Val Loss: 0.4366568, Val Acc: 0.8045649
Epoch: 560, Train Loss: 0.4360076, Train Acc: 0.7959257, Val Loss: 0.4728170, Val Acc: 0.7560628
Epoch: 561, Train Loss: 0.4384463, Train Acc: 0.7862759, Val Loss: 0.4338038, Val Acc: 0.8231098
Epoch: 562, Train Loss: 0.4433248, Train Acc: 0.7859185, Val Loss: 0.4575773, Val Acc: 0.8188302
Epoch: 563, Train Loss: 0.4299537, Train Acc: 0.8012866, Val Loss: 0.4380647, Val Acc: 0.7831669
Epoch: 564, Train Loss: 0.4302548, Train Acc: 0.7923517, Val Loss: 0.4657843, Val Acc: 0.7788873
Epoch: 565, Train Loss: 0.4328048, Train Acc: 0.8045032, Val Loss: 0.4484831, Val Acc: 0.8031384
Epoch: 566, Train Loss: 0.4388762, Train Acc: 0.7884203, Val Loss: 0.4827144, Val Acc: 0.7617689
Epoch: 567, Train Loss: 0.4363770, Train Acc: 0.7955683, Val Loss: 0.4311209, Val Acc: 0.8074180
Epoch: 568, Train Loss: 0.4248773, Train Acc: 0.7984274, Val Loss: 0.4503024, Val Acc: 0.8045649
Epoch: 569, Train Loss: 0.4495705, Train Acc: 0.7823445, Val Loss: 0.4574440, Val Acc: 0.7931526
Epoch: 570, Train Loss: 0.4506443, Train Acc: 0.7827019, Val Loss: 0.4201880, Val Acc: 0.7945792
Epoch: 571, Train Loss: 0.4388395, Train Acc: 0.7887777, Val Loss: 0.4419875, Val Acc: 0.7902996
Epoch: 572, Train Loss: 0.4298992, Train Acc: 0.8077198, Val Loss: 0.4488270, Val Acc: 0.7945792
Epoch: 573, Train Loss: 0.4281953, Train Acc: 0.8034310, Val Loss: 0.4383128, Val Acc: 0.8116976
Epoch: 574, Train Loss: 0.4324695, Train Acc: 0.7944961, Val Loss: 0.4519033, Val Acc: 0.7917261
Epoch: 575, Train Loss: 0.4378497, Train Acc: 0.7966405, Val Loss: 0.4433833, Val Acc: 0.8074180
Epoch: 576, Train Loss: 0.4195290, Train Acc: 0.8059328, Val Loss: 0.4300870, Val Acc: 0.8188302
Epoch: 577, Train Loss: 0.4445811, Train Acc: 0.7884203, Val Loss: 0.4767546, Val Acc: 0.7746077
Epoch: 578, Train Loss: 0.4363434, Train Acc: 0.8009292, Val Loss: 0.4249213, Val Acc: 0.7988588
Epoch: 579, Train Loss: 0.4519110, Train Acc: 0.7862759, Val Loss: 0.4670755, Val Acc: 0.8145506
Epoch: 580, Train Loss: 0.4305511, Train Acc: 0.8059328, Val Loss: 0.4588519, Val Acc: 0.7731812
Epoch: 581, Train Loss: 0.4309546, Train Acc: 0.8002144, Val Loss: 0.4588760, Val Acc: 0.7788873
Epoch: 582, Train Loss: 0.4358484, Train Acc: 0.7927091, Val Loss: 0.4176174, Val Acc: 0.7974322
Epoch: 583, Train Loss: 0.4382933, Train Acc: 0.7994996, Val Loss: 0.4524994, Val Acc: 0.8017118
Epoch: 584, Train Loss: 0.4287265, Train Acc: 0.8066476, Val Loss: 0.4326019, Val Acc: 0.7817404
Epoch: 585, Train Loss: 0.4382790, Train Acc: 0.7927091, Val Loss: 0.4433741, Val Acc: 0.8174037
Epoch: 586, Train Loss: 0.4233364, Train Acc: 0.8023588, Val Loss: 0.4387523, Val Acc: 0.8116976
Epoch: 587, Train Loss: 0.4336239, Train Acc: 0.7977127, Val Loss: 0.4313036, Val Acc: 0.7974322
Epoch: 588, Train Loss: 0.4236747, Train Acc: 0.8080772, Val Loss: 0.4256670, Val Acc: 0.7960057
Epoch: 589, Train Loss: 0.4430145, Train Acc: 0.7859185, Val Loss: 0.4308956, Val Acc: 0.7845934
Epoch: 590, Train Loss: 0.4314616, Train Acc: 0.8005718, Val Loss: 0.4200039, Val Acc: 0.8116976
Epoch: 591, Train Loss: 0.4302063, Train Acc: 0.7880629, Val Loss: 0.4182628, Val Acc: 0.8045649
Epoch: 592, Train Loss: 0.4339224, Train Acc: 0.7948535, Val Loss: 0.4209721, Val Acc: 0.8059914
Epoch: 593, Train Loss: 0.4295353, Train Acc: 0.7891351, Val Loss: 0.4649839, Val Acc: 0.7931526
Epoch: 594, Train Loss: 0.4417186, Train Acc: 0.7948535, Val Loss: 0.4701941, Val Acc: 0.7960057
Epoch: 595, Train Loss: 0.4418737, Train Acc: 0.7991422, Val Loss: 0.4221965, Val Acc: 0.8059914
Epoch: 596, Train Loss: 0.4345202, Train Acc: 0.7969979, Val Loss: 0.4444632, Val Acc: 0.8017118
Epoch: 597, Train Loss: 0.4317925, Train Acc: 0.7955683, Val Loss: 0.4324302, Val Acc: 0.8017118
Epoch: 598, Train Loss: 0.4218734, Train Acc: 0.8055754, Val Loss: 0.4494228, Val Acc: 0.7860200
Epoch: 599, Train Loss: 0.4324592, Train Acc: 0.7959257, Val Loss: 0.4749148, Val Acc: 0.8102710
Epoch: 600, Train Loss: 0.4351856, Train Acc: 0.7937813, Val Loss: 0.4393748, Val Acc: 0.7917261
Epoch: 601, Train Loss: 0.4231347, Train Acc: 0.8120086, Val Loss: 0.4428177, Val Acc: 0.8002853
Epoch: 602, Train Loss: 0.4270184, Train Acc: 0.8059328, Val Loss: 0.4171329, Val Acc: 0.8159772
Epoch: 603, Train Loss: 0.4375190, Train Acc: 0.7894925, Val Loss: 0.4259757, Val Acc: 0.8074180
Epoch: 604, Train Loss: 0.4384061, Train Acc: 0.7834167, Val Loss: 0.4238452, Val Acc: 0.7988588
Epoch: 605, Train Loss: 0.4370633, Train Acc: 0.7859185, Val Loss: 0.4348976, Val Acc: 0.7874465
Epoch: 606, Train Loss: 0.4381304, Train Acc: 0.7923517, Val Loss: 0.4146409, Val Acc: 0.8059914
Epoch: 607, Train Loss: 0.4369232, Train Acc: 0.7977127, Val Loss: 0.4483664, Val Acc: 0.8116976
Epoch: 608, Train Loss: 0.4411125, Train Acc: 0.7909221, Val Loss: 0.4299823, Val Acc: 0.8074180
Epoch: 609, Train Loss: 0.4300510, Train Acc: 0.7944961, Val Loss: 0.4642571, Val Acc: 0.7917261
Epoch: 610, Train Loss: 0.4228778, Train Acc: 0.8016440, Val Loss: 0.4641640, Val Acc: 0.7774608
Epoch: 611, Train Loss: 0.4322012, Train Acc: 0.8005718, Val Loss: 0.4782594, Val Acc: 0.7860200
Epoch: 612, Train Loss: 0.4462782, Train Acc: 0.7894925, Val Loss: 0.4650501, Val Acc: 0.7917261
Epoch: 613, Train Loss: 0.4367246, Train Acc: 0.7869907, Val Loss: 0.4497977, Val Acc: 0.7945792
Epoch: 614, Train Loss: 0.4162671, Train Acc: 0.8052180, Val Loss: 0.4661185, Val Acc: 0.8074180
Epoch: 615, Train Loss: 0.4384013, Train Acc: 0.7898499, Val Loss: 0.4453447, Val Acc: 0.7874465
Epoch: 616, Train Loss: 0.4418649, Train Acc: 0.7912795, Val Loss: 0.4674164, Val Acc: 0.7888730
Epoch: 617, Train Loss: 0.4389407, Train Acc: 0.7855611, Val Loss: 0.4670182, Val Acc: 0.7831669
Epoch: 618, Train Loss: 0.4400311, Train Acc: 0.7984274, Val Loss: 0.4323217, Val Acc: 0.8245364
Epoch: 619, Train Loss: 0.4381265, Train Acc: 0.7934239, Val Loss: 0.4481611, Val Acc: 0.7817404
Epoch: 620, Train Loss: 0.4189812, Train Acc: 0.8002144, Val Loss: 0.4038302, Val Acc: 0.8202568
Epoch: 621, Train Loss: 0.4265948, Train Acc: 0.7994996, Val Loss: 0.4999917, Val Acc: 0.8074180
Epoch: 622, Train Loss: 0.4357701, Train Acc: 0.8002144, Val Loss: 0.4743139, Val Acc: 0.7960057
Epoch: 623, Train Loss: 0.4271815, Train Acc: 0.7898499, Val Loss: 0.4457827, Val Acc: 0.7931526
Epoch: 624, Train Loss: 0.4373995, Train Acc: 0.7902073, Val Loss: 0.4333979, Val Acc: 0.8017118
Epoch: 625, Train Loss: 0.4233868, Train Acc: 0.8027162, Val Loss: 0.4360216, Val Acc: 0.8017118
Epoch: 626, Train Loss: 0.4382281, Train Acc: 0.7894925, Val Loss: 0.4382415, Val Acc: 0.7717546
Epoch: 627, Train Loss: 0.4254682, Train Acc: 0.8002144, Val Loss: 0.4668465, Val Acc: 0.7803138
Epoch: 628, Train Loss: 0.4339163, Train Acc: 0.7912795, Val Loss: 0.4420106, Val Acc: 0.7902996
Epoch: 629, Train Loss: 0.4299061, Train Acc: 0.8066476, Val Loss: 0.4532352, Val Acc: 0.7874465
Epoch: 630, Train Loss: 0.4336658, Train Acc: 0.7902073, Val Loss: 0.4504819, Val Acc: 0.7945792
Epoch: 631, Train Loss: 0.4197640, Train Acc: 0.8041458, Val Loss: 0.4662888, Val Acc: 0.7803138
Epoch: 632, Train Loss: 0.4345112, Train Acc: 0.7887777, Val Loss: 0.4553580, Val Acc: 0.7803138
Epoch: 633, Train Loss: 0.4245791, Train Acc: 0.7923517, Val Loss: 0.4577123, Val Acc: 0.8102710
Epoch: 634, Train Loss: 0.4437100, Train Acc: 0.7912795, Val Loss: 0.4441859, Val Acc: 0.7803138
Epoch: 635, Train Loss: 0.4287178, Train Acc: 0.7927091, Val Loss: 0.4194809, Val Acc: 0.8031384
Epoch: 636, Train Loss: 0.4121493, Train Acc: 0.8091494, Val Loss: 0.4842408, Val Acc: 0.8045649
Epoch: 637, Train Loss: 0.4227232, Train Acc: 0.8080772, Val Loss: 0.4319002, Val Acc: 0.7960057
Epoch: 638, Train Loss: 0.4525078, Train Acc: 0.7959257, Val Loss: 0.4405410, Val Acc: 0.7974322
Epoch: 639, Train Loss: 0.4426532, Train Acc: 0.7930665, Val Loss: 0.4461775, Val Acc: 0.7760342
Epoch: 640, Train Loss: 0.4301048, Train Acc: 0.7912795, Val Loss: 0.4544507, Val Acc: 0.7831669
Epoch: 641, Train Loss: 0.4353069, Train Acc: 0.7930665, Val Loss: 0.4559615, Val Acc: 0.7945792
Epoch: 642, Train Loss: 0.4219144, Train Acc: 0.8002144, Val Loss: 0.4666780, Val Acc: 0.8059914
Epoch: 643, Train Loss: 0.4289912, Train Acc: 0.7994996, Val Loss: 0.4404647, Val Acc: 0.7874465
Epoch: 644, Train Loss: 0.4463073, Train Acc: 0.7959257, Val Loss: 0.4327852, Val Acc: 0.7874465
Epoch: 645, Train Loss: 0.4368340, Train Acc: 0.7934239, Val Loss: 0.4183092, Val Acc: 0.8116976
Epoch: 646, Train Loss: 0.4350750, Train Acc: 0.7894925, Val Loss: 0.4405807, Val Acc: 0.8145506
Epoch: 647, Train Loss: 0.4228142, Train Acc: 0.8052180, Val Loss: 0.4448266, Val Acc: 0.8088445
Epoch: 648, Train Loss: 0.4207683, Train Acc: 0.7994996, Val Loss: 0.4786194, Val Acc: 0.8074180
Epoch: 649, Train Loss: 0.4298095, Train Acc: 0.7894925, Val Loss: 0.4318893, Val Acc: 0.8059914
Epoch: 650, Train Loss: 0.4340942, Train Acc: 0.7916369, Val Loss: 0.4460179, Val Acc: 0.8031384
Epoch: 651, Train Loss: 0.4313892, Train Acc: 0.7877055, Val Loss: 0.4653696, Val Acc: 0.7988588
Epoch: 652, Train Loss: 0.4382461, Train Acc: 0.7909221, Val Loss: 0.4622062, Val Acc: 0.7902996
Epoch: 653, Train Loss: 0.4387164, Train Acc: 0.7902073, Val Loss: 0.4232900, Val Acc: 0.8116976
Epoch: 654, Train Loss: 0.4290709, Train Acc: 0.8002144, Val Loss: 0.4324440, Val Acc: 0.8102710
Epoch: 655, Train Loss: 0.4232889, Train Acc: 0.7916369, Val Loss: 0.4563281, Val Acc: 0.7988588
Epoch: 656, Train Loss: 0.4380492, Train Acc: 0.7944961, Val Loss: 0.4339620, Val Acc: 0.7888730
Epoch: 657, Train Loss: 0.4259001, Train Acc: 0.7973553, Val Loss: 0.4152411, Val Acc: 0.8059914
Epoch: 658, Train Loss: 0.4223041, Train Acc: 0.8023588, Val Loss: 0.4381983, Val Acc: 0.7860200
Epoch: 659, Train Loss: 0.4247581, Train Acc: 0.7930665, Val Loss: 0.4181238, Val Acc: 0.8045649
Epoch: 660, Train Loss: 0.4224314, Train Acc: 0.7994996, Val Loss: 0.4174017, Val Acc: 0.7974322
Epoch: 661, Train Loss: 0.4299631, Train Acc: 0.7891351, Val Loss: 0.4366461, Val Acc: 0.7731812
Epoch: 662, Train Loss: 0.4225498, Train Acc: 0.7952109, Val Loss: 0.4183739, Val Acc: 0.8145506
Epoch: 663, Train Loss: 0.4400007, Train Acc: 0.7855611, Val Loss: 0.4214605, Val Acc: 0.8045649
Epoch: 664, Train Loss: 0.4332614, Train Acc: 0.7959257, Val Loss: 0.4453456, Val Acc: 0.7960057
Epoch: 665, Train Loss: 0.4438113, Train Acc: 0.7859185, Val Loss: 0.4503971, Val Acc: 0.8002853
Epoch: 666, Train Loss: 0.4252028, Train Acc: 0.8066476, Val Loss: 0.4624301, Val Acc: 0.7945792
Epoch: 667, Train Loss: 0.4190070, Train Acc: 0.8002144, Val Loss: 0.4470064, Val Acc: 0.7874465
Epoch: 668, Train Loss: 0.4405869, Train Acc: 0.7877055, Val Loss: 0.4269745, Val Acc: 0.8145506
Epoch: 669, Train Loss: 0.4265803, Train Acc: 0.8027162, Val Loss: 0.4619481, Val Acc: 0.8145506
Epoch: 670, Train Loss: 0.4260922, Train Acc: 0.7919943, Val Loss: 0.4346649, Val Acc: 0.8017118
Epoch: 671, Train Loss: 0.4233919, Train Acc: 0.7987848, Val Loss: 0.4311949, Val Acc: 0.8074180
Epoch: 672, Train Loss: 0.4286139, Train Acc: 0.8027162, Val Loss: 0.4203638, Val Acc: 0.8059914
Epoch: 673, Train Loss: 0.4271626, Train Acc: 0.8016440, Val Loss: 0.4314630, Val Acc: 0.8088445
Epoch: 674, Train Loss: 0.4149867, Train Acc: 0.7969979, Val Loss: 0.4196500, Val Acc: 0.8045649
Epoch: 675, Train Loss: 0.4131012, Train Acc: 0.8027162, Val Loss: 0.4413574, Val Acc: 0.7817404
Epoch: 676, Train Loss: 0.4213347, Train Acc: 0.8052180, Val Loss: 0.4214841, Val Acc: 0.8031384
Epoch: 677, Train Loss: 0.4234820, Train Acc: 0.7930665, Val Loss: 0.4556940, Val Acc: 0.7845934
Epoch: 678, Train Loss: 0.4292303, Train Acc: 0.7966405, Val Loss: 0.4291319, Val Acc: 0.8231098
Epoch: 679, Train Loss: 0.4288911, Train Acc: 0.7919943, Val Loss: 0.4645290, Val Acc: 0.7988588
Epoch: 680, Train Loss: 0.4187610, Train Acc: 0.7923517, Val Loss: 0.4421667, Val Acc: 0.7988588
Epoch: 681, Train Loss: 0.4260318, Train Acc: 0.7952109, Val Loss: 0.4471877, Val Acc: 0.7945792
Epoch: 682, Train Loss: 0.4251930, Train Acc: 0.7934239, Val Loss: 0.4524442, Val Acc: 0.7960057
Epoch: 683, Train Loss: 0.4237277, Train Acc: 0.8009292, Val Loss: 0.4171794, Val Acc: 0.8031384
Epoch: 684, Train Loss: 0.4365931, Train Acc: 0.7919943, Val Loss: 0.4547085, Val Acc: 0.7960057
Epoch: 685, Train Loss: 0.4133335, Train Acc: 0.8048606, Val Loss: 0.4739699, Val Acc: 0.7902996
Epoch: 686, Train Loss: 0.4200281, Train Acc: 0.7955683, Val Loss: 0.4265445, Val Acc: 0.8031384
Epoch: 687, Train Loss: 0.4168063, Train Acc: 0.8030736, Val Loss: 0.4416146, Val Acc: 0.8059914
Epoch: 688, Train Loss: 0.4346700, Train Acc: 0.7937813, Val Loss: 0.4156900, Val Acc: 0.8059914
Epoch: 689, Train Loss: 0.4161005, Train Acc: 0.7966405, Val Loss: 0.4038739, Val Acc: 0.8202568
Epoch: 690, Train Loss: 0.4238281, Train Acc: 0.8030736, Val Loss: 0.4476808, Val Acc: 0.7774608
Epoch: 691, Train Loss: 0.4346212, Train Acc: 0.7941387, Val Loss: 0.4227720, Val Acc: 0.8002853
Epoch: 692, Train Loss: 0.4264531, Train Acc: 0.8052180, Val Loss: 0.4331469, Val Acc: 0.8017118
Epoch: 693, Train Loss: 0.4309166, Train Acc: 0.7980701, Val Loss: 0.5059617, Val Acc: 0.7760342
Epoch: 694, Train Loss: 0.4316124, Train Acc: 0.7919943, Val Loss: 0.4281484, Val Acc: 0.8088445
Epoch: 695, Train Loss: 0.4190409, Train Acc: 0.8037884, Val Loss: 0.4084949, Val Acc: 0.8159772
Epoch: 696, Train Loss: 0.4415642, Train Acc: 0.7934239, Val Loss: 0.4080936, Val Acc: 0.8145506
Epoch: 697, Train Loss: 0.4089621, Train Acc: 0.8066476, Val Loss: 0.4549502, Val Acc: 0.7945792
Epoch: 698, Train Loss: 0.4272262, Train Acc: 0.7941387, Val Loss: 0.4137081, Val Acc: 0.8273894
Epoch: 699, Train Loss: 0.4357073, Train Acc: 0.8012866, Val Loss: 0.4099276, Val Acc: 0.8131241
Epoch: 700, Train Loss: 0.3929796, Train Acc: 0.8120086, Val Loss: 0.4526538, Val Acc: 0.8102710
Epoch: 701, Train Loss: 0.4116556, Train Acc: 0.8116512, Val Loss: 0.4189733, Val Acc: 0.8231098
Epoch: 702, Train Loss: 0.4051352, Train Acc: 0.8062902, Val Loss: 0.4052078, Val Acc: 0.8031384
Epoch: 703, Train Loss: 0.4167060, Train Acc: 0.8073624, Val Loss: 0.4090920, Val Acc: 0.8059914
Epoch: 704, Train Loss: 0.3983104, Train Acc: 0.8173695, Val Loss: 0.4103079, Val Acc: 0.8002853
Epoch: 705, Train Loss: 0.4142574, Train Acc: 0.8048606, Val Loss: 0.4355018, Val Acc: 0.7874465
Epoch: 706, Train Loss: 0.4037918, Train Acc: 0.8098642, Val Loss: 0.4743067, Val Acc: 0.7888730
Epoch: 707, Train Loss: 0.3933772, Train Acc: 0.8087920, Val Loss: 0.4344391, Val Acc: 0.8074180
Epoch: 708, Train Loss: 0.4164169, Train Acc: 0.8073624, Val Loss: 0.4320280, Val Acc: 0.8045649
Epoch: 709, Train Loss: 0.3890698, Train Acc: 0.8223731, Val Loss: 0.4505136, Val Acc: 0.7917261
Epoch: 710, Train Loss: 0.3960486, Train Acc: 0.8134382, Val Loss: 0.4384228, Val Acc: 0.8059914
Epoch: 711, Train Loss: 0.4022163, Train Acc: 0.8195139, Val Loss: 0.4279076, Val Acc: 0.8031384
Epoch: 712, Train Loss: 0.4084614, Train Acc: 0.8120086, Val Loss: 0.4330212, Val Acc: 0.7988588
Epoch: 713, Train Loss: 0.3943021, Train Acc: 0.8127234, Val Loss: 0.4042434, Val Acc: 0.8174037
Epoch: 714, Train Loss: 0.3986740, Train Acc: 0.8141530, Val Loss: 0.4036517, Val Acc: 0.8017118
Epoch: 715, Train Loss: 0.4148400, Train Acc: 0.8030736, Val Loss: 0.4100704, Val Acc: 0.8245364
Epoch: 716, Train Loss: 0.4068371, Train Acc: 0.8134382, Val Loss: 0.4116442, Val Acc: 0.8231098
Epoch: 717, Train Loss: 0.3888732, Train Acc: 0.8216583, Val Loss: 0.4199978, Val Acc: 0.8145506
Epoch: 718, Train Loss: 0.3986781, Train Acc: 0.8145104, Val Loss: 0.4215320, Val Acc: 0.8059914
Epoch: 719, Train Loss: 0.3955034, Train Acc: 0.8162974, Val Loss: 0.4117003, Val Acc: 0.8302425
Epoch: 720, Train Loss: 0.4080717, Train Acc: 0.8116512, Val Loss: 0.4068451, Val Acc: 0.8116976
Epoch: 721, Train Loss: 0.4160949, Train Acc: 0.7977127, Val Loss: 0.3966540, Val Acc: 0.8202568
Epoch: 722, Train Loss: 0.4041095, Train Acc: 0.8055754, Val Loss: 0.4252839, Val Acc: 0.8116976
Epoch: 723, Train Loss: 0.3945445, Train Acc: 0.8159400, Val Loss: 0.4183151, Val Acc: 0.7974322
Epoch: 724, Train Loss: 0.3933738, Train Acc: 0.8195139, Val Loss: 0.4249178, Val Acc: 0.8145506
Epoch: 725, Train Loss: 0.3924423, Train Acc: 0.8220157, Val Loss: 0.4388188, Val Acc: 0.8116976
Epoch: 726, Train Loss: 0.3920982, Train Acc: 0.8245175, Val Loss: 0.4060614, Val Acc: 0.8102710
Epoch: 727, Train Loss: 0.3916949, Train Acc: 0.8184417, Val Loss: 0.4300543, Val Acc: 0.7960057
Epoch: 728, Train Loss: 0.4026362, Train Acc: 0.8087920, Val Loss: 0.4334950, Val Acc: 0.8116976
Epoch: 729, Train Loss: 0.4027536, Train Acc: 0.8145104, Val Loss: 0.4228154, Val Acc: 0.8174037
Epoch: 730, Train Loss: 0.3852808, Train Acc: 0.8166548, Val Loss: 0.4723804, Val Acc: 0.8031384
Epoch: 731, Train Loss: 0.3939465, Train Acc: 0.8173695, Val Loss: 0.4059931, Val Acc: 0.8116976
Epoch: 732, Train Loss: 0.3923814, Train Acc: 0.8213009, Val Loss: 0.4112244, Val Acc: 0.8031384
Epoch: 733, Train Loss: 0.3937810, Train Acc: 0.8098642, Val Loss: 0.4628311, Val Acc: 0.7788873
Epoch: 734, Train Loss: 0.3925277, Train Acc: 0.8184417, Val Loss: 0.4397975, Val Acc: 0.8088445
Epoch: 735, Train Loss: 0.4045205, Train Acc: 0.8070050, Val Loss: 0.4219214, Val Acc: 0.8031384
Epoch: 736, Train Loss: 0.3956936, Train Acc: 0.8145104, Val Loss: 0.4246265, Val Acc: 0.8188302
Epoch: 737, Train Loss: 0.4042060, Train Acc: 0.8145104, Val Loss: 0.4166003, Val Acc: 0.8045649
Epoch: 738, Train Loss: 0.3987383, Train Acc: 0.8059328, Val Loss: 0.4130202, Val Acc: 0.8174037
Epoch: 739, Train Loss: 0.3950308, Train Acc: 0.8123660, Val Loss: 0.4049693, Val Acc: 0.8231098
Epoch: 740, Train Loss: 0.3949550, Train Acc: 0.8152252, Val Loss: 0.4453746, Val Acc: 0.7988588
Epoch: 741, Train Loss: 0.3975812, Train Acc: 0.8116512, Val Loss: 0.4129984, Val Acc: 0.8059914
Epoch: 742, Train Loss: 0.3987690, Train Acc: 0.8162974, Val Loss: 0.4210919, Val Acc: 0.8174037
Epoch: 743, Train Loss: 0.3984177, Train Acc: 0.8205861, Val Loss: 0.4155644, Val Acc: 0.8116976
Epoch: 744, Train Loss: 0.3885570, Train Acc: 0.8273767, Val Loss: 0.4197320, Val Acc: 0.8131241
Epoch: 745, Train Loss: 0.3938626, Train Acc: 0.8084346, Val Loss: 0.4270821, Val Acc: 0.7931526
Epoch: 746, Train Loss: 0.3969150, Train Acc: 0.8155826, Val Loss: 0.4144205, Val Acc: 0.8288160
Epoch: 747, Train Loss: 0.3956013, Train Acc: 0.8187991, Val Loss: 0.4385447, Val Acc: 0.8159772
Epoch: 748, Train Loss: 0.3980752, Train Acc: 0.8134382, Val Loss: 0.4221852, Val Acc: 0.8045649
Epoch: 749, Train Loss: 0.3832204, Train Acc: 0.8077198, Val Loss: 0.4281801, Val Acc: 0.8031384
Epoch: 750, Train Loss: 0.4112551, Train Acc: 0.8073624, Val Loss: 0.4287625, Val Acc: 0.8102710
Epoch: 751, Train Loss: 0.4082918, Train Acc: 0.8137956, Val Loss: 0.4426305, Val Acc: 0.7931526
Epoch: 752, Train Loss: 0.3899910, Train Acc: 0.8170122, Val Loss: 0.4229225, Val Acc: 0.8045649
Epoch: 753, Train Loss: 0.3998865, Train Acc: 0.8130808, Val Loss: 0.4133454, Val Acc: 0.8216833
Epoch: 754, Train Loss: 0.3992754, Train Acc: 0.8095068, Val Loss: 0.4062543, Val Acc: 0.8245364
Epoch: 755, Train Loss: 0.3929073, Train Acc: 0.8227305, Val Loss: 0.4001857, Val Acc: 0.8045649
Epoch: 756, Train Loss: 0.4042123, Train Acc: 0.8030736, Val Loss: 0.4137507, Val Acc: 0.7988588
Epoch: 757, Train Loss: 0.3920698, Train Acc: 0.8127234, Val Loss: 0.4185362, Val Acc: 0.7988588
Epoch: 758, Train Loss: 0.3931685, Train Acc: 0.8098642, Val Loss: 0.4397899, Val Acc: 0.7974322
Epoch: 759, Train Loss: 0.3997551, Train Acc: 0.8198713, Val Loss: 0.4187442, Val Acc: 0.8159772
Epoch: 760, Train Loss: 0.3960591, Train Acc: 0.8166548, Val Loss: 0.4059871, Val Acc: 0.8216833
Epoch: 761, Train Loss: 0.4050627, Train Acc: 0.8155826, Val Loss: 0.4324896, Val Acc: 0.8059914
Epoch: 762, Train Loss: 0.3866586, Train Acc: 0.8230879, Val Loss: 0.4148602, Val Acc: 0.8231098
Epoch: 763, Train Loss: 0.3908593, Train Acc: 0.8234453, Val Loss: 0.4002993, Val Acc: 0.8059914
Epoch: 764, Train Loss: 0.3912434, Train Acc: 0.8180843, Val Loss: 0.4277091, Val Acc: 0.8174037
Epoch: 765, Train Loss: 0.4052705, Train Acc: 0.8134382, Val Loss: 0.4150828, Val Acc: 0.8131241
Epoch: 766, Train Loss: 0.3953701, Train Acc: 0.8255897, Val Loss: 0.4263543, Val Acc: 0.8074180
Epoch: 767, Train Loss: 0.3998135, Train Acc: 0.8034310, Val Loss: 0.4385934, Val Acc: 0.8131241
Epoch: 768, Train Loss: 0.3845988, Train Acc: 0.8295211, Val Loss: 0.4141009, Val Acc: 0.8088445
Epoch: 769, Train Loss: 0.4068245, Train Acc: 0.8180843, Val Loss: 0.4313359, Val Acc: 0.8288160
Epoch: 770, Train Loss: 0.4031051, Train Acc: 0.8145104, Val Loss: 0.4401765, Val Acc: 0.8074180
Epoch: 771, Train Loss: 0.3911914, Train Acc: 0.8141530, Val Loss: 0.4109296, Val Acc: 0.8202568
Epoch: 772, Train Loss: 0.3980756, Train Acc: 0.8116512, Val Loss: 0.4227090, Val Acc: 0.8045649
Epoch: 773, Train Loss: 0.3870114, Train Acc: 0.8245175, Val Loss: 0.4315092, Val Acc: 0.7988588
Epoch: 774, Train Loss: 0.3938587, Train Acc: 0.8084346, Val Loss: 0.4148783, Val Acc: 0.7988588
Epoch: 775, Train Loss: 0.4060977, Train Acc: 0.8127234, Val Loss: 0.4340387, Val Acc: 0.8074180
Epoch: 776, Train Loss: 0.3976939, Train Acc: 0.8152252, Val Loss: 0.4118482, Val Acc: 0.8216833
Epoch: 777, Train Loss: 0.4016801, Train Acc: 0.8152252, Val Loss: 0.4146910, Val Acc: 0.8017118
Epoch: 778, Train Loss: 0.3996248, Train Acc: 0.8202287, Val Loss: 0.4208986, Val Acc: 0.8174037
Epoch: 779, Train Loss: 0.3984971, Train Acc: 0.8145104, Val Loss: 0.4387594, Val Acc: 0.7974322
Epoch: 780, Train Loss: 0.4051262, Train Acc: 0.8066476, Val Loss: 0.4237911, Val Acc: 0.7960057
Epoch: 781, Train Loss: 0.3900777, Train Acc: 0.8187991, Val Loss: 0.4068581, Val Acc: 0.8002853
Epoch: 782, Train Loss: 0.3957018, Train Acc: 0.8045032, Val Loss: 0.4204007, Val Acc: 0.8102710
Epoch: 783, Train Loss: 0.3980241, Train Acc: 0.8105790, Val Loss: 0.4264210, Val Acc: 0.7945792
Epoch: 784, Train Loss: 0.3951587, Train Acc: 0.8184417, Val Loss: 0.4388657, Val Acc: 0.8059914
Epoch: 785, Train Loss: 0.3903252, Train Acc: 0.8180843, Val Loss: 0.4645366, Val Acc: 0.7874465
Epoch: 786, Train Loss: 0.4051357, Train Acc: 0.8055754, Val Loss: 0.4289267, Val Acc: 0.8131241
Epoch: 787, Train Loss: 0.4024556, Train Acc: 0.8148678, Val Loss: 0.4156058, Val Acc: 0.8045649
Epoch: 788, Train Loss: 0.3968267, Train Acc: 0.8177269, Val Loss: 0.4212112, Val Acc: 0.7945792
Epoch: 789, Train Loss: 0.3893524, Train Acc: 0.8173695, Val Loss: 0.4166979, Val Acc: 0.8074180
Epoch: 790, Train Loss: 0.3982868, Train Acc: 0.8173695, Val Loss: 0.4289811, Val Acc: 0.7960057
Epoch: 791, Train Loss: 0.3962204, Train Acc: 0.8141530, Val Loss: 0.4082532, Val Acc: 0.8231098
Epoch: 792, Train Loss: 0.3919238, Train Acc: 0.8288063, Val Loss: 0.4354837, Val Acc: 0.8131241
Epoch: 793, Train Loss: 0.3934209, Train Acc: 0.8202287, Val Loss: 0.4026690, Val Acc: 0.8074180
Epoch: 794, Train Loss: 0.3811819, Train Acc: 0.8234453, Val Loss: 0.4127628, Val Acc: 0.8273894
Epoch: 795, Train Loss: 0.3916018, Train Acc: 0.8166548, Val Loss: 0.4412171, Val Acc: 0.8116976
Epoch: 796, Train Loss: 0.4018297, Train Acc: 0.8127234, Val Loss: 0.4253945, Val Acc: 0.8245364
Epoch: 797, Train Loss: 0.4011870, Train Acc: 0.8059328, Val Loss: 0.4213373, Val Acc: 0.8145506
Epoch: 798, Train Loss: 0.4070437, Train Acc: 0.8048606, Val Loss: 0.4403948, Val Acc: 0.8031384
Epoch: 799, Train Loss: 0.3929061, Train Acc: 0.8227305, Val Loss: 0.4342938, Val Acc: 0.8002853
Epoch: 800, Train Loss: 0.3878721, Train Acc: 0.8195139, Val Loss: 0.4299096, Val Acc: 0.8116976
Epoch: 801, Train Loss: 0.3891972, Train Acc: 0.8298785, Val Loss: 0.4196952, Val Acc: 0.8074180
Epoch: 802, Train Loss: 0.3785674, Train Acc: 0.8263045, Val Loss: 0.4354130, Val Acc: 0.8031384
Epoch: 803, Train Loss: 0.3977270, Train Acc: 0.8127234, Val Loss: 0.4071032, Val Acc: 0.8088445
Epoch: 804, Train Loss: 0.4044794, Train Acc: 0.8105790, Val Loss: 0.4318582, Val Acc: 0.7917261
Epoch: 805, Train Loss: 0.3895979, Train Acc: 0.8187991, Val Loss: 0.4197488, Val Acc: 0.8145506
Epoch: 806, Train Loss: 0.3828613, Train Acc: 0.8155826, Val Loss: 0.4144013, Val Acc: 0.8202568
Epoch: 807, Train Loss: 0.3912861, Train Acc: 0.8127234, Val Loss: 0.4050375, Val Acc: 0.8288160
Epoch: 808, Train Loss: 0.3904512, Train Acc: 0.8255897, Val Loss: 0.4232834, Val Acc: 0.8031384
Epoch: 809, Train Loss: 0.3880486, Train Acc: 0.8191565, Val Loss: 0.4169913, Val Acc: 0.8216833
Epoch: 810, Train Loss: 0.3903059, Train Acc: 0.8209435, Val Loss: 0.4195841, Val Acc: 0.8088445
Epoch: 811, Train Loss: 0.3890895, Train Acc: 0.8098642, Val Loss: 0.4296526, Val Acc: 0.8188302
Epoch: 812, Train Loss: 0.4009947, Train Acc: 0.8123660, Val Loss: 0.4257942, Val Acc: 0.8088445
Epoch: 813, Train Loss: 0.3995447, Train Acc: 0.8084346, Val Loss: 0.4565528, Val Acc: 0.7860200
Epoch: 814, Train Loss: 0.4043545, Train Acc: 0.8023588, Val Loss: 0.4000128, Val Acc: 0.8059914
Epoch: 815, Train Loss: 0.3921776, Train Acc: 0.8109364, Val Loss: 0.4185780, Val Acc: 0.8202568
Epoch: 816, Train Loss: 0.3996254, Train Acc: 0.8162974, Val Loss: 0.4505907, Val Acc: 0.8045649
Epoch: 817, Train Loss: 0.4126040, Train Acc: 0.8070050, Val Loss: 0.4289409, Val Acc: 0.7888730
Epoch: 818, Train Loss: 0.3787791, Train Acc: 0.8277341, Val Loss: 0.4211579, Val Acc: 0.8216833
Epoch: 819, Train Loss: 0.3862377, Train Acc: 0.8191565, Val Loss: 0.4058288, Val Acc: 0.8059914
Epoch: 820, Train Loss: 0.3932712, Train Acc: 0.8184417, Val Loss: 0.4295822, Val Acc: 0.8231098
Epoch: 821, Train Loss: 0.3934924, Train Acc: 0.8077198, Val Loss: 0.4205212, Val Acc: 0.8231098
Epoch: 822, Train Loss: 0.3908300, Train Acc: 0.8109364, Val Loss: 0.4397066, Val Acc: 0.7860200
Epoch: 823, Train Loss: 0.3964904, Train Acc: 0.8155826, Val Loss: 0.4594605, Val Acc: 0.8074180
Epoch: 824, Train Loss: 0.3883985, Train Acc: 0.8234453, Val Loss: 0.4581815, Val Acc: 0.8045649
Epoch: 825, Train Loss: 0.3901610, Train Acc: 0.8259471, Val Loss: 0.4193171, Val Acc: 0.8131241
Epoch: 826, Train Loss: 0.3922136, Train Acc: 0.8170122, Val Loss: 0.4084408, Val Acc: 0.8188302
Epoch: 827, Train Loss: 0.3860534, Train Acc: 0.8141530, Val Loss: 0.4225167, Val Acc: 0.8131241
Epoch: 828, Train Loss: 0.3789363, Train Acc: 0.8252323, Val Loss: 0.4600424, Val Acc: 0.7931526
Epoch: 829, Train Loss: 0.4085235, Train Acc: 0.8087920, Val Loss: 0.4519994, Val Acc: 0.7831669
Epoch: 830, Train Loss: 0.3824850, Train Acc: 0.8198713, Val Loss: 0.4201678, Val Acc: 0.8031384
Epoch: 831, Train Loss: 0.3819786, Train Acc: 0.8180843, Val Loss: 0.4058575, Val Acc: 0.8174037
Epoch: 832, Train Loss: 0.3854738, Train Acc: 0.8220157, Val Loss: 0.4449865, Val Acc: 0.7945792
Epoch: 833, Train Loss: 0.3905434, Train Acc: 0.8209435, Val Loss: 0.4275672, Val Acc: 0.8145506
Epoch: 834, Train Loss: 0.3972495, Train Acc: 0.8145104, Val Loss: 0.4056047, Val Acc: 0.8074180
Epoch: 835, Train Loss: 0.3949598, Train Acc: 0.8184417, Val Loss: 0.4237707, Val Acc: 0.8031384
Epoch: 836, Train Loss: 0.3952070, Train Acc: 0.8145104, Val Loss: 0.4054926, Val Acc: 0.8245364
Epoch: 837, Train Loss: 0.3861194, Train Acc: 0.8187991, Val Loss: 0.4205288, Val Acc: 0.8188302
Epoch: 838, Train Loss: 0.3927543, Train Acc: 0.8227305, Val Loss: 0.4253838, Val Acc: 0.8273894
Epoch: 839, Train Loss: 0.3924538, Train Acc: 0.8137956, Val Loss: 0.4026014, Val Acc: 0.8131241
Epoch: 840, Train Loss: 0.3861579, Train Acc: 0.8162974, Val Loss: 0.4253433, Val Acc: 0.8059914
Epoch: 841, Train Loss: 0.3833708, Train Acc: 0.8209435, Val Loss: 0.4185251, Val Acc: 0.8088445
Epoch: 842, Train Loss: 0.3935718, Train Acc: 0.8141530, Val Loss: 0.4106259, Val Acc: 0.8316690
Epoch: 843, Train Loss: 0.3977657, Train Acc: 0.8141530, Val Loss: 0.4256674, Val Acc: 0.8059914
Epoch: 844, Train Loss: 0.3877084, Train Acc: 0.8195139, Val Loss: 0.4223279, Val Acc: 0.8145506
Epoch: 845, Train Loss: 0.3861824, Train Acc: 0.8241601, Val Loss: 0.4138871, Val Acc: 0.8131241
Epoch: 846, Train Loss: 0.3906717, Train Acc: 0.8127234, Val Loss: 0.4262431, Val Acc: 0.8059914
Epoch: 847, Train Loss: 0.3919644, Train Acc: 0.8130808, Val Loss: 0.4093279, Val Acc: 0.8088445
Epoch: 848, Train Loss: 0.4036794, Train Acc: 0.8066476, Val Loss: 0.4506926, Val Acc: 0.7831669
Epoch: 849, Train Loss: 0.3918755, Train Acc: 0.8209435, Val Loss: 0.4365160, Val Acc: 0.7974322
Epoch: 850, Train Loss: 0.3965362, Train Acc: 0.8091494, Val Loss: 0.4443679, Val Acc: 0.8002853
Epoch: 851, Train Loss: 0.3886012, Train Acc: 0.8205861, Val Loss: 0.4365696, Val Acc: 0.7888730
Epoch: 852, Train Loss: 0.3870969, Train Acc: 0.8184417, Val Loss: 0.4253399, Val Acc: 0.8059914
Epoch: 853, Train Loss: 0.3938745, Train Acc: 0.8073624, Val Loss: 0.4231991, Val Acc: 0.7917261
Epoch: 854, Train Loss: 0.3979789, Train Acc: 0.8162974, Val Loss: 0.4234505, Val Acc: 0.7988588
Epoch: 855, Train Loss: 0.3998709, Train Acc: 0.8134382, Val Loss: 0.4337148, Val Acc: 0.8031384
Epoch: 856, Train Loss: 0.4004084, Train Acc: 0.8109364, Val Loss: 0.4118054, Val Acc: 0.8159772
Epoch: 857, Train Loss: 0.3867347, Train Acc: 0.8170122, Val Loss: 0.4388850, Val Acc: 0.7945792
Epoch: 858, Train Loss: 0.3924712, Train Acc: 0.8166548, Val Loss: 0.4238842, Val Acc: 0.8059914
Epoch: 859, Train Loss: 0.4036616, Train Acc: 0.8134382, Val Loss: 0.4542952, Val Acc: 0.8059914
Epoch: 860, Train Loss: 0.3953768, Train Acc: 0.8180843, Val Loss: 0.4183412, Val Acc: 0.8145506
Epoch: 861, Train Loss: 0.4080163, Train Acc: 0.8159400, Val Loss: 0.4164240, Val Acc: 0.8131241
Epoch: 862, Train Loss: 0.3949895, Train Acc: 0.8234453, Val Loss: 0.4167056, Val Acc: 0.8116976
Epoch: 863, Train Loss: 0.3762580, Train Acc: 0.8234453, Val Loss: 0.4640376, Val Acc: 0.7902996
Epoch: 864, Train Loss: 0.3857387, Train Acc: 0.8166548, Val Loss: 0.4361291, Val Acc: 0.7988588
Epoch: 865, Train Loss: 0.4033945, Train Acc: 0.8145104, Val Loss: 0.4124566, Val Acc: 0.8074180
Epoch: 866, Train Loss: 0.3933509, Train Acc: 0.8137956, Val Loss: 0.4684752, Val Acc: 0.7931526
Epoch: 867, Train Loss: 0.3910598, Train Acc: 0.8230879, Val Loss: 0.4285442, Val Acc: 0.8045649
Epoch: 868, Train Loss: 0.3906453, Train Acc: 0.8137956, Val Loss: 0.4232895, Val Acc: 0.8188302
Epoch: 869, Train Loss: 0.3957537, Train Acc: 0.8187991, Val Loss: 0.4652557, Val Acc: 0.8216833
Epoch: 870, Train Loss: 0.3896803, Train Acc: 0.8123660, Val Loss: 0.4426746, Val Acc: 0.8059914
Epoch: 871, Train Loss: 0.3989755, Train Acc: 0.8187991, Val Loss: 0.4375456, Val Acc: 0.8131241
Epoch: 872, Train Loss: 0.3930753, Train Acc: 0.8095068, Val Loss: 0.4366715, Val Acc: 0.8017118
Epoch: 873, Train Loss: 0.3837329, Train Acc: 0.8162974, Val Loss: 0.4207235, Val Acc: 0.8131241
Epoch: 874, Train Loss: 0.3607307, Train Acc: 0.8220157, Val Loss: 0.4552797, Val Acc: 0.8017118
Epoch: 875, Train Loss: 0.3953925, Train Acc: 0.8148678, Val Loss: 0.4167713, Val Acc: 0.8002853
Epoch: 876, Train Loss: 0.3964717, Train Acc: 0.8166548, Val Loss: 0.4227601, Val Acc: 0.8174037
Epoch: 877, Train Loss: 0.3891476, Train Acc: 0.8152252, Val Loss: 0.4469857, Val Acc: 0.8116976
Epoch: 878, Train Loss: 0.3855645, Train Acc: 0.8148678, Val Loss: 0.4249699, Val Acc: 0.8059914
Epoch: 879, Train Loss: 0.3916922, Train Acc: 0.8187991, Val Loss: 0.4100939, Val Acc: 0.8245364
Epoch: 880, Train Loss: 0.3906421, Train Acc: 0.8159400, Val Loss: 0.4512882, Val Acc: 0.7931526
Epoch: 881, Train Loss: 0.3898042, Train Acc: 0.8137956, Val Loss: 0.4218045, Val Acc: 0.8102710
Epoch: 882, Train Loss: 0.3975584, Train Acc: 0.8141530, Val Loss: 0.4264139, Val Acc: 0.8059914
Epoch: 883, Train Loss: 0.3938941, Train Acc: 0.8073624, Val Loss: 0.4287822, Val Acc: 0.8102710
Epoch: 884, Train Loss: 0.3878720, Train Acc: 0.8162974, Val Loss: 0.4448492, Val Acc: 0.8002853
Epoch: 885, Train Loss: 0.3867230, Train Acc: 0.8198713, Val Loss: 0.4086305, Val Acc: 0.7917261
Epoch: 886, Train Loss: 0.3912561, Train Acc: 0.8155826, Val Loss: 0.4653532, Val Acc: 0.7960057
Epoch: 887, Train Loss: 0.3941189, Train Acc: 0.8134382, Val Loss: 0.4466845, Val Acc: 0.8059914
Epoch: 888, Train Loss: 0.4010123, Train Acc: 0.8102216, Val Loss: 0.4260006, Val Acc: 0.7888730
Epoch: 889, Train Loss: 0.3865438, Train Acc: 0.8191565, Val Loss: 0.4172270, Val Acc: 0.7945792
Epoch: 890, Train Loss: 0.3703620, Train Acc: 0.8234453, Val Loss: 0.4378303, Val Acc: 0.8102710
Epoch: 891, Train Loss: 0.3832989, Train Acc: 0.8230879, Val Loss: 0.4367195, Val Acc: 0.7960057
Epoch: 892, Train Loss: 0.4045607, Train Acc: 0.8095068, Val Loss: 0.4548739, Val Acc: 0.7646220
Epoch: 893, Train Loss: 0.3938780, Train Acc: 0.8102216, Val Loss: 0.4470418, Val Acc: 0.7845934
Epoch: 894, Train Loss: 0.3925597, Train Acc: 0.8187991, Val Loss: 0.4422262, Val Acc: 0.8017118
Epoch: 895, Train Loss: 0.3889535, Train Acc: 0.8159400, Val Loss: 0.4417540, Val Acc: 0.7917261
Epoch: 896, Train Loss: 0.3784855, Train Acc: 0.8216583, Val Loss: 0.4137401, Val Acc: 0.8017118
Epoch: 897, Train Loss: 0.3882849, Train Acc: 0.8123660, Val Loss: 0.4284466, Val Acc: 0.8045649
Epoch: 898, Train Loss: 0.3641472, Train Acc: 0.8320229, Val Loss: 0.4730879, Val Acc: 0.8017118
Epoch: 899, Train Loss: 0.3892498, Train Acc: 0.8087920, Val Loss: 0.4531303, Val Acc: 0.8231098
Epoch: 900, Train Loss: 0.3945142, Train Acc: 0.8173695, Val Loss: 0.4130362, Val Acc: 0.8302425
Epoch: 901, Train Loss: 0.3905917, Train Acc: 0.8148678, Val Loss: 0.4063642, Val Acc: 0.8116976
Epoch: 902, Train Loss: 0.3880903, Train Acc: 0.8177269, Val Loss: 0.4183785, Val Acc: 0.8059914
Epoch: 903, Train Loss: 0.3910094, Train Acc: 0.8198713, Val Loss: 0.4207237, Val Acc: 0.8216833
Epoch: 904, Train Loss: 0.3894316, Train Acc: 0.8170122, Val Loss: 0.4186252, Val Acc: 0.8017118
Epoch: 905, Train Loss: 0.3964010, Train Acc: 0.8077198, Val Loss: 0.4258808, Val Acc: 0.8116976
Epoch: 906, Train Loss: 0.3933637, Train Acc: 0.8223731, Val Loss: 0.4383855, Val Acc: 0.7902996
Epoch: 907, Train Loss: 0.3949424, Train Acc: 0.8095068, Val Loss: 0.4438575, Val Acc: 0.8031384
Epoch: 908, Train Loss: 0.3909296, Train Acc: 0.8091494, Val Loss: 0.4249941, Val Acc: 0.8045649
Epoch: 909, Train Loss: 0.4162543, Train Acc: 0.8037884, Val Loss: 0.4079281, Val Acc: 0.8074180
Epoch: 910, Train Loss: 0.3905876, Train Acc: 0.8177269, Val Loss: 0.4193427, Val Acc: 0.8188302
Epoch: 911, Train Loss: 0.3784297, Train Acc: 0.8270193, Val Loss: 0.4268884, Val Acc: 0.8059914
Epoch: 912, Train Loss: 0.3912351, Train Acc: 0.8187991, Val Loss: 0.4645155, Val Acc: 0.7931526
Epoch: 913, Train Loss: 0.3845398, Train Acc: 0.8162974, Val Loss: 0.4477043, Val Acc: 0.8017118
Epoch: 914, Train Loss: 0.4049814, Train Acc: 0.8091494, Val Loss: 0.4167810, Val Acc: 0.7974322
Epoch: 915, Train Loss: 0.3907921, Train Acc: 0.8220157, Val Loss: 0.4185856, Val Acc: 0.8045649
Epoch: 916, Train Loss: 0.3986346, Train Acc: 0.7991422, Val Loss: 0.4238095, Val Acc: 0.8159772
Epoch: 917, Train Loss: 0.3929985, Train Acc: 0.8134382, Val Loss: 0.4206185, Val Acc: 0.8145506
Epoch: 918, Train Loss: 0.3967330, Train Acc: 0.8127234, Val Loss: 0.4433432, Val Acc: 0.7960057
Epoch: 919, Train Loss: 0.4017432, Train Acc: 0.8020014, Val Loss: 0.4292067, Val Acc: 0.8102710
Epoch: 920, Train Loss: 0.3977975, Train Acc: 0.8105790, Val Loss: 0.4265000, Val Acc: 0.7902996
Epoch: 921, Train Loss: 0.3814929, Train Acc: 0.8148678, Val Loss: 0.4438311, Val Acc: 0.7902996
Epoch: 922, Train Loss: 0.3893029, Train Acc: 0.8120086, Val Loss: 0.4277302, Val Acc: 0.8102710
Epoch: 923, Train Loss: 0.3734838, Train Acc: 0.8259471, Val Loss: 0.4287535, Val Acc: 0.8116976
Epoch: 924, Train Loss: 0.3941940, Train Acc: 0.8077198, Val Loss: 0.4178973, Val Acc: 0.8088445
Epoch: 925, Train Loss: 0.3775731, Train Acc: 0.8220157, Val Loss: 0.4694214, Val Acc: 0.8002853
Epoch: 926, Train Loss: 0.3850526, Train Acc: 0.8145104, Val Loss: 0.4014156, Val Acc: 0.8245364
Epoch: 927, Train Loss: 0.3973462, Train Acc: 0.8134382, Val Loss: 0.3906323, Val Acc: 0.8273894
Epoch: 928, Train Loss: 0.3979397, Train Acc: 0.8127234, Val Loss: 0.4243645, Val Acc: 0.8174037
Epoch: 929, Train Loss: 0.3894191, Train Acc: 0.8134382, Val Loss: 0.4397500, Val Acc: 0.8002853
Epoch: 930, Train Loss: 0.4001440, Train Acc: 0.8112938, Val Loss: 0.4273920, Val Acc: 0.7988588
Epoch: 931, Train Loss: 0.3913214, Train Acc: 0.8130808, Val Loss: 0.4451686, Val Acc: 0.8145506
Epoch: 932, Train Loss: 0.3932080, Train Acc: 0.8177269, Val Loss: 0.4311247, Val Acc: 0.8031384
Epoch: 933, Train Loss: 0.3982371, Train Acc: 0.8148678, Val Loss: 0.4052353, Val Acc: 0.8159772
Epoch: 934, Train Loss: 0.3936067, Train Acc: 0.8191565, Val Loss: 0.4137142, Val Acc: 0.8202568
Epoch: 935, Train Loss: 0.3867715, Train Acc: 0.8145104, Val Loss: 0.4259679, Val Acc: 0.8031384
Epoch: 936, Train Loss: 0.3929971, Train Acc: 0.8166548, Val Loss: 0.4226679, Val Acc: 0.8131241
Epoch: 937, Train Loss: 0.3967218, Train Acc: 0.8202287, Val Loss: 0.4384303, Val Acc: 0.8074180
Epoch: 938, Train Loss: 0.3776256, Train Acc: 0.8148678, Val Loss: 0.4330803, Val Acc: 0.8045649
Epoch: 939, Train Loss: 0.3949732, Train Acc: 0.8084346, Val Loss: 0.4237957, Val Acc: 0.8102710
Epoch: 940, Train Loss: 0.3902920, Train Acc: 0.8137956, Val Loss: 0.4179432, Val Acc: 0.8102710
Epoch: 941, Train Loss: 0.3906802, Train Acc: 0.8180843, Val Loss: 0.4408604, Val Acc: 0.8074180
Epoch: 942, Train Loss: 0.3842445, Train Acc: 0.8234453, Val Loss: 0.4259295, Val Acc: 0.8045649
Epoch: 943, Train Loss: 0.3882004, Train Acc: 0.8159400, Val Loss: 0.4267188, Val Acc: 0.7988588
Epoch: 944, Train Loss: 0.3940931, Train Acc: 0.8120086, Val Loss: 0.4457223, Val Acc: 0.8116976
Epoch: 945, Train Loss: 0.3967565, Train Acc: 0.8216583, Val Loss: 0.4242700, Val Acc: 0.7988588
Epoch: 946, Train Loss: 0.3856090, Train Acc: 0.8177269, Val Loss: 0.4010745, Val Acc: 0.8102710
Epoch: 947, Train Loss: 0.3934414, Train Acc: 0.8187991, Val Loss: 0.4371964, Val Acc: 0.7860200
Epoch: 948, Train Loss: 0.3853665, Train Acc: 0.8162974, Val Loss: 0.4256089, Val Acc: 0.8017118
Epoch: 949, Train Loss: 0.3772922, Train Acc: 0.8259471, Val Loss: 0.4169459, Val Acc: 0.8131241
Epoch: 950, Train Loss: 0.3926595, Train Acc: 0.8170122, Val Loss: 0.4355034, Val Acc: 0.8116976
Epoch: 951, Train Loss: 0.3778725, Train Acc: 0.8280915, Val Loss: 0.4033000, Val Acc: 0.8188302
Epoch: 952, Train Loss: 0.3825744, Train Acc: 0.8309507, Val Loss: 0.4295069, Val Acc: 0.8002853
Epoch: 953, Train Loss: 0.3886149, Train Acc: 0.8234453, Val Loss: 0.4344400, Val Acc: 0.8002853
Epoch: 954, Train Loss: 0.3843097, Train Acc: 0.8295211, Val Loss: 0.4411620, Val Acc: 0.8031384
Epoch: 955, Train Loss: 0.3906049, Train Acc: 0.8166548, Val Loss: 0.4045406, Val Acc: 0.8116976
Epoch: 956, Train Loss: 0.3928404, Train Acc: 0.8148678, Val Loss: 0.4179828, Val Acc: 0.8074180
Epoch: 957, Train Loss: 0.3809966, Train Acc: 0.8238027, Val Loss: 0.4453286, Val Acc: 0.8102710
Epoch: 958, Train Loss: 0.4004248, Train Acc: 0.8170122, Val Loss: 0.4078065, Val Acc: 0.8131241
Epoch: 959, Train Loss: 0.3777225, Train Acc: 0.8220157, Val Loss: 0.4100450, Val Acc: 0.8131241
Epoch: 960, Train Loss: 0.3830268, Train Acc: 0.8184417, Val Loss: 0.4665943, Val Acc: 0.7960057
Epoch: 961, Train Loss: 0.3775168, Train Acc: 0.8234453, Val Loss: 0.4145908, Val Acc: 0.8116976
Epoch: 962, Train Loss: 0.4071698, Train Acc: 0.8077198, Val Loss: 0.4295692, Val Acc: 0.8088445
Epoch: 963, Train Loss: 0.3860004, Train Acc: 0.8198713, Val Loss: 0.4332815, Val Acc: 0.8045649
Epoch: 964, Train Loss: 0.3902761, Train Acc: 0.8162974, Val Loss: 0.4271149, Val Acc: 0.8002853
Epoch: 965, Train Loss: 0.3871176, Train Acc: 0.8084346, Val Loss: 0.4255234, Val Acc: 0.8045649
Epoch: 966, Train Loss: 0.3864107, Train Acc: 0.8137956, Val Loss: 0.4223795, Val Acc: 0.7902996
Epoch: 967, Train Loss: 0.3736202, Train Acc: 0.8248749, Val Loss: 0.4573665, Val Acc: 0.8116976
Epoch: 968, Train Loss: 0.3915885, Train Acc: 0.8095068, Val Loss: 0.4738870, Val Acc: 0.7803138
Epoch: 969, Train Loss: 0.3873091, Train Acc: 0.8162974, Val Loss: 0.4477588, Val Acc: 0.7845934
Epoch: 970, Train Loss: 0.3938827, Train Acc: 0.8159400, Val Loss: 0.3904574, Val Acc: 0.8259629
Epoch: 971, Train Loss: 0.4002447, Train Acc: 0.8087920, Val Loss: 0.4254498, Val Acc: 0.8088445
Epoch: 972, Train Loss: 0.3960889, Train Acc: 0.8130808, Val Loss: 0.4218461, Val Acc: 0.7945792
Epoch: 973, Train Loss: 0.3897577, Train Acc: 0.8170122, Val Loss: 0.4073161, Val Acc: 0.8131241
Epoch: 974, Train Loss: 0.3841570, Train Acc: 0.8177269, Val Loss: 0.4512824, Val Acc: 0.8273894
Epoch: 975, Train Loss: 0.3864074, Train Acc: 0.8130808, Val Loss: 0.4170315, Val Acc: 0.8145506
Epoch: 976, Train Loss: 0.3908873, Train Acc: 0.8245175, Val Loss: 0.4336632, Val Acc: 0.8002853
Epoch: 977, Train Loss: 0.3880910, Train Acc: 0.8205861, Val Loss: 0.4140111, Val Acc: 0.8045649
Epoch: 978, Train Loss: 0.3841654, Train Acc: 0.8202287, Val Loss: 0.4580812, Val Acc: 0.7917261
Epoch: 979, Train Loss: 0.3838010, Train Acc: 0.8216583, Val Loss: 0.4193998, Val Acc: 0.8031384
Epoch: 980, Train Loss: 0.3935165, Train Acc: 0.8123660, Val Loss: 0.4076483, Val Acc: 0.8245364
Epoch: 981, Train Loss: 0.3849791, Train Acc: 0.8166548, Val Loss: 0.4279200, Val Acc: 0.8145506
Epoch: 982, Train Loss: 0.4011211, Train Acc: 0.8023588, Val Loss: 0.4177836, Val Acc: 0.8188302
Epoch: 983, Train Loss: 0.3934481, Train Acc: 0.8130808, Val Loss: 0.4883640, Val Acc: 0.7888730
Epoch: 984, Train Loss: 0.3875132, Train Acc: 0.8170122, Val Loss: 0.5066533, Val Acc: 0.7860200
Epoch: 985, Train Loss: 0.3856215, Train Acc: 0.8230879, Val Loss: 0.4340474, Val Acc: 0.8102710
Epoch: 986, Train Loss: 0.3888704, Train Acc: 0.8084346, Val Loss: 0.4147760, Val Acc: 0.7945792
Epoch: 987, Train Loss: 0.3898798, Train Acc: 0.8227305, Val Loss: 0.4112741, Val Acc: 0.8031384
Epoch: 988, Train Loss: 0.3732072, Train Acc: 0.8234453, Val Loss: 0.4414843, Val Acc: 0.8102710
Epoch: 989, Train Loss: 0.3864519, Train Acc: 0.8152252, Val Loss: 0.4216604, Val Acc: 0.8245364
Epoch: 990, Train Loss: 0.3945142, Train Acc: 0.8187991, Val Loss: 0.4244168, Val Acc: 0.8088445
Epoch: 991, Train Loss: 0.3872215, Train Acc: 0.8127234, Val Loss: 0.4613903, Val Acc: 0.7860200
Epoch: 992, Train Loss: 0.3810349, Train Acc: 0.8166548, Val Loss: 0.4258829, Val Acc: 0.8159772
Epoch: 993, Train Loss: 0.3907553, Train Acc: 0.8180843, Val Loss: 0.3918354, Val Acc: 0.8174037
Epoch: 994, Train Loss: 0.3912340, Train Acc: 0.8205861, Val Loss: 0.4202304, Val Acc: 0.8174037
Epoch: 995, Train Loss: 0.3805879, Train Acc: 0.8173695, Val Loss: 0.4412783, Val Acc: 0.7988588
Epoch: 996, Train Loss: 0.3792410, Train Acc: 0.8198713, Val Loss: 0.4263715, Val Acc: 0.8045649
Epoch: 997, Train Loss: 0.3958336, Train Acc: 0.8116512, Val Loss: 0.3987554, Val Acc: 0.8174037
Epoch: 998, Train Loss: 0.3813494, Train Acc: 0.8259471, Val Loss: 0.4543145, Val Acc: 0.8017118
Epoch: 999, Train Loss: 0.3860519, Train Acc: 0.8141530, Val Loss: 0.4246233, Val Acc: 0.8330956
Epoch: 1000, Train Loss: 0.4033175, Train Acc: 0.8112938, Val Loss: 0.4318590, Val Acc: 0.8216833
results at minimum val loss:
{'train_loss': 0.39388272306050376, 'train_acc': 0.815939957112223, 'val_loss': 0.39045739434287485, 'val_acc': 0.8259629101283881}
